<?xml version="1.0" encoding="UTF-8"?>
<testsuites name="Verify_Social_Icon" time="18.956" tests="3" failures="0" errors="0">
   <testsuite name="Verify_Social_Icon" tests="3" failures="0" errors="0" time="18.956" skipped="0" timestamp="28-05-2024T21:07:39" hostname="PC - DESKTOP-EVNNDTO" id="Test Suites/CURA Healthcare/Verify_Social_Icon">
      <properties>
         <property name="deviceName" value=""/>
         <property name="devicePlatform" value=""/>
         <property name="logFolder" value="C:\\Users\\PC\\git\\katalon-first-project\\Reports\\20240528_210714\\CURA Healthcare\\Verify_Social_Icon\\20240528_210721"/>
         <property name="logFiles" value="C:\\Users\\PC\\git\\katalon-first-project\\Reports\\20240528_210714\\CURA Healthcare\\Verify_Social_Icon\\20240528_210721\\execution0.log"/>
         <property name="attachments" value=""/>
         <property name="hostName" value="PC - DESKTOP-EVNNDTO"/>
         <property name="os" value="Windows 11 64bit"/>
         <property name="katalonVersion" value="9.4.0.212"/>
         <property name="browser" value="Chrome 125.0.0.0"/>
         <property name="hostAddress" value="192.168.1.156"/>
         <property name="sessionId" value="37e3cfde460288f076a43629d1995baa"/>
         <property name="seleniumVersion" value="3.141.59"/>
         <property name="proxyInformation" value="ProxyInformation { proxyOption=NO_PROXY, proxyServerType=HTTP, username=, password=********, proxyServerAddress=, proxyServerPort=0, executionList=&quot;&quot;, isApplyToDesiredCapabilities=true }"/>
         <property name="platform" value="Windows 11"/>
      </properties>
      <testcase name="Test Cases/CURA Healthcare/Verify_Dribbble_Ico" time="8.715" classname="Test Cases/CURA Healthcare/Verify_Dribbble_Ico" status="PASSED">
         <system-out><![CDATA[28-05-2024T21:07:40 - [TEST_CASE][PASSED] - Test Cases/CURA Healthcare/Verify_Dribbble_Ico: Test Cases/CURA Healthcare/Verify_Dribbble_Ico

28-05-2024T21:07:41 - [TEST_STEP][PASSED] - openBrowser(""): Browser is opened with url: ''

28-05-2024T21:07:41 - [MESSAGE][INFO] - Starting 'Chrome' driver

28-05-2024T21:07:41 - [MESSAGE][INFO] - Action delay is set to 0 milliseconds

28-05-2024T21:07:44 - [MESSAGE][PASSED] - Browser is opened with url: ''

28-05-2024T21:07:44 - [TEST_STEP][PASSED] - navigateToUrl("https://katalon-demo-cura.herokuapp.com/"): Navigate to 'https://katalon-demo-cura.herokuapp.com/' successfully

28-05-2024T21:07:45 - [MESSAGE][PASSED] - Navigate to 'https://katalon-demo-cura.herokuapp.com/' successfully

28-05-2024T21:07:45 - [TEST_STEP][PASSED] - verifyElementPresent(findTestObject("Page_CURA Healthcare Service/i_infokatalon.com_fa fa-dribbble fa-fw fa-3x"), 0): Object 'Object Repository/Page_CURA Healthcare Service/i_infokatalon.com_fa fa-dribbble fa-fw fa-3x' is present

28-05-2024T21:07:46 - [MESSAGE][WARNING] - Timeout '0' is invalid. Using default page load timeout: '30'

28-05-2024T21:07:48 - [MESSAGE][PASSED] - Object 'Object Repository/Page_CURA Healthcare Service/i_infokatalon.com_fa fa-dribbble fa-fw fa-3x' is present

28-05-2024T21:07:48 - [TEST_STEP][PASSED] - closeBrowser(): Browser is closed

28-05-2024T21:07:49 - [MESSAGE][PASSED] - Browser is closed]]></system-out>
         <system-err><![CDATA[]]></system-err>
      </testcase>
      <testcase name="Test Cases/CURA Healthcare/Verify_Facebook_Ico" time="4.799" classname="Test Cases/CURA Healthcare/Verify_Facebook_Ico" status="PASSED">
         <system-out><![CDATA[28-05-2024T21:07:49 - [TEST_CASE][PASSED] - Test Cases/CURA Healthcare/Verify_Facebook_Ico: Test Cases/CURA Healthcare/Verify_Facebook_Ico

28-05-2024T21:07:49 - [TEST_STEP][PASSED] - openBrowser(""): Browser is opened with url: ''

28-05-2024T21:07:49 - [MESSAGE][INFO] - Starting 'Chrome' driver

28-05-2024T21:07:49 - [MESSAGE][INFO] - Action delay is set to 0 milliseconds

28-05-2024T21:07:50 - [MESSAGE][PASSED] - Browser is opened with url: ''

28-05-2024T21:07:50 - [TEST_STEP][PASSED] - navigateToUrl("https://katalon-demo-cura.herokuapp.com/"): Navigate to 'https://katalon-demo-cura.herokuapp.com/' successfully

28-05-2024T21:07:51 - [MESSAGE][PASSED] - Navigate to 'https://katalon-demo-cura.herokuapp.com/' successfully

28-05-2024T21:07:51 - [TEST_STEP][PASSED] - verifyElementPresent(findTestObject("Object Repository/Page_CURA Healthcare Service/i_infokatalon.com_fa fa-facebook fa-fw fa-3x"), 0): Object 'Object Repository/Page_CURA Healthcare Service/i_infokatalon.com_fa fa-facebook fa-fw fa-3x' is present

28-05-2024T21:07:51 - [MESSAGE][WARNING] - Timeout '0' is invalid. Using default page load timeout: '30'

28-05-2024T21:07:53 - [MESSAGE][PASSED] - Object 'Object Repository/Page_CURA Healthcare Service/i_infokatalon.com_fa fa-facebook fa-fw fa-3x' is present

28-05-2024T21:07:53 - [TEST_STEP][PASSED] - closeBrowser(): Browser is closed

28-05-2024T21:07:53 - [MESSAGE][PASSED] - Browser is closed]]></system-out>
         <system-err><![CDATA[]]></system-err>
      </testcase>
      <testcase name="Test Cases/CURA Healthcare/Verify_Twitter_Ico" time="4.532" classname="Test Cases/CURA Healthcare/Verify_Twitter_Ico" status="PASSED">
         <system-out><![CDATA[28-05-2024T21:07:53 - [TEST_CASE][PASSED] - Test Cases/CURA Healthcare/Verify_Twitter_Ico: Test Cases/CURA Healthcare/Verify_Twitter_Ico

28-05-2024T21:07:53 - [TEST_STEP][PASSED] - openBrowser(""): Browser is opened with url: ''

28-05-2024T21:07:53 - [MESSAGE][INFO] - Starting 'Chrome' driver

28-05-2024T21:07:53 - [MESSAGE][INFO] - Action delay is set to 0 milliseconds

28-05-2024T21:07:54 - [MESSAGE][PASSED] - Browser is opened with url: ''

28-05-2024T21:07:54 - [TEST_STEP][PASSED] - navigateToUrl("https://katalon-demo-cura.herokuapp.com/"): Navigate to 'https://katalon-demo-cura.herokuapp.com/' successfully

28-05-2024T21:07:57 - [MESSAGE][PASSED] - Navigate to 'https://katalon-demo-cura.herokuapp.com/' successfully

28-05-2024T21:07:57 - [TEST_STEP][PASSED] - verifyElementPresent(findTestObject("Object Repository/Page_CURA Healthcare Service/i_infokatalon.com_fa fa-facebook fa-fw fa-3x"), 0): Object 'Object Repository/Page_CURA Healthcare Service/i_infokatalon.com_fa fa-facebook fa-fw fa-3x' is present

28-05-2024T21:07:57 - [MESSAGE][WARNING] - Timeout '0' is invalid. Using default page load timeout: '30'

28-05-2024T21:07:58 - [MESSAGE][PASSED] - Object 'Object Repository/Page_CURA Healthcare Service/i_infokatalon.com_fa fa-facebook fa-fw fa-3x' is present

28-05-2024T21:07:58 - [TEST_STEP][PASSED] - closeBrowser(): Browser is closed

28-05-2024T21:07:58 - [MESSAGE][PASSED] - Browser is closed]]></system-out>
         <system-err><![CDATA[]]></system-err>
      </testcase>
      <system-out><![CDATA[28-05-2024T21:07:39 - [TEST_SUITE][PASSED] - Verify_Social_Icon: Test Cases/CURA Healthcare/Verify_Twitter_Ico]]></system-out>
      <system-err><![CDATA[]]></system-err>
   </testsuite>
</testsuites>
