<?xml version="1.0" encoding="UTF-8"?>
<testsuites name="New Test Suite Collection" time="51.515" tests="35" failures="0" errors="0">
   <testsuite name="Smock_Test" tests="2" failures="0" errors="0" time="18.005" skipped="0" timestamp="29-05-2024T22:18:33" hostname="PC - DESKTOP-EVNNDTO" id="Test Suites/CURA Healthcare/Smock_Test">
      <properties>
         <property name="deviceName" value=""/>
         <property name="devicePlatform" value=""/>
         <property name="logFolder" value="C:\\Users\\PC\\git\\katalon-first-project\\Reports\\20240529_221809\\CURA Healthcare\\Smock_Test\\20240529_221810"/>
         <property name="logFiles" value="C:\\Users\\PC\\git\\katalon-first-project\\Reports\\20240529_221809\\CURA Healthcare\\Smock_Test\\20240529_221810\\execution0.log"/>
         <property name="attachments" value=""/>
         <property name="hostName" value="PC - DESKTOP-EVNNDTO"/>
         <property name="os" value="Windows 11 64bit"/>
         <property name="katalonVersion" value="9.4.0.212"/>
         <property name="browser" value="Chrome 125.0.0.0"/>
         <property name="hostAddress" value="192.168.1.156"/>
         <property name="sessionId" value="5af7f989334e14a56bbf9c49aeb1de44"/>
         <property name="seleniumVersion" value="3.141.59"/>
         <property name="proxyInformation" value="ProxyInformation { proxyOption=NO_PROXY, proxyServerType=HTTP, username=, password=********, proxyServerAddress=, proxyServerPort=0, executionList=&quot;&quot;, isApplyToDesiredCapabilities=true }"/>
         <property name="platform" value="Windows 11"/>
      </properties>
      <testcase name="Test Cases/CURA Healthcare/Verify_All_Element_After_Clicking_Appointment_Button" time="9.738" classname="Test Cases/CURA Healthcare/Verify_All_Element_After_Clicking_Appointment_Button" status="PASSED">
         <system-out><![CDATA[29-05-2024T22:18:33 - [TEST_CASE][PASSED] - Test Cases/CURA Healthcare/Verify_All_Element_After_Clicking_Appointment_Button: Test Cases/CURA Healthcare/Verify_All_Element_After_Clicking_Appointment_Button

29-05-2024T22:18:33 - [TEST_STEP][PASSED] - openBrowser(""): Browser is opened with url: ''

29-05-2024T22:18:34 - [MESSAGE][INFO] - Starting 'Chrome' driver

29-05-2024T22:18:34 - [MESSAGE][INFO] - Action delay is set to 0 milliseconds

29-05-2024T22:18:35 - [MESSAGE][PASSED] - Browser is opened with url: ''

29-05-2024T22:18:35 - [TEST_STEP][PASSED] - navigateToUrl("https://katalon-demo-cura.herokuapp.com/"): Navigate to 'https://katalon-demo-cura.herokuapp.com/' successfully

29-05-2024T22:18:38 - [MESSAGE][PASSED] - Navigate to 'https://katalon-demo-cura.herokuapp.com/' successfully

29-05-2024T22:18:38 - [TEST_STEP][PASSED] - click(findTestObject("Object Repository/Page_CURA Healthcare Service/a_Make Appointment")): Object: 'Object Repository/Page_CURA Healthcare Service/a_Make Appointment' is clicked on

29-05-2024T22:18:40 - [MESSAGE][PASSED] - Object: 'Object Repository/Page_CURA Healthcare Service/a_Make Appointment' is clicked on

29-05-2024T22:18:40 - [TEST_STEP][PASSED] - verifyElementText(findTestObject("Object Repository/Page_CURA Healthcare Service/h1_CURA Healthcare Service"), "CURA Healthcare Service"): Actual text and expected text of test object 'Object Repository/Page_CURA Healthcare Service/h1_CURA Healthcare Service' are matched.

29-05-2024T22:18:40 - [MESSAGE][PASSED] - Actual text and expected text of test object 'Object Repository/Page_CURA Healthcare Service/h1_CURA Healthcare Service' are matched.

29-05-2024T22:18:40 - [TEST_STEP][PASSED] - verifyElementText(findTestObject("Object Repository/Page_CURA Healthcare Service/h3_We Care About Your Health"), "We Care About Your Health"): Actual text and expected text of test object 'Object Repository/Page_CURA Healthcare Service/h3_We Care About Your Health' are matched.

29-05-2024T22:18:41 - [MESSAGE][PASSED] - Actual text and expected text of test object 'Object Repository/Page_CURA Healthcare Service/h3_We Care About Your Health' are matched.

29-05-2024T22:18:41 - [TEST_STEP][PASSED] - verifyElementText(findTestObject("Object Repository/Page_CURA Healthcare Service/h2_Login"), "Login"): Actual text and expected text of test object 'Object Repository/Page_CURA Healthcare Service/h2_Login' are matched.

29-05-2024T22:18:41 - [MESSAGE][PASSED] - Actual text and expected text of test object 'Object Repository/Page_CURA Healthcare Service/h2_Login' are matched.

29-05-2024T22:18:41 - [TEST_STEP][PASSED] - verifyElementText(findTestObject("Object Repository/Page_CURA Healthcare Service/p_Please login to make appointment"), "Please login to make appointment."): Actual text and expected text of test object 'Object Repository/Page_CURA Healthcare Service/p_Please login to make appointment' are matched.

29-05-2024T22:18:41 - [MESSAGE][PASSED] - Actual text and expected text of test object 'Object Repository/Page_CURA Healthcare Service/p_Please login to make appointment' are matched.

29-05-2024T22:18:41 - [TEST_STEP][PASSED] - verifyElementVisible(findTestObject("Object Repository/Page_CURA Healthcare Service/input_Username_username")): Object 'Object Repository/Page_CURA Healthcare Service/input_Username_username' is visible

29-05-2024T22:18:42 - [MESSAGE][PASSED] - Object 'Object Repository/Page_CURA Healthcare Service/input_Username_username' is visible

29-05-2024T22:18:42 - [TEST_STEP][PASSED] - verifyElementVisible(findTestObject("Object Repository/Page_CURA Healthcare Service/input_Password_password")): Object 'Object Repository/Page_CURA Healthcare Service/input_Password_password' is visible

29-05-2024T22:18:42 - [MESSAGE][PASSED] - Object 'Object Repository/Page_CURA Healthcare Service/input_Password_password' is visible

29-05-2024T22:18:42 - [TEST_STEP][PASSED] - verifyElementVisible(findTestObject("Object Repository/Page_CURA Healthcare Service/button_Login")): Object 'Object Repository/Page_CURA Healthcare Service/button_Login' is visible

29-05-2024T22:18:43 - [MESSAGE][PASSED] - Object 'Object Repository/Page_CURA Healthcare Service/button_Login' is visible

29-05-2024T22:18:43 - [TEST_STEP][PASSED] - closeBrowser(): Browser is closed

29-05-2024T22:18:43 - [MESSAGE][PASSED] - Browser is closed]]></system-out>
         <system-err><![CDATA[]]></system-err>
      </testcase>
      <testcase name="Test Cases/CURA Healthcare/Verify_All_Elements_Home_Page" time="8.093" classname="Test Cases/CURA Healthcare/Verify_All_Elements_Home_Page" status="PASSED">
         <system-out><![CDATA[29-05-2024T22:18:43 - [TEST_CASE][PASSED] - Test Cases/CURA Healthcare/Verify_All_Elements_Home_Page: Test Cases/CURA Healthcare/Verify_All_Elements_Home_Page

29-05-2024T22:18:43 - [TEST_STEP][PASSED] - openBrowser(""): Browser is opened with url: ''

29-05-2024T22:18:43 - [MESSAGE][INFO] - Starting 'Chrome' driver

29-05-2024T22:18:43 - [MESSAGE][INFO] - Action delay is set to 0 milliseconds

29-05-2024T22:18:44 - [MESSAGE][PASSED] - Browser is opened with url: ''

29-05-2024T22:18:44 - [TEST_STEP][PASSED] - navigateToUrl("https://katalon-demo-cura.herokuapp.com/"): Navigate to 'https://katalon-demo-cura.herokuapp.com/' successfully

29-05-2024T22:18:45 - [MESSAGE][PASSED] - Navigate to 'https://katalon-demo-cura.herokuapp.com/' successfully

29-05-2024T22:18:45 - [TEST_STEP][PASSED] - verifyElementText(findTestObject("Object Repository/Page_CURA Healthcare Service/h1_CURA Healthcare Service"), "CURA Healthcare Service"): Actual text and expected text of test object 'Object Repository/Page_CURA Healthcare Service/h1_CURA Healthcare Service' are matched.

29-05-2024T22:18:48 - [MESSAGE][PASSED] - Actual text and expected text of test object 'Object Repository/Page_CURA Healthcare Service/h1_CURA Healthcare Service' are matched.

29-05-2024T22:18:48 - [TEST_STEP][PASSED] - verifyElementText(findTestObject("Object Repository/Page_CURA Healthcare Service/h3_We Care About Your Health"), "We Care About Your Health"): Actual text and expected text of test object 'Object Repository/Page_CURA Healthcare Service/h3_We Care About Your Health' are matched.

29-05-2024T22:18:48 - [MESSAGE][PASSED] - Actual text and expected text of test object 'Object Repository/Page_CURA Healthcare Service/h3_We Care About Your Health' are matched.

29-05-2024T22:18:48 - [TEST_STEP][PASSED] - verifyElementText(findTestObject("Object Repository/Page_CURA Healthcare Service/a_Make Appointment"), "Make Appointment"): Actual text and expected text of test object 'Object Repository/Page_CURA Healthcare Service/a_Make Appointment' are matched.

29-05-2024T22:18:49 - [MESSAGE][PASSED] - Actual text and expected text of test object 'Object Repository/Page_CURA Healthcare Service/a_Make Appointment' are matched.

29-05-2024T22:18:49 - [TEST_STEP][PASSED] - verifyElementText(findTestObject("Object Repository/Page_CURA Healthcare Service/strong_CURA Healthcare Service"), "CURA Healthcare Service"): Actual text and expected text of test object 'Object Repository/Page_CURA Healthcare Service/strong_CURA Healthcare Service' are matched.

29-05-2024T22:18:49 - [MESSAGE][PASSED] - Actual text and expected text of test object 'Object Repository/Page_CURA Healthcare Service/strong_CURA Healthcare Service' are matched.

29-05-2024T22:18:49 - [TEST_STEP][PASSED] - verifyElementText(findTestObject("Object Repository/Page_CURA Healthcare Service/li_infokatalon.com"), "info@katalon.com"): Actual text and expected text of test object 'Object Repository/Page_CURA Healthcare Service/li_infokatalon.com' are matched.

29-05-2024T22:18:50 - [MESSAGE][PASSED] - Actual text and expected text of test object 'Object Repository/Page_CURA Healthcare Service/li_infokatalon.com' are matched.

29-05-2024T22:18:50 - [TEST_STEP][PASSED] - verifyElementVisible(findTestObject("Object Repository/Page_CURA Healthcare Service/ul_infokatalon.com_list-inline")): Object 'Object Repository/Page_CURA Healthcare Service/ul_infokatalon.com_list-inline' is visible

29-05-2024T22:18:50 - [MESSAGE][PASSED] - Object 'Object Repository/Page_CURA Healthcare Service/ul_infokatalon.com_list-inline' is visible

29-05-2024T22:18:50 - [TEST_STEP][PASSED] - verifyElementText(findTestObject("Object Repository/Page_CURA Healthcare Service/p_Copyright  CURA Healthcare Service 2024"), "Copyright © CURA Healthcare Service 2024"): Actual text and expected text of test object 'Object Repository/Page_CURA Healthcare Service/p_Copyright  CURA Healthcare Service 2024' are matched.

29-05-2024T22:18:51 - [MESSAGE][PASSED] - Actual text and expected text of test object 'Object Repository/Page_CURA Healthcare Service/p_Copyright  CURA Healthcare Service 2024' are matched.

29-05-2024T22:18:51 - [TEST_STEP][PASSED] - closeBrowser(): Browser is closed

29-05-2024T22:18:51 - [MESSAGE][PASSED] - Browser is closed]]></system-out>
         <system-err><![CDATA[]]></system-err>
      </testcase>
      <system-out><![CDATA[29-05-2024T22:18:33 - [TEST_SUITE][PASSED] - Smock_Test: Test Cases/CURA Healthcare/Verify_All_Elements_Home_Page]]></system-out>
      <system-err><![CDATA[]]></system-err>
   </testsuite>
   <testsuite name="Verify_Appointment_Form" tests="8" failures="0" errors="0" time="64.441" skipped="0" timestamp="29-05-2024T22:18:37" hostname="PC - DESKTOP-EVNNDTO" id="Test Suites/CURA Healthcare/Verify_Appointment_Form">
      <properties>
         <property name="deviceName" value=""/>
         <property name="devicePlatform" value=""/>
         <property name="logFolder" value="C:\\Users\\PC\\git\\katalon-first-project\\Reports\\20240529_221809\\CURA Healthcare\\Verify_Appointment_Form\\20240529_221812"/>
         <property name="logFiles" value="C:\\Users\\PC\\git\\katalon-first-project\\Reports\\20240529_221809\\CURA Healthcare\\Verify_Appointment_Form\\20240529_221812\\execution0.log"/>
         <property name="attachments" value=""/>
         <property name="hostName" value="PC - DESKTOP-EVNNDTO"/>
         <property name="os" value="Windows 11 64bit"/>
         <property name="katalonVersion" value="9.4.0.212"/>
         <property name="browser" value="Chrome 125.0.0.0"/>
         <property name="hostAddress" value="192.168.1.156"/>
         <property name="sessionId" value="a4b89331759ebcb4ea51d963d0ee4c5d"/>
         <property name="seleniumVersion" value="3.141.59"/>
         <property name="proxyInformation" value="ProxyInformation { proxyOption=NO_PROXY, proxyServerType=HTTP, username=, password=********, proxyServerAddress=, proxyServerPort=0, executionList=&quot;&quot;, isApplyToDesiredCapabilities=true }"/>
         <property name="platform" value="Windows 11"/>
      </properties>
      <testcase name="Test Cases/CURA Healthcare/Verify_Appointment_Form" time="12.654" classname="Test Cases/CURA Healthcare/Verify_Appointment_Form" status="PASSED">
         <system-out><![CDATA[29-05-2024T22:18:37 - [TEST_CASE][PASSED] - Test Cases/CURA Healthcare/Verify_Appointment_Form: Test Cases/CURA Healthcare/Verify_Appointment_Form

29-05-2024T22:18:37 - [TEST_STEP][PASSED] - openBrowser(""): Browser is opened with url: ''

29-05-2024T22:18:38 - [MESSAGE][INFO] - Starting 'Chrome' driver

29-05-2024T22:18:38 - [MESSAGE][INFO] - Action delay is set to 0 milliseconds

29-05-2024T22:18:39 - [MESSAGE][PASSED] - Browser is opened with url: ''

29-05-2024T22:18:39 - [TEST_STEP][PASSED] - navigateToUrl("https://katalon-demo-cura.herokuapp.com/profile.php#login"): Navigate to 'https://katalon-demo-cura.herokuapp.com/profile.php#login' successfully

29-05-2024T22:18:42 - [MESSAGE][PASSED] - Navigate to 'https://katalon-demo-cura.herokuapp.com/profile.php#login' successfully

29-05-2024T22:18:42 - [TEST_STEP][PASSED] - setText(findTestObject("Object Repository/Page_CURA Healthcare Service/input_Username_username"), "John Doe"): Text 'John Doe' is set on object 'Object Repository/Page_CURA Healthcare Service/input_Username_username'

29-05-2024T22:18:43 - [MESSAGE][PASSED] - Text 'John Doe' is set on object 'Object Repository/Page_CURA Healthcare Service/input_Username_username'

29-05-2024T22:18:43 - [TEST_STEP][PASSED] - setEncryptedText(findTestObject("Object Repository/Page_CURA Healthcare Service/input_Password_password"), "g3/DOGG74jC3Flrr3yH+3D/yKbOqqUNM"): Text ****** has been set on object 'Object Repository/Page_CURA Healthcare Service/input_Password_password'

29-05-2024T22:18:44 - [MESSAGE][PASSED] - Text ****** has been set on object 'Object Repository/Page_CURA Healthcare Service/input_Password_password'

29-05-2024T22:18:44 - [TEST_STEP][PASSED] - click(findTestObject("Object Repository/Page_CURA Healthcare Service/button_Login")): Object: 'Object Repository/Page_CURA Healthcare Service/button_Login' is clicked on

29-05-2024T22:18:45 - [MESSAGE][PASSED] - Object: 'Object Repository/Page_CURA Healthcare Service/button_Login' is clicked on

29-05-2024T22:18:45 - [TEST_STEP][PASSED] - verifyElementVisible(findTestObject("Object Repository/Page_CURA Healthcare Service/div_Make Appointment                       _4e05d4")): Object 'Object Repository/Page_CURA Healthcare Service/div_Make Appointment                       _4e05d4' is visible

29-05-2024T22:18:46 - [MESSAGE][PASSED] - Object 'Object Repository/Page_CURA Healthcare Service/div_Make Appointment                       _4e05d4' is visible

29-05-2024T22:18:46 - [TEST_STEP][PASSED] - verifyElementText(findTestObject("Object Repository/Page_CURA Healthcare Service/h2_Make Appointment"), "Make Appointment"): Actual text and expected text of test object 'Object Repository/Page_CURA Healthcare Service/h2_Make Appointment' are matched.

29-05-2024T22:18:46 - [MESSAGE][PASSED] - Actual text and expected text of test object 'Object Repository/Page_CURA Healthcare Service/h2_Make Appointment' are matched.

29-05-2024T22:18:46 - [TEST_STEP][PASSED] - verifyElementVisible(findTestObject("Object Repository/Page_CURA Healthcare Service/select_Tokyo CURA Healthcare Center        _5b4107")): Object 'Object Repository/Page_CURA Healthcare Service/select_Tokyo CURA Healthcare Center        _5b4107' is visible

29-05-2024T22:18:47 - [MESSAGE][PASSED] - Object 'Object Repository/Page_CURA Healthcare Service/select_Tokyo CURA Healthcare Center        _5b4107' is visible

29-05-2024T22:18:47 - [TEST_STEP][PASSED] - verifyElementVisible(findTestObject("Object Repository/Page_CURA Healthcare Service/div_Medicare                               _cb3988")): Object 'Object Repository/Page_CURA Healthcare Service/div_Medicare                               _cb3988' is visible

29-05-2024T22:18:47 - [MESSAGE][PASSED] - Object 'Object Repository/Page_CURA Healthcare Service/div_Medicare                               _cb3988' is visible

29-05-2024T22:18:47 - [TEST_STEP][PASSED] - verifyElementVisible(findTestObject("Object Repository/Page_CURA Healthcare Service/input_Visit Date (Required)_visit_date")): Object 'Object Repository/Page_CURA Healthcare Service/input_Visit Date (Required)_visit_date' is visible

29-05-2024T22:18:48 - [MESSAGE][PASSED] - Object 'Object Repository/Page_CURA Healthcare Service/input_Visit Date (Required)_visit_date' is visible

29-05-2024T22:18:48 - [TEST_STEP][PASSED] - verifyElementVisible(findTestObject("Object Repository/Page_CURA Healthcare Service/textarea_Comment_comment")): Object 'Object Repository/Page_CURA Healthcare Service/textarea_Comment_comment' is visible

29-05-2024T22:18:48 - [MESSAGE][PASSED] - Object 'Object Repository/Page_CURA Healthcare Service/textarea_Comment_comment' is visible

29-05-2024T22:18:48 - [TEST_STEP][PASSED] - verifyElementVisible(findTestObject("Object Repository/Page_CURA Healthcare Service/button_Book Appointment")): Object 'Object Repository/Page_CURA Healthcare Service/button_Book Appointment' is visible

29-05-2024T22:18:48 - [MESSAGE][PASSED] - Object 'Object Repository/Page_CURA Healthcare Service/button_Book Appointment' is visible

29-05-2024T22:18:48 - [TEST_STEP][PASSED] - closeBrowser(): Browser is closed

29-05-2024T22:18:50 - [MESSAGE][PASSED] - Browser is closed]]></system-out>
         <system-err><![CDATA[]]></system-err>
      </testcase>
      <testcase name="Test Cases/CURA Healthcare/Verify_Appointment_Form_Dropdownlist" time="8.382" classname="Test Cases/CURA Healthcare/Verify_Appointment_Form_Dropdownlist" status="PASSED">
         <system-out><![CDATA[29-05-2024T22:18:50 - [TEST_CASE][PASSED] - Test Cases/CURA Healthcare/Verify_Appointment_Form_Dropdownlist: Test Cases/CURA Healthcare/Verify_Appointment_Form_Dropdownlist

29-05-2024T22:18:50 - [TEST_STEP][PASSED] - openBrowser(""): Browser is opened with url: ''

29-05-2024T22:18:50 - [MESSAGE][INFO] - Starting 'Chrome' driver

29-05-2024T22:18:50 - [MESSAGE][INFO] - Action delay is set to 0 milliseconds

29-05-2024T22:18:51 - [MESSAGE][PASSED] - Browser is opened with url: ''

29-05-2024T22:18:51 - [TEST_STEP][PASSED] - navigateToUrl("https://katalon-demo-cura.herokuapp.com/profile.php#login"): Navigate to 'https://katalon-demo-cura.herokuapp.com/profile.php#login' successfully

29-05-2024T22:18:52 - [MESSAGE][PASSED] - Navigate to 'https://katalon-demo-cura.herokuapp.com/profile.php#login' successfully

29-05-2024T22:18:52 - [TEST_STEP][PASSED] - setText(findTestObject("Object Repository/Page_CURA Healthcare Service/input_Username_username"), "John Doe"): Text 'John Doe' is set on object 'Object Repository/Page_CURA Healthcare Service/input_Username_username'

29-05-2024T22:18:55 - [MESSAGE][PASSED] - Text 'John Doe' is set on object 'Object Repository/Page_CURA Healthcare Service/input_Username_username'

29-05-2024T22:18:55 - [TEST_STEP][PASSED] - setEncryptedText(findTestObject("Object Repository/Page_CURA Healthcare Service/input_Password_password"), "g3/DOGG74jC3Flrr3yH+3D/yKbOqqUNM"): Text ****** has been set on object 'Object Repository/Page_CURA Healthcare Service/input_Password_password'

29-05-2024T22:18:55 - [MESSAGE][PASSED] - Text ****** has been set on object 'Object Repository/Page_CURA Healthcare Service/input_Password_password'

29-05-2024T22:18:55 - [TEST_STEP][PASSED] - sendKeys(findTestObject("Object Repository/Page_CURA Healthcare Service/input_Password_password"), Keys.chord(ENTER)): Keys 'ENTER + ' sent to object: 'Object Repository/Page_CURA Healthcare Service/input_Password_password'

29-05-2024T22:18:56 - [MESSAGE][PASSED] - Keys 'ENTER + ' sent to object: 'Object Repository/Page_CURA Healthcare Service/input_Password_password'

29-05-2024T22:18:56 - [TEST_STEP][PASSED] - selectOptionByValue(findTestObject("Object Repository/Page_CURA Healthcare Service/select_Tokyo CURA Healthcare Center        _5b4107"), "Seoul CURA Healthcare Center", true): All options with value 'Seoul CURA Healthcare Center' are selected in object 'Object Repository/Page_CURA Healthcare Service/select_Tokyo CURA Healthcare Center        _5b4107'  using regular expression

29-05-2024T22:18:57 - [MESSAGE][PASSED] - All options with value 'Seoul CURA Healthcare Center' are selected in object 'Object Repository/Page_CURA Healthcare Service/select_Tokyo CURA Healthcare Center        _5b4107'  using regular expression

29-05-2024T22:18:57 - [TEST_STEP][PASSED] - verifyOptionPresentByValue(findTestObject("Page_CURA Healthcare Service/select_Tokyo CURA Healthcare Center        _5b4107"), "Seoul CURA Healthcare Center", false, 0): 1 option(s) with value 'Seoul CURA Healthcare Center' is/are present on object 'Object Repository/Page_CURA Healthcare Service/select_Tokyo CURA Healthcare Center        _5b4107' 

29-05-2024T22:18:57 - [MESSAGE][WARNING] - Timeout '0' is invalid. Using default page load timeout: '30'

29-05-2024T22:18:58 - [MESSAGE][PASSED] - 1 option(s) with value 'Seoul CURA Healthcare Center' is/are present on object 'Object Repository/Page_CURA Healthcare Service/select_Tokyo CURA Healthcare Center        _5b4107' 

29-05-2024T22:18:58 - [TEST_STEP][PASSED] - closeBrowser(): Browser is closed

29-05-2024T22:18:58 - [MESSAGE][PASSED] - Browser is closed]]></system-out>
         <system-err><![CDATA[]]></system-err>
      </testcase>
      <testcase name="Test Cases/CURA Healthcare/Verify_Appointment_Form_Medical_Program_DateInput" time="7.91" classname="Test Cases/CURA Healthcare/Verify_Appointment_Form_Medical_Program_DateInput" status="PASSED">
         <system-out><![CDATA[29-05-2024T22:18:58 - [TEST_CASE][PASSED] - Test Cases/CURA Healthcare/Verify_Appointment_Form_Medical_Program_DateInput: Test Cases/CURA Healthcare/Verify_Appointment_Form_Medical_Program_DateInput

29-05-2024T22:18:58 - [TEST_STEP][PASSED] - openBrowser(""): Browser is opened with url: ''

29-05-2024T22:18:58 - [MESSAGE][INFO] - Starting 'Chrome' driver

29-05-2024T22:18:58 - [MESSAGE][INFO] - Action delay is set to 0 milliseconds

29-05-2024T22:18:59 - [MESSAGE][PASSED] - Browser is opened with url: ''

29-05-2024T22:18:59 - [TEST_STEP][PASSED] - navigateToUrl("https://katalon-demo-cura.herokuapp.com/profile.php#login"): Navigate to 'https://katalon-demo-cura.herokuapp.com/profile.php#login' successfully

29-05-2024T22:19:02 - [MESSAGE][PASSED] - Navigate to 'https://katalon-demo-cura.herokuapp.com/profile.php#login' successfully

29-05-2024T22:19:02 - [TEST_STEP][PASSED] - setText(findTestObject("Object Repository/Page_CURA Healthcare Service/input_Username_username"), "John Doe"): Text 'John Doe' is set on object 'Object Repository/Page_CURA Healthcare Service/input_Username_username'

29-05-2024T22:19:03 - [MESSAGE][PASSED] - Text 'John Doe' is set on object 'Object Repository/Page_CURA Healthcare Service/input_Username_username'

29-05-2024T22:19:03 - [TEST_STEP][PASSED] - setEncryptedText(findTestObject("Object Repository/Page_CURA Healthcare Service/input_Password_password"), "g3/DOGG74jC3Flrr3yH+3D/yKbOqqUNM"): Text ****** has been set on object 'Object Repository/Page_CURA Healthcare Service/input_Password_password'

29-05-2024T22:19:04 - [MESSAGE][PASSED] - Text ****** has been set on object 'Object Repository/Page_CURA Healthcare Service/input_Password_password'

29-05-2024T22:19:04 - [TEST_STEP][PASSED] - sendKeys(findTestObject("Object Repository/Page_CURA Healthcare Service/input_Password_password"), Keys.chord(ENTER)): Keys 'ENTER + ' sent to object: 'Object Repository/Page_CURA Healthcare Service/input_Password_password'

29-05-2024T22:19:05 - [MESSAGE][PASSED] - Keys 'ENTER + ' sent to object: 'Object Repository/Page_CURA Healthcare Service/input_Password_password'

29-05-2024T22:19:05 - [TEST_STEP][PASSED] - click(findTestObject("Object Repository/Page_CURA Healthcare Service/span_Visit Date (Required)_glyphicon glyphi_cada34")): Object: 'Object Repository/Page_CURA Healthcare Service/span_Visit Date (Required)_glyphicon glyphi_cada34' is clicked on

29-05-2024T22:19:05 - [MESSAGE][PASSED] - Object: 'Object Repository/Page_CURA Healthcare Service/span_Visit Date (Required)_glyphicon glyphi_cada34' is clicked on

29-05-2024T22:19:05 - [TEST_STEP][PASSED] - verifyElementVisible(findTestObject("Object Repository/Page_CURA Healthcare Service/div_May 2024SuMoTuWeThFrSa28293012345678910_5bf531")): Object 'Object Repository/Page_CURA Healthcare Service/div_May 2024SuMoTuWeThFrSa28293012345678910_5bf531' is visible

29-05-2024T22:19:06 - [MESSAGE][PASSED] - Object 'Object Repository/Page_CURA Healthcare Service/div_May 2024SuMoTuWeThFrSa28293012345678910_5bf531' is visible

29-05-2024T22:19:06 - [TEST_STEP][PASSED] - closeBrowser(): Browser is closed

29-05-2024T22:19:06 - [MESSAGE][PASSED] - Browser is closed]]></system-out>
         <system-err><![CDATA[]]></system-err>
      </testcase>
      <testcase name="Test Cases/CURA Healthcare/Verify_Appointment_Form_Medical_Program_Medicaid_Check" time="6.56" classname="Test Cases/CURA Healthcare/Verify_Appointment_Form_Medical_Program_Medicaid_Check" status="PASSED">
         <system-out><![CDATA[29-05-2024T22:19:06 - [TEST_CASE][PASSED] - Test Cases/CURA Healthcare/Verify_Appointment_Form_Medical_Program_Medicaid_Check: Test Cases/CURA Healthcare/Verify_Appointment_Form_Medical_Program_Medicaid_Check

29-05-2024T22:19:06 - [TEST_STEP][PASSED] - openBrowser(""): Browser is opened with url: ''

29-05-2024T22:19:06 - [MESSAGE][INFO] - Starting 'Chrome' driver

29-05-2024T22:19:06 - [MESSAGE][INFO] - Action delay is set to 0 milliseconds

29-05-2024T22:19:07 - [MESSAGE][PASSED] - Browser is opened with url: ''

29-05-2024T22:19:07 - [TEST_STEP][PASSED] - navigateToUrl("https://katalon-demo-cura.herokuapp.com/profile.php#login"): Navigate to 'https://katalon-demo-cura.herokuapp.com/profile.php#login' successfully

29-05-2024T22:19:09 - [MESSAGE][PASSED] - Navigate to 'https://katalon-demo-cura.herokuapp.com/profile.php#login' successfully

29-05-2024T22:19:09 - [TEST_STEP][PASSED] - setText(findTestObject("Object Repository/Page_CURA Healthcare Service/input_Username_username"), "John Doe"): Text 'John Doe' is set on object 'Object Repository/Page_CURA Healthcare Service/input_Username_username'

29-05-2024T22:19:10 - [MESSAGE][PASSED] - Text 'John Doe' is set on object 'Object Repository/Page_CURA Healthcare Service/input_Username_username'

29-05-2024T22:19:10 - [TEST_STEP][PASSED] - setEncryptedText(findTestObject("Object Repository/Page_CURA Healthcare Service/input_Password_password"), "g3/DOGG74jC3Flrr3yH+3D/yKbOqqUNM"): Text ****** has been set on object 'Object Repository/Page_CURA Healthcare Service/input_Password_password'

29-05-2024T22:19:11 - [MESSAGE][PASSED] - Text ****** has been set on object 'Object Repository/Page_CURA Healthcare Service/input_Password_password'

29-05-2024T22:19:11 - [TEST_STEP][PASSED] - sendKeys(findTestObject("Object Repository/Page_CURA Healthcare Service/input_Password_password"), Keys.chord(ENTER)): Keys 'ENTER + ' sent to object: 'Object Repository/Page_CURA Healthcare Service/input_Password_password'

29-05-2024T22:19:11 - [MESSAGE][PASSED] - Keys 'ENTER + ' sent to object: 'Object Repository/Page_CURA Healthcare Service/input_Password_password'

29-05-2024T22:19:11 - [TEST_STEP][PASSED] - click(findTestObject("Object Repository/Page_CURA Healthcare Service/input_Medicaid_programs")): Object: 'Object Repository/Page_CURA Healthcare Service/input_Medicaid_programs' is clicked on

29-05-2024T22:19:12 - [MESSAGE][PASSED] - Object: 'Object Repository/Page_CURA Healthcare Service/input_Medicaid_programs' is clicked on

29-05-2024T22:19:12 - [TEST_STEP][PASSED] - verifyElementPresent(findTestObject("Object Repository/Page_CURA Healthcare Service/input_Medicaid_programs"), 0): Object 'Object Repository/Page_CURA Healthcare Service/input_Medicaid_programs' is present

29-05-2024T22:19:12 - [MESSAGE][WARNING] - Timeout '0' is invalid. Using default page load timeout: '30'

29-05-2024T22:19:12 - [MESSAGE][PASSED] - Object 'Object Repository/Page_CURA Healthcare Service/input_Medicaid_programs' is present

29-05-2024T22:19:12 - [TEST_STEP][PASSED] - closeBrowser(): Browser is closed

29-05-2024T22:19:12 - [MESSAGE][PASSED] - Browser is closed]]></system-out>
         <system-err><![CDATA[]]></system-err>
      </testcase>
      <testcase name="Test Cases/CURA Healthcare/Verify_Appointment_Form_Medical_Program_Medicare_Default_Check" time="6.209" classname="Test Cases/CURA Healthcare/Verify_Appointment_Form_Medical_Program_Medicare_Default_Check" status="PASSED">
         <system-out><![CDATA[29-05-2024T22:19:12 - [TEST_CASE][PASSED] - Test Cases/CURA Healthcare/Verify_Appointment_Form_Medical_Program_Medicare_Default_Check: Test Cases/CURA Healthcare/Verify_Appointment_Form_Medical_Program_Medicare_Default_Check

29-05-2024T22:19:12 - [TEST_STEP][PASSED] - openBrowser(""): Browser is opened with url: ''

29-05-2024T22:19:13 - [MESSAGE][INFO] - Starting 'Chrome' driver

29-05-2024T22:19:13 - [MESSAGE][INFO] - Action delay is set to 0 milliseconds

29-05-2024T22:19:13 - [MESSAGE][PASSED] - Browser is opened with url: ''

29-05-2024T22:19:13 - [TEST_STEP][PASSED] - navigateToUrl("https://katalon-demo-cura.herokuapp.com/profile.php#login"): Navigate to 'https://katalon-demo-cura.herokuapp.com/profile.php#login' successfully

29-05-2024T22:19:16 - [MESSAGE][PASSED] - Navigate to 'https://katalon-demo-cura.herokuapp.com/profile.php#login' successfully

29-05-2024T22:19:16 - [TEST_STEP][PASSED] - setText(findTestObject("Object Repository/Page_CURA Healthcare Service/input_Username_username"), "John Doe"): Text 'John Doe' is set on object 'Object Repository/Page_CURA Healthcare Service/input_Username_username'

29-05-2024T22:19:17 - [MESSAGE][PASSED] - Text 'John Doe' is set on object 'Object Repository/Page_CURA Healthcare Service/input_Username_username'

29-05-2024T22:19:17 - [TEST_STEP][PASSED] - setEncryptedText(findTestObject("Object Repository/Page_CURA Healthcare Service/input_Password_password"), "g3/DOGG74jC3Flrr3yH+3D/yKbOqqUNM"): Text ****** has been set on object 'Object Repository/Page_CURA Healthcare Service/input_Password_password'

29-05-2024T22:19:17 - [MESSAGE][PASSED] - Text ****** has been set on object 'Object Repository/Page_CURA Healthcare Service/input_Password_password'

29-05-2024T22:19:17 - [TEST_STEP][PASSED] - sendKeys(findTestObject("Object Repository/Page_CURA Healthcare Service/input_Password_password"), Keys.chord(ENTER)): Keys 'ENTER + ' sent to object: 'Object Repository/Page_CURA Healthcare Service/input_Password_password'

29-05-2024T22:19:18 - [MESSAGE][PASSED] - Keys 'ENTER + ' sent to object: 'Object Repository/Page_CURA Healthcare Service/input_Password_password'

29-05-2024T22:19:18 - [TEST_STEP][PASSED] - verifyElementPresent(findTestObject("Object Repository/Page_CURA Healthcare Service/input_Medicare_programs"), 0): Object 'Object Repository/Page_CURA Healthcare Service/input_Medicare_programs' is present

29-05-2024T22:19:18 - [MESSAGE][WARNING] - Timeout '0' is invalid. Using default page load timeout: '30'

29-05-2024T22:19:18 - [MESSAGE][PASSED] - Object 'Object Repository/Page_CURA Healthcare Service/input_Medicare_programs' is present

29-05-2024T22:19:18 - [TEST_STEP][PASSED] - closeBrowser(): Browser is closed

29-05-2024T22:19:19 - [MESSAGE][PASSED] - Browser is closed]]></system-out>
         <system-err><![CDATA[]]></system-err>
      </testcase>
      <testcase name="Test Cases/CURA Healthcare/Verify_Appointment_Form_Medical_Program_None_Check" time="6.737" classname="Test Cases/CURA Healthcare/Verify_Appointment_Form_Medical_Program_None_Check" status="PASSED">
         <system-out><![CDATA[29-05-2024T22:19:19 - [TEST_CASE][PASSED] - Test Cases/CURA Healthcare/Verify_Appointment_Form_Medical_Program_None_Check: Test Cases/CURA Healthcare/Verify_Appointment_Form_Medical_Program_None_Check

29-05-2024T22:19:19 - [TEST_STEP][PASSED] - openBrowser(""): Browser is opened with url: ''

29-05-2024T22:19:19 - [MESSAGE][INFO] - Starting 'Chrome' driver

29-05-2024T22:19:19 - [MESSAGE][INFO] - Action delay is set to 0 milliseconds

29-05-2024T22:19:19 - [MESSAGE][PASSED] - Browser is opened with url: ''

29-05-2024T22:19:19 - [TEST_STEP][PASSED] - navigateToUrl("https://katalon-demo-cura.herokuapp.com/profile.php#login"): Navigate to 'https://katalon-demo-cura.herokuapp.com/profile.php#login' successfully

29-05-2024T22:19:22 - [MESSAGE][PASSED] - Navigate to 'https://katalon-demo-cura.herokuapp.com/profile.php#login' successfully

29-05-2024T22:19:22 - [TEST_STEP][PASSED] - setText(findTestObject("Object Repository/Page_CURA Healthcare Service/input_Username_username"), "John Doe"): Text 'John Doe' is set on object 'Object Repository/Page_CURA Healthcare Service/input_Username_username'

29-05-2024T22:19:23 - [MESSAGE][PASSED] - Text 'John Doe' is set on object 'Object Repository/Page_CURA Healthcare Service/input_Username_username'

29-05-2024T22:19:23 - [TEST_STEP][PASSED] - setEncryptedText(findTestObject("Object Repository/Page_CURA Healthcare Service/input_Password_password"), "g3/DOGG74jC3Flrr3yH+3D/yKbOqqUNM"): Text ****** has been set on object 'Object Repository/Page_CURA Healthcare Service/input_Password_password'

29-05-2024T22:19:23 - [MESSAGE][PASSED] - Text ****** has been set on object 'Object Repository/Page_CURA Healthcare Service/input_Password_password'

29-05-2024T22:19:23 - [TEST_STEP][PASSED] - sendKeys(findTestObject("Object Repository/Page_CURA Healthcare Service/input_Password_password"), Keys.chord(ENTER)): Keys 'ENTER + ' sent to object: 'Object Repository/Page_CURA Healthcare Service/input_Password_password'

29-05-2024T22:19:24 - [MESSAGE][PASSED] - Keys 'ENTER + ' sent to object: 'Object Repository/Page_CURA Healthcare Service/input_Password_password'

29-05-2024T22:19:24 - [TEST_STEP][PASSED] - click(findTestObject("Object Repository/Page_CURA Healthcare Service/input_None_programs")): Object: 'Object Repository/Page_CURA Healthcare Service/input_None_programs' is clicked on

29-05-2024T22:19:25 - [MESSAGE][PASSED] - Object: 'Object Repository/Page_CURA Healthcare Service/input_None_programs' is clicked on

29-05-2024T22:19:25 - [TEST_STEP][PASSED] - verifyElementPresent(findTestObject("Object Repository/Page_CURA Healthcare Service/input_None_programs"), 0): Object 'Object Repository/Page_CURA Healthcare Service/input_None_programs' is present

29-05-2024T22:19:25 - [MESSAGE][WARNING] - Timeout '0' is invalid. Using default page load timeout: '30'

29-05-2024T22:19:25 - [MESSAGE][PASSED] - Object 'Object Repository/Page_CURA Healthcare Service/input_None_programs' is present

29-05-2024T22:19:25 - [TEST_STEP][PASSED] - closeBrowser(): Browser is closed

29-05-2024T22:19:25 - [MESSAGE][PASSED] - Browser is closed]]></system-out>
         <system-err><![CDATA[]]></system-err>
      </testcase>
      <testcase name="Test Cases/CURA Healthcare/Verify_Appointment_Form_Readmission_Checkbox" time="6.652" classname="Test Cases/CURA Healthcare/Verify_Appointment_Form_Readmission_Checkbox" status="PASSED">
         <system-out><![CDATA[29-05-2024T22:19:25 - [TEST_CASE][PASSED] - Test Cases/CURA Healthcare/Verify_Appointment_Form_Readmission_Checkbox: Test Cases/CURA Healthcare/Verify_Appointment_Form_Readmission_Checkbox

29-05-2024T22:19:25 - [TEST_STEP][PASSED] - openBrowser(""): Browser is opened with url: ''

29-05-2024T22:19:25 - [MESSAGE][INFO] - Starting 'Chrome' driver

29-05-2024T22:19:25 - [MESSAGE][INFO] - Action delay is set to 0 milliseconds

29-05-2024T22:19:26 - [MESSAGE][PASSED] - Browser is opened with url: ''

29-05-2024T22:19:26 - [TEST_STEP][PASSED] - navigateToUrl("https://katalon-demo-cura.herokuapp.com/profile.php#login"): Navigate to 'https://katalon-demo-cura.herokuapp.com/profile.php#login' successfully

29-05-2024T22:19:29 - [MESSAGE][PASSED] - Navigate to 'https://katalon-demo-cura.herokuapp.com/profile.php#login' successfully

29-05-2024T22:19:29 - [TEST_STEP][PASSED] - setText(findTestObject("Object Repository/Page_CURA Healthcare Service/input_Username_username"), "John Doe"): Text 'John Doe' is set on object 'Object Repository/Page_CURA Healthcare Service/input_Username_username'

29-05-2024T22:19:30 - [MESSAGE][PASSED] - Text 'John Doe' is set on object 'Object Repository/Page_CURA Healthcare Service/input_Username_username'

29-05-2024T22:19:30 - [TEST_STEP][PASSED] - setEncryptedText(findTestObject("Object Repository/Page_CURA Healthcare Service/input_Password_password"), "g3/DOGG74jC3Flrr3yH+3D/yKbOqqUNM"): Text ****** has been set on object 'Object Repository/Page_CURA Healthcare Service/input_Password_password'

29-05-2024T22:19:30 - [MESSAGE][PASSED] - Text ****** has been set on object 'Object Repository/Page_CURA Healthcare Service/input_Password_password'

29-05-2024T22:19:30 - [TEST_STEP][PASSED] - sendKeys(findTestObject("Object Repository/Page_CURA Healthcare Service/input_Password_password"), Keys.chord(ENTER)): Keys 'ENTER + ' sent to object: 'Object Repository/Page_CURA Healthcare Service/input_Password_password'

29-05-2024T22:19:31 - [MESSAGE][PASSED] - Keys 'ENTER + ' sent to object: 'Object Repository/Page_CURA Healthcare Service/input_Password_password'

29-05-2024T22:19:31 - [TEST_STEP][PASSED] - click(findTestObject("Object Repository/Page_CURA Healthcare Service/input_Apply for hospital readmission_hospit_63901f")): Object: 'Object Repository/Page_CURA Healthcare Service/input_Apply for hospital readmission_hospit_63901f' is clicked on

29-05-2024T22:19:32 - [MESSAGE][PASSED] - Object: 'Object Repository/Page_CURA Healthcare Service/input_Apply for hospital readmission_hospit_63901f' is clicked on

29-05-2024T22:19:32 - [TEST_STEP][PASSED] - verifyElementPresent(findTestObject("Object Repository/Page_CURA Healthcare Service/input_Apply for hospital readmission_hospit_63901f"), 0): Object 'Object Repository/Page_CURA Healthcare Service/input_Apply for hospital readmission_hospit_63901f' is present

29-05-2024T22:19:32 - [MESSAGE][WARNING] - Timeout '0' is invalid. Using default page load timeout: '30'

29-05-2024T22:19:32 - [MESSAGE][PASSED] - Object 'Object Repository/Page_CURA Healthcare Service/input_Apply for hospital readmission_hospit_63901f' is present

29-05-2024T22:19:32 - [TEST_STEP][PASSED] - closeBrowser(): Browser is closed

29-05-2024T22:19:32 - [MESSAGE][PASSED] - Browser is closed]]></system-out>
         <system-err><![CDATA[]]></system-err>
      </testcase>
      <testcase name="Test Cases/CURA Healthcare/Verify_Appointment_Form_Created_Successful" time="9.122" classname="Test Cases/CURA Healthcare/Verify_Appointment_Form_Created_Successful" status="PASSED">
         <system-out><![CDATA[29-05-2024T22:19:32 - [TEST_CASE][PASSED] - Test Cases/CURA Healthcare/Verify_Appointment_Form_Created_Successful: Test Cases/CURA Healthcare/Verify_Appointment_Form_Created_Successful

29-05-2024T22:19:32 - [TEST_STEP][PASSED] - openBrowser(""): Browser is opened with url: ''

29-05-2024T22:19:32 - [MESSAGE][INFO] - Starting 'Chrome' driver

29-05-2024T22:19:32 - [MESSAGE][INFO] - Action delay is set to 0 milliseconds

29-05-2024T22:19:33 - [MESSAGE][PASSED] - Browser is opened with url: ''

29-05-2024T22:19:33 - [TEST_STEP][PASSED] - navigateToUrl("https://katalon-demo-cura.herokuapp.com/profile.php#login"): Navigate to 'https://katalon-demo-cura.herokuapp.com/profile.php#login' successfully

29-05-2024T22:19:36 - [MESSAGE][PASSED] - Navigate to 'https://katalon-demo-cura.herokuapp.com/profile.php#login' successfully

29-05-2024T22:19:36 - [TEST_STEP][PASSED] - setText(findTestObject("Object Repository/Page_CURA Healthcare Service/input_Username_username"), "John Doe"): Text 'John Doe' is set on object 'Object Repository/Page_CURA Healthcare Service/input_Username_username'

29-05-2024T22:19:36 - [MESSAGE][PASSED] - Text 'John Doe' is set on object 'Object Repository/Page_CURA Healthcare Service/input_Username_username'

29-05-2024T22:19:36 - [TEST_STEP][PASSED] - setEncryptedText(findTestObject("Object Repository/Page_CURA Healthcare Service/input_Password_password"), "g3/DOGG74jC3Flrr3yH+3D/yKbOqqUNM"): Text ****** has been set on object 'Object Repository/Page_CURA Healthcare Service/input_Password_password'

29-05-2024T22:19:37 - [MESSAGE][PASSED] - Text ****** has been set on object 'Object Repository/Page_CURA Healthcare Service/input_Password_password'

29-05-2024T22:19:37 - [TEST_STEP][PASSED] - sendKeys(findTestObject("Object Repository/Page_CURA Healthcare Service/input_Password_password"), Keys.chord(ENTER)): Keys 'ENTER + ' sent to object: 'Object Repository/Page_CURA Healthcare Service/input_Password_password'

29-05-2024T22:19:38 - [MESSAGE][PASSED] - Keys 'ENTER + ' sent to object: 'Object Repository/Page_CURA Healthcare Service/input_Password_password'

29-05-2024T22:19:38 - [TEST_STEP][PASSED] - click(findTestObject("Object Repository/Page_CURA Healthcare Service/input_Apply for hospital readmission_hospit_63901f")): Object: 'Object Repository/Page_CURA Healthcare Service/input_Apply for hospital readmission_hospit_63901f' is clicked on

29-05-2024T22:19:38 - [MESSAGE][PASSED] - Object: 'Object Repository/Page_CURA Healthcare Service/input_Apply for hospital readmission_hospit_63901f' is clicked on

29-05-2024T22:19:38 - [TEST_STEP][PASSED] - click(findTestObject("Object Repository/Page_CURA Healthcare Service/span_Visit Date (Required)_glyphicon glyphi_cada34")): Object: 'Object Repository/Page_CURA Healthcare Service/span_Visit Date (Required)_glyphicon glyphi_cada34' is clicked on

29-05-2024T22:19:38 - [MESSAGE][PASSED] - Object: 'Object Repository/Page_CURA Healthcare Service/span_Visit Date (Required)_glyphicon glyphi_cada34' is clicked on

29-05-2024T22:19:38 - [TEST_STEP][PASSED] - click(findTestObject("Object Repository/Page_CURA Healthcare Service/td_31")): Object: 'Object Repository/Page_CURA Healthcare Service/td_31' is clicked on

29-05-2024T22:19:39 - [MESSAGE][PASSED] - Object: 'Object Repository/Page_CURA Healthcare Service/td_31' is clicked on

29-05-2024T22:19:39 - [TEST_STEP][PASSED] - setText(findTestObject("Object Repository/Page_CURA Healthcare Service/textarea_Comment_comment"), "Name: HetTV"): Text 'Name: HetTV' is set on object 'Object Repository/Page_CURA Healthcare Service/textarea_Comment_comment'

29-05-2024T22:19:40 - [MESSAGE][PASSED] - Text 'Name: HetTV' is set on object 'Object Repository/Page_CURA Healthcare Service/textarea_Comment_comment'

29-05-2024T22:19:40 - [TEST_STEP][PASSED] - click(findTestObject("Object Repository/Page_CURA Healthcare Service/button_Book Appointment")): Object: 'Object Repository/Page_CURA Healthcare Service/button_Book Appointment' is clicked on

29-05-2024T22:19:40 - [MESSAGE][PASSED] - Object: 'Object Repository/Page_CURA Healthcare Service/button_Book Appointment' is clicked on

29-05-2024T22:19:40 - [TEST_STEP][PASSED] - verifyElementVisible(findTestObject("Object Repository/Page_CURA Healthcare Service/div_Appointment Confirmation               _7d61e7")): Object 'Object Repository/Page_CURA Healthcare Service/div_Appointment Confirmation               _7d61e7' is visible

29-05-2024T22:19:41 - [MESSAGE][PASSED] - Object 'Object Repository/Page_CURA Healthcare Service/div_Appointment Confirmation               _7d61e7' is visible

29-05-2024T22:19:41 - [TEST_STEP][PASSED] - verifyElementText(findTestObject("Object Repository/Page_CURA Healthcare Service/p_Name HetTV"), "Name: HetTV"): Actual text and expected text of test object 'Object Repository/Page_CURA Healthcare Service/p_Name HetTV' are matched.

29-05-2024T22:19:41 - [MESSAGE][PASSED] - Actual text and expected text of test object 'Object Repository/Page_CURA Healthcare Service/p_Name HetTV' are matched.

29-05-2024T22:19:41 - [TEST_STEP][PASSED] - closeBrowser(): Browser is closed

29-05-2024T22:19:41 - [MESSAGE][PASSED] - Browser is closed]]></system-out>
         <system-err><![CDATA[]]></system-err>
      </testcase>
      <system-out><![CDATA[29-05-2024T22:18:37 - [TEST_SUITE][PASSED] - Verify_Appointment_Form: Test Cases/CURA Healthcare/Verify_Appointment_Form_Created_Successful]]></system-out>
      <system-err><![CDATA[]]></system-err>
   </testsuite>
   <testsuite name="Verify_Clickable_Bottom_To_Top" tests="2" failures="0" errors="0" time="13.441" skipped="0" timestamp="29-05-2024T22:18:40" hostname="PC - DESKTOP-EVNNDTO" id="Test Suites/CURA Healthcare/Verify_Clickable_Bottom_To_Top">
      <properties>
         <property name="deviceName" value=""/>
         <property name="devicePlatform" value=""/>
         <property name="logFolder" value="C:\\Users\\PC\\git\\katalon-first-project\\Reports\\20240529_221809\\CURA Healthcare\\Verify_Clickable_Bottom_To_Top\\20240529_221814"/>
         <property name="logFiles" value="C:\\Users\\PC\\git\\katalon-first-project\\Reports\\20240529_221809\\CURA Healthcare\\Verify_Clickable_Bottom_To_Top\\20240529_221814\\execution0.log"/>
         <property name="attachments" value=""/>
         <property name="hostName" value="PC - DESKTOP-EVNNDTO"/>
         <property name="os" value="Windows 11 64bit"/>
         <property name="katalonVersion" value="9.4.0.212"/>
         <property name="browser" value="Chrome 125.0.0.0"/>
         <property name="hostAddress" value="192.168.1.156"/>
         <property name="sessionId" value="6dda6e22ad12d26480bef8e1ad5f7db4"/>
         <property name="seleniumVersion" value="3.141.59"/>
         <property name="proxyInformation" value="ProxyInformation { proxyOption=NO_PROXY, proxyServerType=HTTP, username=, password=********, proxyServerAddress=, proxyServerPort=0, executionList=&quot;&quot;, isApplyToDesiredCapabilities=true }"/>
         <property name="platform" value="Windows 11"/>
      </properties>
      <testcase name="Test Cases/CURA Healthcare/Verify_Clickable_To_Top_Button" time="6.875" classname="Test Cases/CURA Healthcare/Verify_Clickable_To_Top_Button" status="PASSED">
         <system-out><![CDATA[29-05-2024T22:18:40 - [TEST_CASE][PASSED] - Test Cases/CURA Healthcare/Verify_Clickable_To_Top_Button: Test Cases/CURA Healthcare/Verify_Clickable_To_Top_Button

29-05-2024T22:18:41 - [TEST_STEP][PASSED] - openBrowser(""): Browser is opened with url: ''

29-05-2024T22:18:41 - [MESSAGE][INFO] - Starting 'Chrome' driver

29-05-2024T22:18:41 - [MESSAGE][INFO] - Action delay is set to 0 milliseconds

29-05-2024T22:18:43 - [MESSAGE][PASSED] - Browser is opened with url: ''

29-05-2024T22:18:43 - [TEST_STEP][PASSED] - navigateToUrl("https://katalon-demo-cura.herokuapp.com/"): Navigate to 'https://katalon-demo-cura.herokuapp.com/' successfully

29-05-2024T22:18:46 - [MESSAGE][PASSED] - Navigate to 'https://katalon-demo-cura.herokuapp.com/' successfully

29-05-2024T22:18:46 - [TEST_STEP][PASSED] - scrollToElement(findTestObject("Object Repository/Page_CURA Healthcare Service/p_Copyright  CURA Healthcare Service 2024"), 0): Scroll to object 'Object Repository/Page_CURA Healthcare Service/p_Copyright  CURA Healthcare Service 2024' successfully

29-05-2024T22:18:46 - [MESSAGE][WARNING] - Timeout '0' is invalid. Using default page load timeout: '30'

29-05-2024T22:18:47 - [MESSAGE][PASSED] - Scroll to object 'Object Repository/Page_CURA Healthcare Service/p_Copyright  CURA Healthcare Service 2024' successfully

29-05-2024T22:18:47 - [TEST_STEP][PASSED] - closeBrowser(): Browser is closed

29-05-2024T22:18:47 - [MESSAGE][PASSED] - Browser is closed]]></system-out>
         <system-err><![CDATA[]]></system-err>
      </testcase>
      <testcase name="Test Cases/CURA Healthcare/Verify_Click_To_Top_Botton" time="6.338" classname="Test Cases/CURA Healthcare/Verify_Click_To_Top_Botton" status="PASSED">
         <system-out><![CDATA[29-05-2024T22:18:47 - [TEST_CASE][PASSED] - Test Cases/CURA Healthcare/Verify_Click_To_Top_Botton: Test Cases/CURA Healthcare/Verify_Click_To_Top_Botton

29-05-2024T22:18:47 - [TEST_STEP][PASSED] - openBrowser(""): Browser is opened with url: ''

29-05-2024T22:18:47 - [MESSAGE][INFO] - Starting 'Chrome' driver

29-05-2024T22:18:47 - [MESSAGE][INFO] - Action delay is set to 0 milliseconds

29-05-2024T22:18:48 - [MESSAGE][PASSED] - Browser is opened with url: ''

29-05-2024T22:18:48 - [TEST_STEP][PASSED] - navigateToUrl("https://katalon-demo-cura.herokuapp.com/"): Navigate to 'https://katalon-demo-cura.herokuapp.com/' successfully

29-05-2024T22:18:52 - [MESSAGE][PASSED] - Navigate to 'https://katalon-demo-cura.herokuapp.com/' successfully

29-05-2024T22:18:52 - [TEST_STEP][PASSED] - scrollToElement(findTestObject("Object Repository/Page_CURA Healthcare Service/p_Copyright  CURA Healthcare Service 2024"), 0): Scroll to object 'Object Repository/Page_CURA Healthcare Service/p_Copyright  CURA Healthcare Service 2024' successfully

29-05-2024T22:18:52 - [MESSAGE][WARNING] - Timeout '0' is invalid. Using default page load timeout: '30'

29-05-2024T22:18:52 - [MESSAGE][PASSED] - Scroll to object 'Object Repository/Page_CURA Healthcare Service/p_Copyright  CURA Healthcare Service 2024' successfully

29-05-2024T22:18:52 - [TEST_STEP][PASSED] - closeBrowser(): Browser is closed

29-05-2024T22:18:53 - [MESSAGE][PASSED] - Browser is closed]]></system-out>
         <system-err><![CDATA[]]></system-err>
      </testcase>
      <system-out><![CDATA[29-05-2024T22:18:40 - [TEST_SUITE][PASSED] - Verify_Clickable_Bottom_To_Top: Test Cases/CURA Healthcare/Verify_Click_To_Top_Botton]]></system-out>
      <system-err><![CDATA[]]></system-err>
   </testsuite>
   <testsuite name="Verify_Footer" tests="4" failures="0" errors="0" time="52.855" skipped="0" timestamp="29-05-2024T22:18:44" hostname="PC - DESKTOP-EVNNDTO" id="Test Suites/CURA Healthcare/Verify_Footer">
      <properties>
         <property name="deviceName" value=""/>
         <property name="devicePlatform" value=""/>
         <property name="logFolder" value="C:\\Users\\PC\\git\\katalon-first-project\\Reports\\20240529_221809\\CURA Healthcare\\Verify_Footer\\20240529_221816"/>
         <property name="logFiles" value="C:\\Users\\PC\\git\\katalon-first-project\\Reports\\20240529_221809\\CURA Healthcare\\Verify_Footer\\20240529_221816\\execution0.log"/>
         <property name="attachments" value=""/>
         <property name="hostName" value="PC - DESKTOP-EVNNDTO"/>
         <property name="os" value="Windows 11 64bit"/>
         <property name="katalonVersion" value="9.4.0.212"/>
         <property name="browser" value="Chrome 125.0.0.0"/>
         <property name="hostAddress" value="192.168.1.156"/>
         <property name="sessionId" value="39c2ecb69eadbfd184937ec516f15da6"/>
         <property name="seleniumVersion" value="3.141.59"/>
         <property name="proxyInformation" value="ProxyInformation { proxyOption=NO_PROXY, proxyServerType=HTTP, username=, password=********, proxyServerAddress=, proxyServerPort=0, executionList=&quot;&quot;, isApplyToDesiredCapabilities=true }"/>
         <property name="platform" value="Windows 11"/>
      </properties>
      <testcase name="Test Cases/CURA Healthcare/Verify_Footer_Copyright" time="6.87" classname="Test Cases/CURA Healthcare/Verify_Footer_Copyright" status="PASSED">
         <system-out><![CDATA[29-05-2024T22:18:44 - [TEST_CASE][PASSED] - Test Cases/CURA Healthcare/Verify_Footer_Copyright: Test Cases/CURA Healthcare/Verify_Footer_Copyright

29-05-2024T22:18:45 - [TEST_STEP][PASSED] - openBrowser(""): Browser is opened with url: ''

29-05-2024T22:18:45 - [MESSAGE][INFO] - Starting 'Chrome' driver

29-05-2024T22:18:45 - [MESSAGE][INFO] - Action delay is set to 0 milliseconds

29-05-2024T22:18:47 - [MESSAGE][PASSED] - Browser is opened with url: ''

29-05-2024T22:18:47 - [TEST_STEP][PASSED] - navigateToUrl("https://katalon-demo-cura.herokuapp.com/"): Navigate to 'https://katalon-demo-cura.herokuapp.com/' successfully

29-05-2024T22:18:48 - [MESSAGE][PASSED] - Navigate to 'https://katalon-demo-cura.herokuapp.com/' successfully

29-05-2024T22:18:48 - [TEST_STEP][PASSED] - verifyElementPresent(findTestObject("Page_CURA Healthcare Service/p_Copyright  CURA Healthcare Service 2024"), 0): Object 'Object Repository/Page_CURA Healthcare Service/p_Copyright  CURA Healthcare Service 2024' is present

29-05-2024T22:18:49 - [MESSAGE][WARNING] - Timeout '0' is invalid. Using default page load timeout: '30'

29-05-2024T22:18:51 - [MESSAGE][PASSED] - Object 'Object Repository/Page_CURA Healthcare Service/p_Copyright  CURA Healthcare Service 2024' is present

29-05-2024T22:18:51 - [TEST_STEP][PASSED] - closeBrowser(): Browser is closed

29-05-2024T22:18:51 - [MESSAGE][PASSED] - Browser is closed]]></system-out>
         <system-err><![CDATA[]]></system-err>
      </testcase>
      <testcase name="Test Cases/CURA Healthcare/Verify_Footer_Email" time="5.516" classname="Test Cases/CURA Healthcare/Verify_Footer_Email" status="PASSED">
         <system-out><![CDATA[29-05-2024T22:18:51 - [TEST_CASE][PASSED] - Test Cases/CURA Healthcare/Verify_Footer_Email: Test Cases/CURA Healthcare/Verify_Footer_Email

29-05-2024T22:18:52 - [TEST_STEP][PASSED] - openBrowser(""): Browser is opened with url: ''

29-05-2024T22:18:52 - [MESSAGE][INFO] - Starting 'Chrome' driver

29-05-2024T22:18:52 - [MESSAGE][INFO] - Action delay is set to 0 milliseconds

29-05-2024T22:18:53 - [MESSAGE][PASSED] - Browser is opened with url: ''

29-05-2024T22:18:53 - [TEST_STEP][PASSED] - navigateToUrl("https://katalon-demo-cura.herokuapp.com/"): Navigate to 'https://katalon-demo-cura.herokuapp.com/' successfully

29-05-2024T22:18:56 - [MESSAGE][PASSED] - Navigate to 'https://katalon-demo-cura.herokuapp.com/' successfully

29-05-2024T22:18:56 - [TEST_STEP][PASSED] - verifyElementPresent(findTestObject("Page_CURA Healthcare Service/a_infokatalon.com"), 0): Object 'Object Repository/Page_CURA Healthcare Service/a_infokatalon.com' is present

29-05-2024T22:18:56 - [MESSAGE][WARNING] - Timeout '0' is invalid. Using default page load timeout: '30'

29-05-2024T22:18:57 - [MESSAGE][PASSED] - Object 'Object Repository/Page_CURA Healthcare Service/a_infokatalon.com' is present

29-05-2024T22:18:57 - [TEST_STEP][PASSED] - closeBrowser(): Browser is closed

29-05-2024T22:18:57 - [MESSAGE][PASSED] - Browser is closed]]></system-out>
         <system-err><![CDATA[]]></system-err>
      </testcase>
      <testcase name="Test Cases/CURA Healthcare/Verify_Phone_Number" time="35.675" classname="Test Cases/CURA Healthcare/Verify_Phone_Number" status="PASSED">
         <system-out><![CDATA[29-05-2024T22:18:57 - [TEST_CASE][PASSED] - Test Cases/CURA Healthcare/Verify_Phone_Number: Test Cases/CURA Healthcare/Verify_Phone_Number

29-05-2024T22:18:57 - [TEST_STEP][PASSED] - openBrowser(""): Browser is opened with url: ''

29-05-2024T22:18:57 - [MESSAGE][INFO] - Starting 'Chrome' driver

29-05-2024T22:18:57 - [MESSAGE][INFO] - Action delay is set to 0 milliseconds

29-05-2024T22:18:58 - [MESSAGE][PASSED] - Browser is opened with url: ''

29-05-2024T22:18:58 - [TEST_STEP][PASSED] - navigateToUrl("https://katalon-demo-cura.herokuapp.com/"): Navigate to 'https://katalon-demo-cura.herokuapp.com/' successfully

29-05-2024T22:19:01 - [MESSAGE][PASSED] - Navigate to 'https://katalon-demo-cura.herokuapp.com/' successfully

29-05-2024T22:19:01 - [TEST_STEP][PASSED] - verifyElementText(findTestObject("Object Repository/Page_CURA Healthcare Service/li_(678) 813-1KMS"), "(678) 813-1KMS"): Actual text and expected text of test object 'Object Repository/Page_CURA Healthcare Service/li_(678) 813-1KMS' are matched.

29-05-2024T22:19:32 - [MESSAGE][INFO] - Unable to find the element located by 'By.xpath: //*[(text() = '(678) 813-1KMS' or . = '(678) 813-1KMS')]'. Please recheck the objects properties to make sure the desired element is located. 

29-05-2024T22:19:32 - [MESSAGE][WARNING] - [SELF-HEALING] Failed to find element with id 'Object Repository/Page_CURA Healthcare Service/li_(678) 813-1KMS'. Try using Self-healing.

29-05-2024T22:19:32 - [MESSAGE][WARNING] - [SELF-HEALING] The current locator of test object 'Object Repository/Page_CURA Healthcare Service/li_(678) 813-1KMS' was broken. Propose an alternative one: '(.//*[normalize-space(text()) and normalize-space(.)='CURA Healthcare Service'])[3]/following::li[1]'.

29-05-2024T22:19:32 - [MESSAGE][WARNING] - [SELF-HEALING] Cannot save screenshot to: C:\Users\PC\git\katalon-first-project\Reports\20240529_221809\CURA Healthcare\Verify_Footer\20240529_221816, reason: Source 'C:\Users\PC\git\katalon-first-project\Reports\Self-healing\Object Repository\Page_CURA Healthcare Service\li_(678) 813-1KMS_XPATH.png' does not exist.

29-05-2024T22:19:32 - [MESSAGE][PASSED] - Actual text and expected text of test object 'Object Repository/Page_CURA Healthcare Service/li_(678) 813-1KMS' are matched.

29-05-2024T22:19:32 - [TEST_STEP][PASSED] - closeBrowser(): Browser is closed

29-05-2024T22:19:32 - [MESSAGE][PASSED] - Browser is closed]]></system-out>
         <system-err><![CDATA[]]></system-err>
      </testcase>
      <testcase name="Test Cases/CURA Healthcare/Verify_Address" time="4.177" classname="Test Cases/CURA Healthcare/Verify_Address" status="PASSED">
         <system-out><![CDATA[29-05-2024T22:19:32 - [TEST_CASE][PASSED] - Test Cases/CURA Healthcare/Verify_Address: Test Cases/CURA Healthcare/Verify_Address

29-05-2024T22:19:33 - [TEST_STEP][PASSED] - openBrowser(""): Browser is opened with url: ''

29-05-2024T22:19:33 - [MESSAGE][INFO] - Starting 'Chrome' driver

29-05-2024T22:19:33 - [MESSAGE][INFO] - Action delay is set to 0 milliseconds

29-05-2024T22:19:34 - [MESSAGE][PASSED] - Browser is opened with url: ''

29-05-2024T22:19:34 - [TEST_STEP][PASSED] - navigateToUrl("https://katalon-demo-cura.herokuapp.com/"): Navigate to 'https://katalon-demo-cura.herokuapp.com/' successfully

29-05-2024T22:19:36 - [MESSAGE][PASSED] - Navigate to 'https://katalon-demo-cura.herokuapp.com/' successfully

29-05-2024T22:19:36 - [TEST_STEP][PASSED] - verifyElementVisible(findTestObject("Object Repository/Page_CURA Healthcare Service/p_Atlanta 550 Pharr Road NE Suite 525Atlant_8f4c85")): Object 'Object Repository/Page_CURA Healthcare Service/p_Atlanta 550 Pharr Road NE Suite 525Atlant_8f4c85' is visible

29-05-2024T22:19:37 - [MESSAGE][PASSED] - Object 'Object Repository/Page_CURA Healthcare Service/p_Atlanta 550 Pharr Road NE Suite 525Atlant_8f4c85' is visible

29-05-2024T22:19:37 - [TEST_STEP][PASSED] - closeBrowser(): Browser is closed

29-05-2024T22:19:37 - [MESSAGE][PASSED] - Browser is closed]]></system-out>
         <system-err><![CDATA[]]></system-err>
      </testcase>
      <system-out><![CDATA[29-05-2024T22:18:44 - [TEST_SUITE][PASSED] - Verify_Footer: Test Cases/CURA Healthcare/Verify_Address]]></system-out>
      <system-err><![CDATA[]]></system-err>
   </testsuite>
   <testsuite name="Verify_Home_Page" tests="3" failures="0" errors="0" time="17.551" skipped="0" timestamp="29-05-2024T22:18:49" hostname="PC - DESKTOP-EVNNDTO" id="Test Suites/CURA Healthcare/Verify_Home_Page">
      <properties>
         <property name="deviceName" value=""/>
         <property name="devicePlatform" value=""/>
         <property name="logFolder" value="C:\\Users\\PC\\git\\katalon-first-project\\Reports\\20240529_221809\\CURA Healthcare\\Verify_Home_Page\\20240529_221818"/>
         <property name="logFiles" value="C:\\Users\\PC\\git\\katalon-first-project\\Reports\\20240529_221809\\CURA Healthcare\\Verify_Home_Page\\20240529_221818\\execution0.log"/>
         <property name="attachments" value=""/>
         <property name="hostName" value="PC - DESKTOP-EVNNDTO"/>
         <property name="os" value="Windows 11 64bit"/>
         <property name="katalonVersion" value="9.4.0.212"/>
         <property name="browser" value="Chrome 125.0.0.0"/>
         <property name="hostAddress" value="192.168.1.156"/>
         <property name="sessionId" value="cbf99a0a6c4bbab88a21f12571c48c66"/>
         <property name="seleniumVersion" value="3.141.59"/>
         <property name="proxyInformation" value="ProxyInformation { proxyOption=NO_PROXY, proxyServerType=HTTP, username=, password=********, proxyServerAddress=, proxyServerPort=0, executionList=&quot;&quot;, isApplyToDesiredCapabilities=true }"/>
         <property name="platform" value="Windows 11"/>
      </properties>
      <testcase name="Test Cases/CURA Healthcare/Verify CURA Healthcare Service text" time="7.329" classname="Test Cases/CURA Healthcare/Verify CURA Healthcare Service text" status="PASSED">
         <system-out><![CDATA[29-05-2024T22:18:49 - [TEST_CASE][PASSED] - Test Cases/CURA Healthcare/Verify CURA Healthcare Service text: Test Cases/CURA Healthcare/Verify CURA Healthcare Service text

29-05-2024T22:18:50 - [TEST_STEP][PASSED] - openBrowser(""): Browser is opened with url: ''

29-05-2024T22:18:50 - [MESSAGE][INFO] - Starting 'Chrome' driver

29-05-2024T22:18:50 - [MESSAGE][INFO] - Action delay is set to 0 milliseconds

29-05-2024T22:18:53 - [MESSAGE][PASSED] - Browser is opened with url: ''

29-05-2024T22:18:53 - [TEST_STEP][PASSED] - navigateToUrl("https://katalon-demo-cura.herokuapp.com/"): Navigate to 'https://katalon-demo-cura.herokuapp.com/' successfully

29-05-2024T22:18:56 - [MESSAGE][PASSED] - Navigate to 'https://katalon-demo-cura.herokuapp.com/' successfully

29-05-2024T22:18:56 - [TEST_STEP][PASSED] - verifyElementClickable(findTestObject("Object Repository/Page_CURA Healthcare Service/a_Make Appointment")): Object 'Object Repository/Page_CURA Healthcare Service/a_Make Appointment' is clickable

29-05-2024T22:18:57 - [MESSAGE][PASSED] - Object 'Object Repository/Page_CURA Healthcare Service/a_Make Appointment' is clickable]]></system-out>
         <system-err><![CDATA[]]></system-err>
      </testcase>
      <testcase name="Test Cases/CURA Healthcare/Verify_Clickable_Button" time="5.276" classname="Test Cases/CURA Healthcare/Verify_Clickable_Button" status="PASSED">
         <system-out><![CDATA[29-05-2024T22:18:57 - [TEST_CASE][PASSED] - Test Cases/CURA Healthcare/Verify_Clickable_Button: Test Cases/CURA Healthcare/Verify_Clickable_Button

29-05-2024T22:18:57 - [TEST_STEP][PASSED] - openBrowser(""): Browser is opened with url: ''

29-05-2024T22:18:57 - [MESSAGE][WARNING] - A browser is already opened. Closing browser and opening a new one

29-05-2024T22:18:57 - [MESSAGE][INFO] - Starting 'Chrome' driver

29-05-2024T22:18:57 - [MESSAGE][INFO] - Action delay is set to 0 milliseconds

29-05-2024T22:18:58 - [MESSAGE][PASSED] - Browser is opened with url: ''

29-05-2024T22:18:58 - [TEST_STEP][PASSED] - navigateToUrl("https://katalon-demo-cura.herokuapp.com/"): Navigate to 'https://katalon-demo-cura.herokuapp.com/' successfully

29-05-2024T22:19:01 - [MESSAGE][PASSED] - Navigate to 'https://katalon-demo-cura.herokuapp.com/' successfully

29-05-2024T22:19:01 - [TEST_STEP][PASSED] - click(findTestObject("Page_CURA Healthcare Service/a_Make Appointment")): Object: 'Object Repository/Page_CURA Healthcare Service/a_Make Appointment' is clicked on

29-05-2024T22:19:02 - [MESSAGE][PASSED] - Object: 'Object Repository/Page_CURA Healthcare Service/a_Make Appointment' is clicked on

29-05-2024T22:19:02 - [TEST_STEP][PASSED] - closeBrowser(): Browser is closed

29-05-2024T22:19:02 - [MESSAGE][PASSED] - Browser is closed]]></system-out>
         <system-err><![CDATA[]]></system-err>
      </testcase>
      <testcase name="Test Cases/CURA Healthcare/Verify_Footer_Copyright" time="4.394" classname="Test Cases/CURA Healthcare/Verify_Footer_Copyright" status="PASSED">
         <system-out><![CDATA[29-05-2024T22:19:02 - [TEST_CASE][PASSED] - Test Cases/CURA Healthcare/Verify_Footer_Copyright: Test Cases/CURA Healthcare/Verify_Footer_Copyright

29-05-2024T22:19:02 - [TEST_STEP][PASSED] - openBrowser(""): Browser is opened with url: ''

29-05-2024T22:19:02 - [MESSAGE][INFO] - Starting 'Chrome' driver

29-05-2024T22:19:02 - [MESSAGE][INFO] - Action delay is set to 0 milliseconds

29-05-2024T22:19:03 - [MESSAGE][PASSED] - Browser is opened with url: ''

29-05-2024T22:19:03 - [TEST_STEP][PASSED] - navigateToUrl("https://katalon-demo-cura.herokuapp.com/"): Navigate to 'https://katalon-demo-cura.herokuapp.com/' successfully

29-05-2024T22:19:06 - [MESSAGE][PASSED] - Navigate to 'https://katalon-demo-cura.herokuapp.com/' successfully

29-05-2024T22:19:06 - [TEST_STEP][PASSED] - verifyElementPresent(findTestObject("Page_CURA Healthcare Service/p_Copyright  CURA Healthcare Service 2024"), 0): Object 'Object Repository/Page_CURA Healthcare Service/p_Copyright  CURA Healthcare Service 2024' is present

29-05-2024T22:19:06 - [MESSAGE][WARNING] - Timeout '0' is invalid. Using default page load timeout: '30'

29-05-2024T22:19:06 - [MESSAGE][PASSED] - Object 'Object Repository/Page_CURA Healthcare Service/p_Copyright  CURA Healthcare Service 2024' is present

29-05-2024T22:19:06 - [TEST_STEP][PASSED] - closeBrowser(): Browser is closed

29-05-2024T22:19:06 - [MESSAGE][PASSED] - Browser is closed]]></system-out>
         <system-err><![CDATA[]]></system-err>
      </testcase>
      <system-out><![CDATA[29-05-2024T22:18:49 - [TEST_SUITE][PASSED] - Verify_Home_Page: Test Cases/CURA Healthcare/Verify_Footer_Copyright]]></system-out>
      <system-err><![CDATA[]]></system-err>
   </testsuite>
   <testsuite name="Verify_Login_Form" tests="8" failures="0" errors="0" time="48.371" skipped="0" timestamp="29-05-2024T22:18:54" hostname="PC - DESKTOP-EVNNDTO" id="Test Suites/CURA Healthcare/Verify_Login_Form">
      <properties>
         <property name="deviceName" value=""/>
         <property name="devicePlatform" value=""/>
         <property name="logFolder" value="C:\\Users\\PC\\git\\katalon-first-project\\Reports\\20240529_221809\\CURA Healthcare\\Verify_Login_Form\\20240529_221820"/>
         <property name="logFiles" value="C:\\Users\\PC\\git\\katalon-first-project\\Reports\\20240529_221809\\CURA Healthcare\\Verify_Login_Form\\20240529_221820\\execution0.log"/>
         <property name="attachments" value=""/>
         <property name="hostName" value="PC - DESKTOP-EVNNDTO"/>
         <property name="os" value="Windows 11 64bit"/>
         <property name="katalonVersion" value="9.4.0.212"/>
         <property name="browser" value="Chrome 125.0.0.0"/>
         <property name="hostAddress" value="192.168.1.156"/>
         <property name="sessionId" value="7cdb7ed72d8f7e8b73135931448cf518"/>
         <property name="seleniumVersion" value="3.141.59"/>
         <property name="proxyInformation" value="ProxyInformation { proxyOption=NO_PROXY, proxyServerType=HTTP, username=, password=********, proxyServerAddress=, proxyServerPort=0, executionList=&quot;&quot;, isApplyToDesiredCapabilities=true }"/>
         <property name="platform" value="Windows 11"/>
      </properties>
      <testcase name="Test Cases/CURA Healthcare/Verify_Login_Container" time="7.409" classname="Test Cases/CURA Healthcare/Verify_Login_Container" status="PASSED">
         <system-out><![CDATA[29-05-2024T22:18:54 - [TEST_CASE][PASSED] - Test Cases/CURA Healthcare/Verify_Login_Container: Test Cases/CURA Healthcare/Verify_Login_Container

29-05-2024T22:18:54 - [TEST_STEP][PASSED] - openBrowser(""): Browser is opened with url: ''

29-05-2024T22:18:55 - [MESSAGE][INFO] - Starting 'Chrome' driver

29-05-2024T22:18:55 - [MESSAGE][INFO] - Action delay is set to 0 milliseconds

29-05-2024T22:18:56 - [MESSAGE][PASSED] - Browser is opened with url: ''

29-05-2024T22:18:56 - [TEST_STEP][PASSED] - navigateToUrl("https://katalon-demo-cura.herokuapp.com/profile.php#login"): Navigate to 'https://katalon-demo-cura.herokuapp.com/profile.php#login' successfully

29-05-2024T22:18:59 - [MESSAGE][PASSED] - Navigate to 'https://katalon-demo-cura.herokuapp.com/profile.php#login' successfully

29-05-2024T22:18:59 - [TEST_STEP][PASSED] - verifyElementText(findTestObject("Object Repository/Page_CURA Healthcare Service/label_Username"), "Username"): Actual text and expected text of test object 'Object Repository/Page_CURA Healthcare Service/label_Username' are matched.

29-05-2024T22:19:00 - [MESSAGE][PASSED] - Actual text and expected text of test object 'Object Repository/Page_CURA Healthcare Service/label_Username' are matched.

29-05-2024T22:19:00 - [TEST_STEP][PASSED] - verifyElementVisible(findTestObject("Object Repository/Page_CURA Healthcare Service/input_Username_username")): Object 'Object Repository/Page_CURA Healthcare Service/input_Username_username' is visible

29-05-2024T22:19:00 - [MESSAGE][PASSED] - Object 'Object Repository/Page_CURA Healthcare Service/input_Username_username' is visible

29-05-2024T22:19:00 - [TEST_STEP][PASSED] - verifyElementText(findTestObject("Object Repository/Page_CURA Healthcare Service/label_Password"), "Password"): Actual text and expected text of test object 'Object Repository/Page_CURA Healthcare Service/label_Password' are matched.

29-05-2024T22:19:01 - [MESSAGE][PASSED] - Actual text and expected text of test object 'Object Repository/Page_CURA Healthcare Service/label_Password' are matched.

29-05-2024T22:19:01 - [TEST_STEP][PASSED] - verifyElementVisible(findTestObject("Object Repository/Page_CURA Healthcare Service/input_Password_password")): Object 'Object Repository/Page_CURA Healthcare Service/input_Password_password' is visible

29-05-2024T22:19:01 - [MESSAGE][PASSED] - Object 'Object Repository/Page_CURA Healthcare Service/input_Password_password' is visible

29-05-2024T22:19:01 - [TEST_STEP][PASSED] - verifyElementVisible(findTestObject("Object Repository/Page_CURA Healthcare Service/button_Login")): Object 'Object Repository/Page_CURA Healthcare Service/button_Login' is visible

29-05-2024T22:19:01 - [MESSAGE][PASSED] - Object 'Object Repository/Page_CURA Healthcare Service/button_Login' is visible

29-05-2024T22:19:01 - [TEST_STEP][PASSED] - closeBrowser(): Browser is closed

29-05-2024T22:19:02 - [MESSAGE][PASSED] - Browser is closed]]></system-out>
         <system-err><![CDATA[]]></system-err>
      </testcase>
      <testcase name="Test Cases/CURA Healthcare/Verify_Demo_Account_Container" time="5.466" classname="Test Cases/CURA Healthcare/Verify_Demo_Account_Container" status="PASSED">
         <system-out><![CDATA[29-05-2024T22:19:02 - [TEST_CASE][PASSED] - Test Cases/CURA Healthcare/Verify_Demo_Account_Container: Test Cases/CURA Healthcare/Verify_Demo_Account_Container

29-05-2024T22:19:02 - [TEST_STEP][PASSED] - openBrowser(""): Browser is opened with url: ''

29-05-2024T22:19:02 - [MESSAGE][INFO] - Starting 'Chrome' driver

29-05-2024T22:19:02 - [MESSAGE][INFO] - Action delay is set to 0 milliseconds

29-05-2024T22:19:03 - [MESSAGE][PASSED] - Browser is opened with url: ''

29-05-2024T22:19:03 - [TEST_STEP][PASSED] - navigateToUrl("https://katalon-demo-cura.herokuapp.com/profile.php#login"): Navigate to 'https://katalon-demo-cura.herokuapp.com/profile.php#login' successfully

29-05-2024T22:19:06 - [MESSAGE][PASSED] - Navigate to 'https://katalon-demo-cura.herokuapp.com/profile.php#login' successfully

29-05-2024T22:19:06 - [TEST_STEP][PASSED] - verifyElementVisible(findTestObject("Object Repository/Page_CURA Healthcare Service/div_Demo account")): Object 'Object Repository/Page_CURA Healthcare Service/div_Demo account' is visible

29-05-2024T22:19:06 - [MESSAGE][PASSED] - Object 'Object Repository/Page_CURA Healthcare Service/div_Demo account' is visible

29-05-2024T22:19:06 - [TEST_STEP][PASSED] - verifyElementText(findTestObject("Object Repository/Page_CURA Healthcare Service/label_Demo account"), "Demo account"): Actual text and expected text of test object 'Object Repository/Page_CURA Healthcare Service/label_Demo account' are matched.

29-05-2024T22:19:06 - [MESSAGE][PASSED] - Actual text and expected text of test object 'Object Repository/Page_CURA Healthcare Service/label_Demo account' are matched.

29-05-2024T22:19:06 - [TEST_STEP][PASSED] - verifyElementVisible(findTestObject("Object Repository/Page_CURA Healthcare Service/input_Demo account_form-control")): Object 'Object Repository/Page_CURA Healthcare Service/input_Demo account_form-control' is visible

29-05-2024T22:19:07 - [MESSAGE][PASSED] - Object 'Object Repository/Page_CURA Healthcare Service/input_Demo account_form-control' is visible

29-05-2024T22:19:07 - [TEST_STEP][PASSED] - verifyElementVisible(findTestObject("Object Repository/Page_CURA Healthcare Service/input_Demo account_form-control_1")): Object 'Object Repository/Page_CURA Healthcare Service/input_Demo account_form-control_1' is visible

29-05-2024T22:19:07 - [MESSAGE][PASSED] - Object 'Object Repository/Page_CURA Healthcare Service/input_Demo account_form-control_1' is visible

29-05-2024T22:19:07 - [TEST_STEP][PASSED] - closeBrowser(): Browser is closed

29-05-2024T22:19:07 - [MESSAGE][PASSED] - Browser is closed]]></system-out>
         <system-err><![CDATA[]]></system-err>
      </testcase>
      <testcase name="Test Cases/CURA Healthcare/Verify_Login_Empty_Pass" time="5.848" classname="Test Cases/CURA Healthcare/Verify_Login_Empty_Pass" status="PASSED">
         <system-out><![CDATA[29-05-2024T22:19:07 - [TEST_CASE][PASSED] - Test Cases/CURA Healthcare/Verify_Login_Empty_Pass: Test Cases/CURA Healthcare/Verify_Login_Empty_Pass

29-05-2024T22:19:07 - [TEST_STEP][PASSED] - openBrowser(""): Browser is opened with url: ''

29-05-2024T22:19:07 - [MESSAGE][INFO] - Starting 'Chrome' driver

29-05-2024T22:19:07 - [MESSAGE][INFO] - Action delay is set to 0 milliseconds

29-05-2024T22:19:08 - [MESSAGE][PASSED] - Browser is opened with url: ''

29-05-2024T22:19:08 - [TEST_STEP][PASSED] - navigateToUrl("https://katalon-demo-cura.herokuapp.com/profile.php#login"): Navigate to 'https://katalon-demo-cura.herokuapp.com/profile.php#login' successfully

29-05-2024T22:19:11 - [MESSAGE][PASSED] - Navigate to 'https://katalon-demo-cura.herokuapp.com/profile.php#login' successfully

29-05-2024T22:19:11 - [TEST_STEP][PASSED] - setText(findTestObject("Object Repository/Page_CURA Healthcare Service/input_Username_username"), "John Doe"): Text 'John Doe' is set on object 'Object Repository/Page_CURA Healthcare Service/input_Username_username'

29-05-2024T22:19:12 - [MESSAGE][PASSED] - Text 'John Doe' is set on object 'Object Repository/Page_CURA Healthcare Service/input_Username_username'

29-05-2024T22:19:12 - [TEST_STEP][PASSED] - click(findTestObject("Object Repository/Page_CURA Healthcare Service/button_Login")): Object: 'Object Repository/Page_CURA Healthcare Service/button_Login' is clicked on

29-05-2024T22:19:12 - [MESSAGE][PASSED] - Object: 'Object Repository/Page_CURA Healthcare Service/button_Login' is clicked on

29-05-2024T22:19:12 - [TEST_STEP][PASSED] - verifyElementText(findTestObject("Object Repository/Page_CURA Healthcare Service/p_Login failed Please ensure the username a_eb55b5"), "Login failed! Please ensure the username and password are valid."): Actual text and expected text of test object 'Object Repository/Page_CURA Healthcare Service/p_Login failed Please ensure the username a_eb55b5' are matched.

29-05-2024T22:19:13 - [MESSAGE][PASSED] - Actual text and expected text of test object 'Object Repository/Page_CURA Healthcare Service/p_Login failed Please ensure the username a_eb55b5' are matched.

29-05-2024T22:19:13 - [TEST_STEP][PASSED] - closeBrowser(): Browser is closed

29-05-2024T22:19:13 - [MESSAGE][PASSED] - Browser is closed]]></system-out>
         <system-err><![CDATA[]]></system-err>
      </testcase>
      <testcase name="Test Cases/CURA Healthcare/Verify_Login_Empty_User_Pass" time="5.539" classname="Test Cases/CURA Healthcare/Verify_Login_Empty_User_Pass" status="PASSED">
         <system-out><![CDATA[29-05-2024T22:19:13 - [TEST_CASE][PASSED] - Test Cases/CURA Healthcare/Verify_Login_Empty_User_Pass: Test Cases/CURA Healthcare/Verify_Login_Empty_User_Pass

29-05-2024T22:19:13 - [TEST_STEP][PASSED] - openBrowser(""): Browser is opened with url: ''

29-05-2024T22:19:13 - [MESSAGE][INFO] - Starting 'Chrome' driver

29-05-2024T22:19:13 - [MESSAGE][INFO] - Action delay is set to 0 milliseconds

29-05-2024T22:19:14 - [MESSAGE][PASSED] - Browser is opened with url: ''

29-05-2024T22:19:14 - [TEST_STEP][PASSED] - navigateToUrl("https://katalon-demo-cura.herokuapp.com/profile.php#login"): Navigate to 'https://katalon-demo-cura.herokuapp.com/profile.php#login' successfully

29-05-2024T22:19:17 - [MESSAGE][PASSED] - Navigate to 'https://katalon-demo-cura.herokuapp.com/profile.php#login' successfully

29-05-2024T22:19:17 - [TEST_STEP][PASSED] - click(findTestObject("Object Repository/Page_CURA Healthcare Service/button_Login")): Object: 'Object Repository/Page_CURA Healthcare Service/button_Login' is clicked on

29-05-2024T22:19:18 - [MESSAGE][PASSED] - Object: 'Object Repository/Page_CURA Healthcare Service/button_Login' is clicked on

29-05-2024T22:19:18 - [TEST_STEP][PASSED] - verifyElementText(findTestObject("Object Repository/Page_CURA Healthcare Service/p_Login failed Please ensure the username a_eb55b5"), "Login failed! Please ensure the username and password are valid."): Actual text and expected text of test object 'Object Repository/Page_CURA Healthcare Service/p_Login failed Please ensure the username a_eb55b5' are matched.

29-05-2024T22:19:18 - [MESSAGE][PASSED] - Actual text and expected text of test object 'Object Repository/Page_CURA Healthcare Service/p_Login failed Please ensure the username a_eb55b5' are matched.

29-05-2024T22:19:18 - [TEST_STEP][PASSED] - closeBrowser(): Browser is closed

29-05-2024T22:19:18 - [MESSAGE][PASSED] - Browser is closed]]></system-out>
         <system-err><![CDATA[]]></system-err>
      </testcase>
      <testcase name="Test Cases/CURA Healthcare/Verify_Login_Empty_Username" time="6.051" classname="Test Cases/CURA Healthcare/Verify_Login_Empty_Username" status="PASSED">
         <system-out><![CDATA[29-05-2024T22:19:18 - [TEST_CASE][PASSED] - Test Cases/CURA Healthcare/Verify_Login_Empty_Username: Test Cases/CURA Healthcare/Verify_Login_Empty_Username

29-05-2024T22:19:18 - [TEST_STEP][PASSED] - openBrowser(""): Browser is opened with url: ''

29-05-2024T22:19:18 - [MESSAGE][INFO] - Starting 'Chrome' driver

29-05-2024T22:19:18 - [MESSAGE][INFO] - Action delay is set to 0 milliseconds

29-05-2024T22:19:19 - [MESSAGE][PASSED] - Browser is opened with url: ''

29-05-2024T22:19:19 - [TEST_STEP][PASSED] - navigateToUrl("https://katalon-demo-cura.herokuapp.com/profile.php#login"): Navigate to 'https://katalon-demo-cura.herokuapp.com/profile.php#login' successfully

29-05-2024T22:19:22 - [MESSAGE][PASSED] - Navigate to 'https://katalon-demo-cura.herokuapp.com/profile.php#login' successfully

29-05-2024T22:19:22 - [TEST_STEP][PASSED] - setText(findTestObject("Page_CURA Healthcare Service/input_Username_username"), ""): Text '' is set on object 'Object Repository/Page_CURA Healthcare Service/input_Username_username'

29-05-2024T22:19:23 - [MESSAGE][PASSED] - Text '' is set on object 'Object Repository/Page_CURA Healthcare Service/input_Username_username'

29-05-2024T22:19:23 - [TEST_STEP][PASSED] - setText(findTestObject("Page_CURA Healthcare Service/input_Password_password"), "ThisIsNotAPassword"): Text 'ThisIsNotAPassword' is set on object 'Object Repository/Page_CURA Healthcare Service/input_Password_password'

29-05-2024T22:19:23 - [MESSAGE][PASSED] - Text 'ThisIsNotAPassword' is set on object 'Object Repository/Page_CURA Healthcare Service/input_Password_password'

29-05-2024T22:19:23 - [TEST_STEP][PASSED] - click(findTestObject("Object Repository/Page_CURA Healthcare Service/button_Login")): Object: 'Object Repository/Page_CURA Healthcare Service/button_Login' is clicked on

29-05-2024T22:19:24 - [MESSAGE][PASSED] - Object: 'Object Repository/Page_CURA Healthcare Service/button_Login' is clicked on

29-05-2024T22:19:24 - [TEST_STEP][PASSED] - verifyElementText(findTestObject("Object Repository/Page_CURA Healthcare Service/p_Login failed Please ensure the username a_eb55b5"), "Login failed! Please ensure the username and password are valid."): Actual text and expected text of test object 'Object Repository/Page_CURA Healthcare Service/p_Login failed Please ensure the username a_eb55b5' are matched.

29-05-2024T22:19:24 - [MESSAGE][PASSED] - Actual text and expected text of test object 'Object Repository/Page_CURA Healthcare Service/p_Login failed Please ensure the username a_eb55b5' are matched.

29-05-2024T22:19:24 - [TEST_STEP][PASSED] - closeBrowser(): Browser is closed

29-05-2024T22:19:24 - [MESSAGE][PASSED] - Browser is closed]]></system-out>
         <system-err><![CDATA[]]></system-err>
      </testcase>
      <testcase name="Test Cases/CURA Healthcare/Verify_Login_Page_Containers_And_Text" time="5.424" classname="Test Cases/CURA Healthcare/Verify_Login_Page_Containers_And_Text" status="PASSED">
         <system-out><![CDATA[29-05-2024T22:19:24 - [TEST_CASE][PASSED] - Test Cases/CURA Healthcare/Verify_Login_Page_Containers_And_Text: Test Cases/CURA Healthcare/Verify_Login_Page_Containers_And_Text

29-05-2024T22:19:25 - [TEST_STEP][PASSED] - openBrowser(""): Browser is opened with url: ''

29-05-2024T22:19:25 - [MESSAGE][INFO] - Starting 'Chrome' driver

29-05-2024T22:19:25 - [MESSAGE][INFO] - Action delay is set to 0 milliseconds

29-05-2024T22:19:25 - [MESSAGE][PASSED] - Browser is opened with url: ''

29-05-2024T22:19:25 - [TEST_STEP][PASSED] - navigateToUrl("https://katalon-demo-cura.herokuapp.com/profile.php#login"): Navigate to 'https://katalon-demo-cura.herokuapp.com/profile.php#login' successfully

29-05-2024T22:19:28 - [MESSAGE][PASSED] - Navigate to 'https://katalon-demo-cura.herokuapp.com/profile.php#login' successfully

29-05-2024T22:19:28 - [TEST_STEP][PASSED] - verifyElementVisible(findTestObject("Object Repository/Page_CURA Healthcare Service/div_Login                Please login to ma_5151a8")): Object 'Object Repository/Page_CURA Healthcare Service/div_Login                Please login to ma_5151a8' is visible

29-05-2024T22:19:29 - [MESSAGE][PASSED] - Object 'Object Repository/Page_CURA Healthcare Service/div_Login                Please login to ma_5151a8' is visible

29-05-2024T22:19:29 - [TEST_STEP][PASSED] - verifyElementText(findTestObject("Object Repository/Page_CURA Healthcare Service/h2_Login"), "Login"): Actual text and expected text of test object 'Object Repository/Page_CURA Healthcare Service/h2_Login' are matched.

29-05-2024T22:19:29 - [MESSAGE][PASSED] - Actual text and expected text of test object 'Object Repository/Page_CURA Healthcare Service/h2_Login' are matched.

29-05-2024T22:19:29 - [TEST_STEP][PASSED] - verifyElementText(findTestObject("Object Repository/Page_CURA Healthcare Service/p_Please login to make appointment"), "Please login to make appointment."): Actual text and expected text of test object 'Object Repository/Page_CURA Healthcare Service/p_Please login to make appointment' are matched.

29-05-2024T22:19:29 - [MESSAGE][PASSED] - Actual text and expected text of test object 'Object Repository/Page_CURA Healthcare Service/p_Please login to make appointment' are matched.

29-05-2024T22:19:29 - [TEST_STEP][PASSED] - verifyElementVisible(findTestObject("Object Repository/Page_CURA Healthcare Service/div_Demo account                           _56eb59")): Object 'Object Repository/Page_CURA Healthcare Service/div_Demo account                           _56eb59' is visible

29-05-2024T22:19:30 - [MESSAGE][PASSED] - Object 'Object Repository/Page_CURA Healthcare Service/div_Demo account                           _56eb59' is visible

29-05-2024T22:19:30 - [TEST_STEP][PASSED] - verifyElementVisible(findTestObject("Object Repository/Page_CURA Healthcare Service/div_Demo account")): Object 'Object Repository/Page_CURA Healthcare Service/div_Demo account' is visible

29-05-2024T22:19:30 - [MESSAGE][PASSED] - Object 'Object Repository/Page_CURA Healthcare Service/div_Demo account' is visible

29-05-2024T22:19:30 - [TEST_STEP][PASSED] - closeBrowser(): Browser is closed

29-05-2024T22:19:30 - [MESSAGE][PASSED] - Browser is closed]]></system-out>
         <system-err><![CDATA[]]></system-err>
      </testcase>
      <testcase name="Test Cases/CURA Healthcare/Verify_Login_Successful" time="6.603" classname="Test Cases/CURA Healthcare/Verify_Login_Successful" status="PASSED">
         <system-out><![CDATA[29-05-2024T22:19:30 - [TEST_CASE][PASSED] - Test Cases/CURA Healthcare/Verify_Login_Successful: Test Cases/CURA Healthcare/Verify_Login_Successful

29-05-2024T22:19:30 - [TEST_STEP][PASSED] - openBrowser(""): Browser is opened with url: ''

29-05-2024T22:19:30 - [MESSAGE][INFO] - Starting 'Chrome' driver

29-05-2024T22:19:30 - [MESSAGE][INFO] - Action delay is set to 0 milliseconds

29-05-2024T22:19:31 - [MESSAGE][PASSED] - Browser is opened with url: ''

29-05-2024T22:19:31 - [TEST_STEP][PASSED] - navigateToUrl("https://katalon-demo-cura.herokuapp.com/profile.php#login"): Navigate to 'https://katalon-demo-cura.herokuapp.com/profile.php#login' successfully

29-05-2024T22:19:34 - [MESSAGE][PASSED] - Navigate to 'https://katalon-demo-cura.herokuapp.com/profile.php#login' successfully

29-05-2024T22:19:34 - [TEST_STEP][PASSED] - setText(findTestObject("Object Repository/Page_CURA Healthcare Service/input_Username_username"), "John Doe"): Text 'John Doe' is set on object 'Object Repository/Page_CURA Healthcare Service/input_Username_username'

29-05-2024T22:19:34 - [MESSAGE][PASSED] - Text 'John Doe' is set on object 'Object Repository/Page_CURA Healthcare Service/input_Username_username'

29-05-2024T22:19:34 - [TEST_STEP][PASSED] - setEncryptedText(findTestObject("Object Repository/Page_CURA Healthcare Service/input_Password_password"), "g3/DOGG74jC3Flrr3yH+3D/yKbOqqUNM"): Text ****** has been set on object 'Object Repository/Page_CURA Healthcare Service/input_Password_password'

29-05-2024T22:19:35 - [MESSAGE][PASSED] - Text ****** has been set on object 'Object Repository/Page_CURA Healthcare Service/input_Password_password'

29-05-2024T22:19:35 - [TEST_STEP][PASSED] - click(findTestObject("Object Repository/Page_CURA Healthcare Service/button_Login")): Object: 'Object Repository/Page_CURA Healthcare Service/button_Login' is clicked on

29-05-2024T22:19:36 - [MESSAGE][PASSED] - Object: 'Object Repository/Page_CURA Healthcare Service/button_Login' is clicked on

29-05-2024T22:19:36 - [TEST_STEP][PASSED] - verifyElementVisible(findTestObject("Object Repository/Page_CURA Healthcare Service/form_Facility                              _20adf0")): Object 'Object Repository/Page_CURA Healthcare Service/form_Facility                              _20adf0' is visible

29-05-2024T22:19:36 - [MESSAGE][PASSED] - Object 'Object Repository/Page_CURA Healthcare Service/form_Facility                              _20adf0' is visible

29-05-2024T22:19:36 - [TEST_STEP][PASSED] - verifyElementText(findTestObject("Object Repository/Page_CURA Healthcare Service/h2_Make Appointment"), "Make Appointment"): Actual text and expected text of test object 'Object Repository/Page_CURA Healthcare Service/h2_Make Appointment' are matched.

29-05-2024T22:19:36 - [MESSAGE][PASSED] - Actual text and expected text of test object 'Object Repository/Page_CURA Healthcare Service/h2_Make Appointment' are matched.

29-05-2024T22:19:36 - [TEST_STEP][PASSED] - closeBrowser(): Browser is closed

29-05-2024T22:19:37 - [MESSAGE][PASSED] - Browser is closed]]></system-out>
         <system-err><![CDATA[]]></system-err>
      </testcase>
      <testcase name="Test Cases/CURA Healthcare/Verify_Navigateable_To_Login_Page" time="5.859" classname="Test Cases/CURA Healthcare/Verify_Navigateable_To_Login_Page" status="PASSED">
         <system-out><![CDATA[29-05-2024T22:19:37 - [TEST_CASE][PASSED] - Test Cases/CURA Healthcare/Verify_Navigateable_To_Login_Page: Test Cases/CURA Healthcare/Verify_Navigateable_To_Login_Page

29-05-2024T22:19:37 - [TEST_STEP][PASSED] - openBrowser(""): Browser is opened with url: ''

29-05-2024T22:19:37 - [MESSAGE][INFO] - Starting 'Chrome' driver

29-05-2024T22:19:37 - [MESSAGE][INFO] - Action delay is set to 0 milliseconds

29-05-2024T22:19:37 - [MESSAGE][PASSED] - Browser is opened with url: ''

29-05-2024T22:19:37 - [TEST_STEP][PASSED] - navigateToUrl("https://katalon-demo-cura.herokuapp.com/"): Navigate to 'https://katalon-demo-cura.herokuapp.com/' successfully

29-05-2024T22:19:40 - [MESSAGE][PASSED] - Navigate to 'https://katalon-demo-cura.herokuapp.com/' successfully

29-05-2024T22:19:40 - [TEST_STEP][PASSED] - click(findTestObject("Object Repository/Page_CURA Healthcare Service/i_infokatalon.com_fa fa-dribbble fa-fw fa-3x")): Object: 'Object Repository/Page_CURA Healthcare Service/i_infokatalon.com_fa fa-dribbble fa-fw fa-3x' is clicked on

29-05-2024T22:19:41 - [MESSAGE][PASSED] - Object: 'Object Repository/Page_CURA Healthcare Service/i_infokatalon.com_fa fa-dribbble fa-fw fa-3x' is clicked on

29-05-2024T22:19:41 - [TEST_STEP][PASSED] - click(findTestObject("Object Repository/Page_CURA Healthcare Service/a_Login")): Object: 'Object Repository/Page_CURA Healthcare Service/a_Login' is clicked on

29-05-2024T22:19:42 - [MESSAGE][PASSED] - Object: 'Object Repository/Page_CURA Healthcare Service/a_Login' is clicked on

29-05-2024T22:19:42 - [TEST_STEP][PASSED] - verifyElementText(findTestObject("Object Repository/Page_CURA Healthcare Service/h2_Login"), "Login"): Actual text and expected text of test object 'Object Repository/Page_CURA Healthcare Service/h2_Login' are matched.

29-05-2024T22:19:42 - [MESSAGE][PASSED] - Actual text and expected text of test object 'Object Repository/Page_CURA Healthcare Service/h2_Login' are matched.

29-05-2024T22:19:42 - [TEST_STEP][PASSED] - verifyElementText(findTestObject("Object Repository/Page_CURA Healthcare Service/p_Please login to make appointment"), "Please login to make appointment."): Actual text and expected text of test object 'Object Repository/Page_CURA Healthcare Service/p_Please login to make appointment' are matched.

29-05-2024T22:19:42 - [MESSAGE][PASSED] - Actual text and expected text of test object 'Object Repository/Page_CURA Healthcare Service/p_Please login to make appointment' are matched.

29-05-2024T22:19:42 - [TEST_STEP][PASSED] - closeBrowser(): Browser is closed

29-05-2024T22:19:42 - [MESSAGE][PASSED] - Browser is closed]]></system-out>
         <system-err><![CDATA[]]></system-err>
      </testcase>
      <system-out><![CDATA[29-05-2024T22:18:54 - [TEST_SUITE][PASSED] - Verify_Login_Form: Test Cases/CURA Healthcare/Verify_Navigateable_To_Login_Page]]></system-out>
      <system-err><![CDATA[]]></system-err>
   </testsuite>
   <testsuite name="Verify_Social_Icon" tests="3" failures="0" errors="0" time="14.484" skipped="0" timestamp="29-05-2024T22:19:03" hostname="PC - DESKTOP-EVNNDTO" id="Test Suites/CURA Healthcare/Verify_Social_Icon">
      <properties>
         <property name="deviceName" value=""/>
         <property name="devicePlatform" value=""/>
         <property name="logFolder" value="C:\\Users\\PC\\git\\katalon-first-project\\Reports\\20240529_221809\\CURA Healthcare\\Verify_Social_Icon\\20240529_221822"/>
         <property name="logFiles" value="C:\\Users\\PC\\git\\katalon-first-project\\Reports\\20240529_221809\\CURA Healthcare\\Verify_Social_Icon\\20240529_221822\\execution0.log"/>
         <property name="attachments" value=""/>
         <property name="hostName" value="PC - DESKTOP-EVNNDTO"/>
         <property name="os" value="Windows 11 64bit"/>
         <property name="katalonVersion" value="9.4.0.212"/>
         <property name="browser" value="Chrome 125.0.0.0"/>
         <property name="hostAddress" value="192.168.1.156"/>
         <property name="sessionId" value="919a03d70f34b4a04ccfc6d9ba703579"/>
         <property name="seleniumVersion" value="3.141.59"/>
         <property name="proxyInformation" value="ProxyInformation { proxyOption=NO_PROXY, proxyServerType=HTTP, username=, password=********, proxyServerAddress=, proxyServerPort=0, executionList=&quot;&quot;, isApplyToDesiredCapabilities=true }"/>
         <property name="platform" value="Windows 11"/>
      </properties>
      <testcase name="Test Cases/CURA Healthcare/Verify_Dribbble_Ico" time="5.438" classname="Test Cases/CURA Healthcare/Verify_Dribbble_Ico" status="PASSED">
         <system-out><![CDATA[29-05-2024T22:19:03 - [TEST_CASE][PASSED] - Test Cases/CURA Healthcare/Verify_Dribbble_Ico: Test Cases/CURA Healthcare/Verify_Dribbble_Ico

29-05-2024T22:19:03 - [TEST_STEP][PASSED] - openBrowser(""): Browser is opened with url: ''

29-05-2024T22:19:04 - [MESSAGE][INFO] - Starting 'Chrome' driver

29-05-2024T22:19:04 - [MESSAGE][INFO] - Action delay is set to 0 milliseconds

29-05-2024T22:19:05 - [MESSAGE][PASSED] - Browser is opened with url: ''

29-05-2024T22:19:05 - [TEST_STEP][PASSED] - navigateToUrl("https://katalon-demo-cura.herokuapp.com/"): Navigate to 'https://katalon-demo-cura.herokuapp.com/' successfully

29-05-2024T22:19:08 - [MESSAGE][PASSED] - Navigate to 'https://katalon-demo-cura.herokuapp.com/' successfully

29-05-2024T22:19:08 - [TEST_STEP][PASSED] - verifyElementPresent(findTestObject("Page_CURA Healthcare Service/i_infokatalon.com_fa fa-dribbble fa-fw fa-3x"), 0): Object 'Object Repository/Page_CURA Healthcare Service/i_infokatalon.com_fa fa-dribbble fa-fw fa-3x' is present

29-05-2024T22:19:08 - [MESSAGE][WARNING] - Timeout '0' is invalid. Using default page load timeout: '30'

29-05-2024T22:19:08 - [MESSAGE][PASSED] - Object 'Object Repository/Page_CURA Healthcare Service/i_infokatalon.com_fa fa-dribbble fa-fw fa-3x' is present

29-05-2024T22:19:08 - [TEST_STEP][PASSED] - closeBrowser(): Browser is closed

29-05-2024T22:19:08 - [MESSAGE][PASSED] - Browser is closed]]></system-out>
         <system-err><![CDATA[]]></system-err>
      </testcase>
      <testcase name="Test Cases/CURA Healthcare/Verify_Facebook_Ico" time="4.333" classname="Test Cases/CURA Healthcare/Verify_Facebook_Ico" status="PASSED">
         <system-out><![CDATA[29-05-2024T22:19:08 - [TEST_CASE][PASSED] - Test Cases/CURA Healthcare/Verify_Facebook_Ico: Test Cases/CURA Healthcare/Verify_Facebook_Ico

29-05-2024T22:19:08 - [TEST_STEP][PASSED] - openBrowser(""): Browser is opened with url: ''

29-05-2024T22:19:08 - [MESSAGE][INFO] - Starting 'Chrome' driver

29-05-2024T22:19:08 - [MESSAGE][INFO] - Action delay is set to 0 milliseconds

29-05-2024T22:19:09 - [MESSAGE][PASSED] - Browser is opened with url: ''

29-05-2024T22:19:09 - [TEST_STEP][PASSED] - navigateToUrl("https://katalon-demo-cura.herokuapp.com/"): Navigate to 'https://katalon-demo-cura.herokuapp.com/' successfully

29-05-2024T22:19:12 - [MESSAGE][PASSED] - Navigate to 'https://katalon-demo-cura.herokuapp.com/' successfully

29-05-2024T22:19:12 - [TEST_STEP][PASSED] - verifyElementPresent(findTestObject("Object Repository/Page_CURA Healthcare Service/i_infokatalon.com_fa fa-facebook fa-fw fa-3x"), 0): Object 'Object Repository/Page_CURA Healthcare Service/i_infokatalon.com_fa fa-facebook fa-fw fa-3x' is present

29-05-2024T22:19:12 - [MESSAGE][WARNING] - Timeout '0' is invalid. Using default page load timeout: '30'

29-05-2024T22:19:13 - [MESSAGE][PASSED] - Object 'Object Repository/Page_CURA Healthcare Service/i_infokatalon.com_fa fa-facebook fa-fw fa-3x' is present

29-05-2024T22:19:13 - [TEST_STEP][PASSED] - closeBrowser(): Browser is closed

29-05-2024T22:19:13 - [MESSAGE][PASSED] - Browser is closed]]></system-out>
         <system-err><![CDATA[]]></system-err>
      </testcase>
      <testcase name="Test Cases/CURA Healthcare/Verify_Twitter_Ico" time="4.435" classname="Test Cases/CURA Healthcare/Verify_Twitter_Ico" status="PASSED">
         <system-out><![CDATA[29-05-2024T22:19:13 - [TEST_CASE][PASSED] - Test Cases/CURA Healthcare/Verify_Twitter_Ico: Test Cases/CURA Healthcare/Verify_Twitter_Ico

29-05-2024T22:19:13 - [TEST_STEP][PASSED] - openBrowser(""): Browser is opened with url: ''

29-05-2024T22:19:13 - [MESSAGE][INFO] - Starting 'Chrome' driver

29-05-2024T22:19:13 - [MESSAGE][INFO] - Action delay is set to 0 milliseconds

29-05-2024T22:19:14 - [MESSAGE][PASSED] - Browser is opened with url: ''

29-05-2024T22:19:14 - [TEST_STEP][PASSED] - navigateToUrl("https://katalon-demo-cura.herokuapp.com/"): Navigate to 'https://katalon-demo-cura.herokuapp.com/' successfully

29-05-2024T22:19:17 - [MESSAGE][PASSED] - Navigate to 'https://katalon-demo-cura.herokuapp.com/' successfully

29-05-2024T22:19:17 - [TEST_STEP][PASSED] - verifyElementPresent(findTestObject("Object Repository/Page_CURA Healthcare Service/i_infokatalon.com_fa fa-facebook fa-fw fa-3x"), 0): Object 'Object Repository/Page_CURA Healthcare Service/i_infokatalon.com_fa fa-facebook fa-fw fa-3x' is present

29-05-2024T22:19:17 - [MESSAGE][WARNING] - Timeout '0' is invalid. Using default page load timeout: '30'

29-05-2024T22:19:17 - [MESSAGE][PASSED] - Object 'Object Repository/Page_CURA Healthcare Service/i_infokatalon.com_fa fa-facebook fa-fw fa-3x' is present

29-05-2024T22:19:17 - [TEST_STEP][PASSED] - closeBrowser(): Browser is closed

29-05-2024T22:19:17 - [MESSAGE][PASSED] - Browser is closed]]></system-out>
         <system-err><![CDATA[]]></system-err>
      </testcase>
      <system-out><![CDATA[29-05-2024T22:19:03 - [TEST_SUITE][PASSED] - Verify_Social_Icon: Test Cases/CURA Healthcare/Verify_Twitter_Ico]]></system-out>
      <system-err><![CDATA[]]></system-err>
   </testsuite>
   <testsuite name="Verify_Something" tests="2" failures="0" errors="0" time="26.032" skipped="0" timestamp="29-05-2024T22:19:27" hostname="PC - DESKTOP-EVNNDTO" id="Test Suites/CURA Healthcare/Verify_Something">
      <properties>
         <property name="deviceName" value=""/>
         <property name="devicePlatform" value=""/>
         <property name="logFolder" value="C:\\Users\\PC\\git\\katalon-first-project\\Reports\\20240529_221809\\CURA Healthcare\\Verify_Something\\20240529_221824"/>
         <property name="logFiles" value="C:\\Users\\PC\\git\\katalon-first-project\\Reports\\20240529_221809\\CURA Healthcare\\Verify_Something\\20240529_221824\\execution0.log"/>
         <property name="attachments" value=""/>
         <property name="hostName" value="PC - DESKTOP-EVNNDTO"/>
         <property name="os" value="Windows 11 64bit"/>
         <property name="katalonVersion" value="9.4.0.212"/>
         <property name="browser" value="Chrome 125.0.0.0"/>
         <property name="hostAddress" value="192.168.1.156"/>
         <property name="sessionId" value="fe7b6fc299455b6023d335b7b3c8fa6a"/>
         <property name="seleniumVersion" value="3.141.59"/>
         <property name="proxyInformation" value="ProxyInformation { proxyOption=NO_PROXY, proxyServerType=HTTP, username=, password=********, proxyServerAddress=, proxyServerPort=0, executionList=&quot;&quot;, isApplyToDesiredCapabilities=true }"/>
         <property name="platform" value="Windows 11"/>
      </properties>
      <testcase name="Test Cases/CURA Healthcare/Make_Appointment_And_Verify_Info" time="13.153" classname="Test Cases/CURA Healthcare/Make_Appointment_And_Verify_Info" status="PASSED">
         <system-out><![CDATA[29-05-2024T22:19:27 - [TEST_CASE][PASSED] - Test Cases/CURA Healthcare/Make_Appointment_And_Verify_Info: Test Cases/CURA Healthcare/Make_Appointment_And_Verify_Info

29-05-2024T22:19:28 - [TEST_STEP][PASSED] - openBrowser(""): Browser is opened with url: ''

29-05-2024T22:19:28 - [MESSAGE][INFO] - Starting 'Chrome' driver

29-05-2024T22:19:28 - [MESSAGE][INFO] - Action delay is set to 0 milliseconds

29-05-2024T22:19:29 - [MESSAGE][PASSED] - Browser is opened with url: ''

29-05-2024T22:19:29 - [TEST_STEP][PASSED] - navigateToUrl("https://katalon-demo-cura.herokuapp.com/"): Navigate to 'https://katalon-demo-cura.herokuapp.com/' successfully

29-05-2024T22:19:32 - [MESSAGE][PASSED] - Navigate to 'https://katalon-demo-cura.herokuapp.com/' successfully

29-05-2024T22:19:32 - [TEST_STEP][PASSED] - click(findTestObject("Object Repository/Page_CURA Healthcare Service/a_Make Appointment")): Object: 'Object Repository/Page_CURA Healthcare Service/a_Make Appointment' is clicked on

29-05-2024T22:19:33 - [MESSAGE][PASSED] - Object: 'Object Repository/Page_CURA Healthcare Service/a_Make Appointment' is clicked on

29-05-2024T22:19:33 - [TEST_STEP][PASSED] - setText(findTestObject("Object Repository/Page_CURA Healthcare Service/input_Username_username"), "John Doe"): Text 'John Doe' is set on object 'Object Repository/Page_CURA Healthcare Service/input_Username_username'

29-05-2024T22:19:34 - [MESSAGE][PASSED] - Text 'John Doe' is set on object 'Object Repository/Page_CURA Healthcare Service/input_Username_username'

29-05-2024T22:19:34 - [TEST_STEP][PASSED] - setEncryptedText(findTestObject("Object Repository/Page_CURA Healthcare Service/input_Password_password"), "g3/DOGG74jC3Flrr3yH+3D/yKbOqqUNM"): Text ****** has been set on object 'Object Repository/Page_CURA Healthcare Service/input_Password_password'

29-05-2024T22:19:34 - [MESSAGE][PASSED] - Text ****** has been set on object 'Object Repository/Page_CURA Healthcare Service/input_Password_password'

29-05-2024T22:19:34 - [TEST_STEP][PASSED] - click(findTestObject("Object Repository/Page_CURA Healthcare Service/button_Login")): Object: 'Object Repository/Page_CURA Healthcare Service/button_Login' is clicked on

29-05-2024T22:19:35 - [MESSAGE][PASSED] - Object: 'Object Repository/Page_CURA Healthcare Service/button_Login' is clicked on

29-05-2024T22:19:35 - [TEST_STEP][PASSED] - selectOptionByValue(findTestObject("Object Repository/Page_CURA Healthcare Service/select_Tokyo CURA Healthcare Center        _5b4107"), "Hongkong CURA Healthcare Center", true): All options with value 'Hongkong CURA Healthcare Center' are selected in object 'Object Repository/Page_CURA Healthcare Service/select_Tokyo CURA Healthcare Center        _5b4107'  using regular expression

29-05-2024T22:19:36 - [MESSAGE][PASSED] - All options with value 'Hongkong CURA Healthcare Center' are selected in object 'Object Repository/Page_CURA Healthcare Service/select_Tokyo CURA Healthcare Center        _5b4107'  using regular expression

29-05-2024T22:19:36 - [TEST_STEP][PASSED] - click(findTestObject("Object Repository/Page_CURA Healthcare Service/input_Apply for hospital readmission_hospit_63901f")): Object: 'Object Repository/Page_CURA Healthcare Service/input_Apply for hospital readmission_hospit_63901f' is clicked on

29-05-2024T22:19:36 - [MESSAGE][PASSED] - Object: 'Object Repository/Page_CURA Healthcare Service/input_Apply for hospital readmission_hospit_63901f' is clicked on

29-05-2024T22:19:36 - [TEST_STEP][PASSED] - click(findTestObject("Object Repository/Page_CURA Healthcare Service/input_Medicaid_programs")): Object: 'Object Repository/Page_CURA Healthcare Service/input_Medicaid_programs' is clicked on

29-05-2024T22:19:36 - [MESSAGE][PASSED] - Object: 'Object Repository/Page_CURA Healthcare Service/input_Medicaid_programs' is clicked on

29-05-2024T22:19:36 - [TEST_STEP][PASSED] - click(findTestObject("Object Repository/Page_CURA Healthcare Service/span_Visit Date (Required)_glyphicon glyphi_cada34")): Object: 'Object Repository/Page_CURA Healthcare Service/span_Visit Date (Required)_glyphicon glyphi_cada34' is clicked on

29-05-2024T22:19:37 - [MESSAGE][PASSED] - Object: 'Object Repository/Page_CURA Healthcare Service/span_Visit Date (Required)_glyphicon glyphi_cada34' is clicked on

29-05-2024T22:19:37 - [TEST_STEP][PASSED] - click(findTestObject("Object Repository/Page_CURA Healthcare Service/td_31")): Object: 'Object Repository/Page_CURA Healthcare Service/td_31' is clicked on

29-05-2024T22:19:37 - [MESSAGE][PASSED] - Object: 'Object Repository/Page_CURA Healthcare Service/td_31' is clicked on

29-05-2024T22:19:37 - [TEST_STEP][PASSED] - setText(findTestObject("Object Repository/Page_CURA Healthcare Service/textarea_Comment_comment"), "HetTV"): Text 'HetTV' is set on object 'Object Repository/Page_CURA Healthcare Service/textarea_Comment_comment'

29-05-2024T22:19:38 - [MESSAGE][PASSED] - Text 'HetTV' is set on object 'Object Repository/Page_CURA Healthcare Service/textarea_Comment_comment'

29-05-2024T22:19:38 - [TEST_STEP][PASSED] - click(findTestObject("Object Repository/Page_CURA Healthcare Service/button_Book Appointment")): Object: 'Object Repository/Page_CURA Healthcare Service/button_Book Appointment' is clicked on

29-05-2024T22:19:39 - [MESSAGE][PASSED] - Object: 'Object Repository/Page_CURA Healthcare Service/button_Book Appointment' is clicked on

29-05-2024T22:19:39 - [TEST_STEP][PASSED] - verifyElementText(findTestObject("Object Repository/Page_CURA Healthcare Service/p_Hongkong CURA Healthcare Center"), "Hongkong CURA Healthcare Center"): Actual text and expected text of test object 'Object Repository/Page_CURA Healthcare Service/p_Hongkong CURA Healthcare Center' are matched.

29-05-2024T22:19:39 - [MESSAGE][PASSED] - Actual text and expected text of test object 'Object Repository/Page_CURA Healthcare Service/p_Hongkong CURA Healthcare Center' are matched.

29-05-2024T22:19:39 - [TEST_STEP][PASSED] - verifyElementText(findTestObject("Object Repository/Page_CURA Healthcare Service/p_Medicaid"), "Medicaid"): Actual text and expected text of test object 'Object Repository/Page_CURA Healthcare Service/p_Medicaid' are matched.

29-05-2024T22:19:40 - [MESSAGE][PASSED] - Actual text and expected text of test object 'Object Repository/Page_CURA Healthcare Service/p_Medicaid' are matched.

29-05-2024T22:19:40 - [TEST_STEP][PASSED] - verifyElementText(findTestObject("Object Repository/Page_CURA Healthcare Service/p_HetTV"), "HetTV"): Actual text and expected text of test object 'Object Repository/Page_CURA Healthcare Service/p_HetTV' are matched.

29-05-2024T22:19:40 - [MESSAGE][PASSED] - Actual text and expected text of test object 'Object Repository/Page_CURA Healthcare Service/p_HetTV' are matched.

29-05-2024T22:19:40 - [TEST_STEP][PASSED] - click(findTestObject("Object Repository/Page_CURA Healthcare Service/a_Go to Homepage")): Object: 'Object Repository/Page_CURA Healthcare Service/a_Go to Homepage' is clicked on

29-05-2024T22:19:40 - [MESSAGE][PASSED] - Object: 'Object Repository/Page_CURA Healthcare Service/a_Go to Homepage' is clicked on

29-05-2024T22:19:40 - [TEST_STEP][PASSED] - closeBrowser(): Browser is closed

29-05-2024T22:19:41 - [MESSAGE][PASSED] - Browser is closed]]></system-out>
         <system-err><![CDATA[]]></system-err>
      </testcase>
      <testcase name="Test Cases/CURA Healthcare/Verify_Book_Appointment_Seoul" time="12.734" classname="Test Cases/CURA Healthcare/Verify_Book_Appointment_Seoul" status="PASSED">
         <system-out><![CDATA[29-05-2024T22:19:41 - [TEST_CASE][PASSED] - Test Cases/CURA Healthcare/Verify_Book_Appointment_Seoul: Test Cases/CURA Healthcare/Verify_Book_Appointment_Seoul

29-05-2024T22:19:41 - [TEST_STEP][PASSED] - openBrowser(""): Browser is opened with url: ''

29-05-2024T22:19:41 - [MESSAGE][INFO] - Starting 'Chrome' driver

29-05-2024T22:19:41 - [MESSAGE][INFO] - Action delay is set to 0 milliseconds

29-05-2024T22:19:41 - [MESSAGE][PASSED] - Browser is opened with url: ''

29-05-2024T22:19:41 - [TEST_STEP][PASSED] - navigateToUrl("https://katalon-demo-cura.herokuapp.com/"): Navigate to 'https://katalon-demo-cura.herokuapp.com/' successfully

29-05-2024T22:19:44 - [MESSAGE][PASSED] - Navigate to 'https://katalon-demo-cura.herokuapp.com/' successfully

29-05-2024T22:19:44 - [TEST_STEP][PASSED] - click(findTestObject("Object Repository/Page_CURA Healthcare Service/a_CURA Healthcare_menu-toggle")): Object: 'Object Repository/Page_CURA Healthcare Service/a_CURA Healthcare_menu-toggle' is clicked on

29-05-2024T22:19:44 - [MESSAGE][PASSED] - Object: 'Object Repository/Page_CURA Healthcare Service/a_CURA Healthcare_menu-toggle' is clicked on

29-05-2024T22:19:44 - [TEST_STEP][PASSED] - click(findTestObject("Object Repository/Page_CURA Healthcare Service/a_Login")): Object: 'Object Repository/Page_CURA Healthcare Service/a_Login' is clicked on

29-05-2024T22:19:45 - [MESSAGE][PASSED] - Object: 'Object Repository/Page_CURA Healthcare Service/a_Login' is clicked on

29-05-2024T22:19:45 - [TEST_STEP][PASSED] - setText(findTestObject("Object Repository/Page_CURA Healthcare Service/input_Username_username"), "John Doe"): Text 'John Doe' is set on object 'Object Repository/Page_CURA Healthcare Service/input_Username_username'

29-05-2024T22:19:46 - [MESSAGE][PASSED] - Text 'John Doe' is set on object 'Object Repository/Page_CURA Healthcare Service/input_Username_username'

29-05-2024T22:19:46 - [TEST_STEP][PASSED] - setEncryptedText(findTestObject("Object Repository/Page_CURA Healthcare Service/input_Password_password"), "g3/DOGG74jC3Flrr3yH+3D/yKbOqqUNM"): Text ****** has been set on object 'Object Repository/Page_CURA Healthcare Service/input_Password_password'

29-05-2024T22:19:47 - [MESSAGE][PASSED] - Text ****** has been set on object 'Object Repository/Page_CURA Healthcare Service/input_Password_password'

29-05-2024T22:19:47 - [TEST_STEP][PASSED] - click(findTestObject("Object Repository/Page_CURA Healthcare Service/button_Login")): Object: 'Object Repository/Page_CURA Healthcare Service/button_Login' is clicked on

29-05-2024T22:19:47 - [MESSAGE][PASSED] - Object: 'Object Repository/Page_CURA Healthcare Service/button_Login' is clicked on

29-05-2024T22:19:47 - [TEST_STEP][PASSED] - selectOptionByValue(findTestObject("Object Repository/Page_CURA Healthcare Service/select_Tokyo CURA Healthcare Center        _5b4107"), "Seoul CURA Healthcare Center", true): All options with value 'Seoul CURA Healthcare Center' are selected in object 'Object Repository/Page_CURA Healthcare Service/select_Tokyo CURA Healthcare Center        _5b4107'  using regular expression

29-05-2024T22:19:48 - [MESSAGE][PASSED] - All options with value 'Seoul CURA Healthcare Center' are selected in object 'Object Repository/Page_CURA Healthcare Service/select_Tokyo CURA Healthcare Center        _5b4107'  using regular expression

29-05-2024T22:19:48 - [TEST_STEP][PASSED] - click(findTestObject("Object Repository/Page_CURA Healthcare Service/label_None")): Object: 'Object Repository/Page_CURA Healthcare Service/label_None' is clicked on

29-05-2024T22:19:49 - [MESSAGE][PASSED] - Object: 'Object Repository/Page_CURA Healthcare Service/label_None' is clicked on

29-05-2024T22:19:49 - [TEST_STEP][PASSED] - click(findTestObject("Object Repository/Page_CURA Healthcare Service/span_Visit Date (Required)_glyphicon glyphi_cada34")): Object: 'Object Repository/Page_CURA Healthcare Service/span_Visit Date (Required)_glyphicon glyphi_cada34' is clicked on

29-05-2024T22:19:49 - [MESSAGE][PASSED] - Object: 'Object Repository/Page_CURA Healthcare Service/span_Visit Date (Required)_glyphicon glyphi_cada34' is clicked on

29-05-2024T22:19:49 - [TEST_STEP][PASSED] - click(findTestObject("Object Repository/Page_CURA Healthcare Service/td_30")): Object: 'Object Repository/Page_CURA Healthcare Service/td_30' is clicked on

29-05-2024T22:19:49 - [MESSAGE][PASSED] - Object: 'Object Repository/Page_CURA Healthcare Service/td_30' is clicked on

29-05-2024T22:19:49 - [TEST_STEP][PASSED] - setText(findTestObject("Object Repository/Page_CURA Healthcare Service/textarea_Comment_comment"), "30/05/2024"): Text '30/05/2024' is set on object 'Object Repository/Page_CURA Healthcare Service/textarea_Comment_comment'

29-05-2024T22:19:50 - [MESSAGE][PASSED] - Text '30/05/2024' is set on object 'Object Repository/Page_CURA Healthcare Service/textarea_Comment_comment'

29-05-2024T22:19:50 - [TEST_STEP][PASSED] - click(findTestObject("Object Repository/Page_CURA Healthcare Service/button_Book Appointment")): Object: 'Object Repository/Page_CURA Healthcare Service/button_Book Appointment' is clicked on

29-05-2024T22:19:51 - [MESSAGE][PASSED] - Object: 'Object Repository/Page_CURA Healthcare Service/button_Book Appointment' is clicked on

29-05-2024T22:19:51 - [TEST_STEP][PASSED] - rightClick(findTestObject("Object Repository/Page_CURA Healthcare Service/p_Seoul CURA Healthcare Center")): Object: 'Object Repository/Page_CURA Healthcare Service/p_Seoul CURA Healthcare Center' is right clicked on

29-05-2024T22:19:51 - [MESSAGE][PASSED] - Object: 'Object Repository/Page_CURA Healthcare Service/p_Seoul CURA Healthcare Center' is right clicked on

29-05-2024T22:19:51 - [TEST_STEP][PASSED] - verifyElementText(findTestObject("Object Repository/Page_CURA Healthcare Service/p_Seoul CURA Healthcare Center"), "Seoul CURA Healthcare Center"): Actual text and expected text of test object 'Object Repository/Page_CURA Healthcare Service/p_Seoul CURA Healthcare Center' are matched.

29-05-2024T22:19:52 - [MESSAGE][PASSED] - Actual text and expected text of test object 'Object Repository/Page_CURA Healthcare Service/p_Seoul CURA Healthcare Center' are matched.

29-05-2024T22:19:52 - [TEST_STEP][PASSED] - verifyElementText(findTestObject("Object Repository/Page_CURA Healthcare Service/p_None"), "None"): Actual text and expected text of test object 'Object Repository/Page_CURA Healthcare Service/p_None' are matched.

29-05-2024T22:19:52 - [MESSAGE][PASSED] - Actual text and expected text of test object 'Object Repository/Page_CURA Healthcare Service/p_None' are matched.

29-05-2024T22:19:52 - [TEST_STEP][PASSED] - verifyElementText(findTestObject("Object Repository/Page_CURA Healthcare Service/p_30052024"), "30/05/2024"): Actual text and expected text of test object 'Object Repository/Page_CURA Healthcare Service/p_30052024' are matched.

29-05-2024T22:19:52 - [MESSAGE][PASSED] - Actual text and expected text of test object 'Object Repository/Page_CURA Healthcare Service/p_30052024' are matched.

29-05-2024T22:19:52 - [TEST_STEP][PASSED] - verifyElementText(findTestObject("Object Repository/Page_CURA Healthcare Service/p_30052024_1"), "30/05/2024"): Actual text and expected text of test object 'Object Repository/Page_CURA Healthcare Service/p_30052024_1' are matched.

29-05-2024T22:19:53 - [MESSAGE][PASSED] - Actual text and expected text of test object 'Object Repository/Page_CURA Healthcare Service/p_30052024_1' are matched.

29-05-2024T22:19:53 - [TEST_STEP][PASSED] - click(findTestObject("Object Repository/Page_CURA Healthcare Service/a_Go to Homepage")): Object: 'Object Repository/Page_CURA Healthcare Service/a_Go to Homepage' is clicked on

29-05-2024T22:19:53 - [MESSAGE][PASSED] - Object: 'Object Repository/Page_CURA Healthcare Service/a_Go to Homepage' is clicked on

29-05-2024T22:19:53 - [TEST_STEP][PASSED] - closeBrowser(): Browser is closed

29-05-2024T22:19:53 - [MESSAGE][PASSED] - Browser is closed]]></system-out>
         <system-err><![CDATA[]]></system-err>
      </testcase>
      <system-out><![CDATA[29-05-2024T22:19:27 - [TEST_SUITE][PASSED] - Verify_Something: Test Cases/CURA Healthcare/Verify_Book_Appointment_Seoul]]></system-out>
      <system-err><![CDATA[]]></system-err>
   </testsuite>
   <testsuite name="Verify_Toogle_Menu_Bar" tests="3" failures="0" errors="0" time="15.781" skipped="0" timestamp="29-05-2024T22:19:48" hostname="PC - DESKTOP-EVNNDTO" id="Test Suites/CURA Healthcare/Verify_Toogle_Menu_Bar">
      <properties>
         <property name="deviceName" value=""/>
         <property name="devicePlatform" value=""/>
         <property name="logFolder" value="C:\\Users\\PC\\git\\katalon-first-project\\Reports\\20240529_221809\\CURA Healthcare\\Verify_Toogle_Menu_Bar\\20240529_221826"/>
         <property name="logFiles" value="C:\\Users\\PC\\git\\katalon-first-project\\Reports\\20240529_221809\\CURA Healthcare\\Verify_Toogle_Menu_Bar\\20240529_221826\\execution0.log"/>
         <property name="attachments" value=""/>
         <property name="hostName" value="PC - DESKTOP-EVNNDTO"/>
         <property name="os" value="Windows 11 64bit"/>
         <property name="katalonVersion" value="9.4.0.212"/>
         <property name="browser" value="Chrome 125.0.0.0"/>
         <property name="hostAddress" value="192.168.1.156"/>
         <property name="sessionId" value="311796dc0f43bdad94729ee0372e185d"/>
         <property name="seleniumVersion" value="3.141.59"/>
         <property name="proxyInformation" value="ProxyInformation { proxyOption=NO_PROXY, proxyServerType=HTTP, username=, password=********, proxyServerAddress=, proxyServerPort=0, executionList=&quot;&quot;, isApplyToDesiredCapabilities=true }"/>
         <property name="platform" value="Windows 11"/>
      </properties>
      <testcase name="Test Cases/CURA Healthcare/Verify_Toogle_Menu_Items" time="6.587" classname="Test Cases/CURA Healthcare/Verify_Toogle_Menu_Items" status="PASSED">
         <system-out><![CDATA[29-05-2024T22:19:48 - [TEST_CASE][PASSED] - Test Cases/CURA Healthcare/Verify_Toogle_Menu_Items: Test Cases/CURA Healthcare/Verify_Toogle_Menu_Items

29-05-2024T22:19:49 - [TEST_STEP][PASSED] - openBrowser(""): Browser is opened with url: ''

29-05-2024T22:19:49 - [MESSAGE][INFO] - Starting 'Chrome' driver

29-05-2024T22:19:49 - [MESSAGE][INFO] - Action delay is set to 0 milliseconds

29-05-2024T22:19:50 - [MESSAGE][PASSED] - Browser is opened with url: ''

29-05-2024T22:19:50 - [TEST_STEP][PASSED] - navigateToUrl("https://katalon-demo-cura.herokuapp.com/"): Navigate to 'https://katalon-demo-cura.herokuapp.com/' successfully

29-05-2024T22:19:53 - [MESSAGE][PASSED] - Navigate to 'https://katalon-demo-cura.herokuapp.com/' successfully

29-05-2024T22:19:53 - [TEST_STEP][PASSED] - click(findTestObject("Object Repository/Page_CURA Healthcare Service/a_CURA Healthcare_menu-toggle")): Object: 'Object Repository/Page_CURA Healthcare Service/a_CURA Healthcare_menu-toggle' is clicked on

29-05-2024T22:19:54 - [MESSAGE][PASSED] - Object: 'Object Repository/Page_CURA Healthcare Service/a_CURA Healthcare_menu-toggle' is clicked on

29-05-2024T22:19:54 - [TEST_STEP][PASSED] - verifyElementText(findTestObject("Object Repository/Page_CURA Healthcare Service/a_CURA Healthcare"), "CURA Healthcare"): Actual text and expected text of test object 'Object Repository/Page_CURA Healthcare Service/a_CURA Healthcare' are matched.

29-05-2024T22:19:54 - [MESSAGE][PASSED] - Actual text and expected text of test object 'Object Repository/Page_CURA Healthcare Service/a_CURA Healthcare' are matched.

29-05-2024T22:19:54 - [TEST_STEP][PASSED] - verifyElementText(findTestObject("Object Repository/Page_CURA Healthcare Service/a_Home"), "Home"): Actual text and expected text of test object 'Object Repository/Page_CURA Healthcare Service/a_Home' are matched.

29-05-2024T22:19:54 - [MESSAGE][PASSED] - Actual text and expected text of test object 'Object Repository/Page_CURA Healthcare Service/a_Home' are matched.

29-05-2024T22:19:54 - [TEST_STEP][PASSED] - verifyElementText(findTestObject("Object Repository/Page_CURA Healthcare Service/a_Login"), "Login"): Actual text and expected text of test object 'Object Repository/Page_CURA Healthcare Service/a_Login' are matched.

29-05-2024T22:19:55 - [MESSAGE][PASSED] - Actual text and expected text of test object 'Object Repository/Page_CURA Healthcare Service/a_Login' are matched.

29-05-2024T22:19:55 - [TEST_STEP][PASSED] - closeBrowser(): Browser is closed

29-05-2024T22:19:55 - [MESSAGE][PASSED] - Browser is closed]]></system-out>
         <system-err><![CDATA[]]></system-err>
      </testcase>
      <testcase name="Test Cases/CURA Healthcare/Verify_Toggle_Menu" time="4.27" classname="Test Cases/CURA Healthcare/Verify_Toggle_Menu" status="PASSED">
         <system-out><![CDATA[29-05-2024T22:19:55 - [TEST_CASE][PASSED] - Test Cases/CURA Healthcare/Verify_Toggle_Menu: Test Cases/CURA Healthcare/Verify_Toggle_Menu

29-05-2024T22:19:55 - [TEST_STEP][PASSED] - openBrowser(""): Browser is opened with url: ''

29-05-2024T22:19:55 - [MESSAGE][INFO] - Starting 'Chrome' driver

29-05-2024T22:19:55 - [MESSAGE][INFO] - Action delay is set to 0 milliseconds

29-05-2024T22:19:56 - [MESSAGE][PASSED] - Browser is opened with url: ''

29-05-2024T22:19:56 - [TEST_STEP][PASSED] - navigateToUrl("https://katalon-demo-cura.herokuapp.com/"): Navigate to 'https://katalon-demo-cura.herokuapp.com/' successfully

29-05-2024T22:19:59 - [MESSAGE][PASSED] - Navigate to 'https://katalon-demo-cura.herokuapp.com/' successfully

29-05-2024T22:19:59 - [TEST_STEP][PASSED] - verifyElementVisible(findTestObject("Object Repository/Page_CURA Healthcare Service/a_CURA Healthcare_menu-toggle")): Object 'Object Repository/Page_CURA Healthcare Service/a_CURA Healthcare_menu-toggle' is visible

29-05-2024T22:19:59 - [MESSAGE][PASSED] - Object 'Object Repository/Page_CURA Healthcare Service/a_CURA Healthcare_menu-toggle' is visible

29-05-2024T22:19:59 - [TEST_STEP][PASSED] - closeBrowser(): Browser is closed

29-05-2024T22:19:59 - [MESSAGE][PASSED] - Browser is closed]]></system-out>
         <system-err><![CDATA[]]></system-err>
      </testcase>
      <testcase name="Test Cases/CURA Healthcare/Verify_Clickable_Toggle_Menu" time="4.801" classname="Test Cases/CURA Healthcare/Verify_Clickable_Toggle_Menu" status="PASSED">
         <system-out><![CDATA[29-05-2024T22:19:59 - [TEST_CASE][PASSED] - Test Cases/CURA Healthcare/Verify_Clickable_Toggle_Menu: Test Cases/CURA Healthcare/Verify_Clickable_Toggle_Menu

29-05-2024T22:19:59 - [TEST_STEP][PASSED] - openBrowser(""): Browser is opened with url: ''

29-05-2024T22:19:59 - [MESSAGE][INFO] - Starting 'Chrome' driver

29-05-2024T22:19:59 - [MESSAGE][INFO] - Action delay is set to 0 milliseconds

29-05-2024T22:20:00 - [MESSAGE][PASSED] - Browser is opened with url: ''

29-05-2024T22:20:00 - [TEST_STEP][PASSED] - navigateToUrl("https://katalon-demo-cura.herokuapp.com/"): Navigate to 'https://katalon-demo-cura.herokuapp.com/' successfully

29-05-2024T22:20:03 - [MESSAGE][PASSED] - Navigate to 'https://katalon-demo-cura.herokuapp.com/' successfully

29-05-2024T22:20:03 - [TEST_STEP][PASSED] - click(findTestObject("Object Repository/Page_CURA Healthcare Service/a_CURA Healthcare_menu-toggle")): Object: 'Object Repository/Page_CURA Healthcare Service/a_CURA Healthcare_menu-toggle' is clicked on

29-05-2024T22:20:03 - [MESSAGE][PASSED] - Object: 'Object Repository/Page_CURA Healthcare Service/a_CURA Healthcare_menu-toggle' is clicked on

29-05-2024T22:20:03 - [TEST_STEP][PASSED] - verifyElementVisible(findTestObject("Object Repository/Page_CURA Healthcare Service/nav_CURA Healthcare                        _1b5e83")): Object 'Object Repository/Page_CURA Healthcare Service/nav_CURA Healthcare                        _1b5e83' is visible

29-05-2024T22:20:04 - [MESSAGE][PASSED] - Object 'Object Repository/Page_CURA Healthcare Service/nav_CURA Healthcare                        _1b5e83' is visible

29-05-2024T22:20:04 - [TEST_STEP][PASSED] - closeBrowser(): Browser is closed

29-05-2024T22:20:04 - [MESSAGE][PASSED] - Browser is closed]]></system-out>
         <system-err><![CDATA[]]></system-err>
      </testcase>
      <system-out><![CDATA[29-05-2024T22:19:48 - [TEST_SUITE][PASSED] - Verify_Toogle_Menu_Bar: Test Cases/CURA Healthcare/Verify_Clickable_Toggle_Menu]]></system-out>
      <system-err><![CDATA[]]></system-err>
   </testsuite>
</testsuites>
