<?xml version="1.0" encoding="UTF-8"?>
<testsuites name="open lazada" time="73.032" tests="3" failures="0" errors="0">
   <testsuite name="open lazada" tests="3" failures="0" errors="0" time="73.032" skipped="0" timestamp="29-05-2024T20:31:30" hostname="PC - DESKTOP-EVNNDTO" id="Test Suites/Lazada/open lazada">
      <properties>
         <property name="deviceName" value=""/>
         <property name="devicePlatform" value=""/>
         <property name="logFolder" value="C:\\Users\\PC\\git\\katalon-first-project\\Reports\\20240529_203125\\Lazada\\open lazada\\20240529_203125"/>
         <property name="logFiles" value="C:\\Users\\PC\\git\\katalon-first-project\\Reports\\20240529_203125\\Lazada\\open lazada\\20240529_203125\\execution0.log"/>
         <property name="attachments" value=""/>
         <property name="hostName" value="PC - DESKTOP-EVNNDTO"/>
         <property name="os" value="Windows 11 64bit"/>
         <property name="katalonVersion" value="9.4.0.212"/>
         <property name="browser" value="Chrome 125.0.0.0"/>
         <property name="hostAddress" value="192.168.1.156"/>
         <property name="sessionId" value="ab22d71e804b6754f6888b0ae00d4f25"/>
         <property name="seleniumVersion" value="3.141.59"/>
         <property name="proxyInformation" value="ProxyInformation { proxyOption=NO_PROXY, proxyServerType=HTTP, username=, password=********, proxyServerAddress=, proxyServerPort=0, executionList=&quot;&quot;, isApplyToDesiredCapabilities=true }"/>
         <property name="platform" value="Windows 11"/>
      </properties>
      <testcase name="Test Cases/Lazada/New Test Case - Copy (1)" time="24.51" classname="Test Cases/Lazada/New Test Case - Copy (1)" status="PASSED">
         <system-out><![CDATA[29-05-2024T20:31:30 - [TEST_CASE][PASSED] - Test Cases/Lazada/New Test Case - Copy (1): Test Cases/Lazada/New Test Case - Copy (1)

29-05-2024T20:31:30 - [TEST_STEP][PASSED] - openBrowser("https://www.lazada.vn/#?"): Browser is opened with url: 'https://www.lazada.vn/#?'

29-05-2024T20:31:31 - [MESSAGE][INFO] - Starting 'Chrome' driver

29-05-2024T20:31:31 - [MESSAGE][INFO] - Action delay is set to 0 milliseconds

29-05-2024T20:31:55 - [MESSAGE][PASSED] - Browser is opened with url: 'https://www.lazada.vn/#?']]></system-out>
         <system-err><![CDATA[]]></system-err>
      </testcase>
      <testcase name="Test Cases/Lazada/New Test Case" time="25.237" classname="Test Cases/Lazada/New Test Case" status="PASSED">
         <system-out><![CDATA[29-05-2024T20:31:55 - [TEST_CASE][PASSED] - Test Cases/Lazada/New Test Case: Test Cases/Lazada/New Test Case

29-05-2024T20:31:55 - [TEST_STEP][PASSED] - openBrowser("https://www.lazada.vn/#?"): Browser is opened with url: 'https://www.lazada.vn/#?'

29-05-2024T20:31:55 - [MESSAGE][WARNING] - A browser is already opened. Closing browser and opening a new one

29-05-2024T20:31:55 - [MESSAGE][INFO] - Starting 'Chrome' driver

29-05-2024T20:31:55 - [MESSAGE][INFO] - Action delay is set to 0 milliseconds

29-05-2024T20:32:20 - [MESSAGE][PASSED] - Browser is opened with url: 'https://www.lazada.vn/#?']]></system-out>
         <system-err><![CDATA[]]></system-err>
      </testcase>
      <testcase name="Test Cases/Lazada/New Test Case - Copy" time="23.153" classname="Test Cases/Lazada/New Test Case - Copy" status="PASSED">
         <system-out><![CDATA[29-05-2024T20:32:20 - [TEST_CASE][PASSED] - Test Cases/Lazada/New Test Case - Copy: Test Cases/Lazada/New Test Case - Copy

29-05-2024T20:32:20 - [TEST_STEP][PASSED] - openBrowser("https://www.lazada.vn/#?"): Browser is opened with url: 'https://www.lazada.vn/#?'

29-05-2024T20:32:20 - [MESSAGE][WARNING] - A browser is already opened. Closing browser and opening a new one

29-05-2024T20:32:20 - [MESSAGE][INFO] - Starting 'Chrome' driver

29-05-2024T20:32:20 - [MESSAGE][INFO] - Action delay is set to 0 milliseconds

29-05-2024T20:32:43 - [MESSAGE][PASSED] - Browser is opened with url: 'https://www.lazada.vn/#?']]></system-out>
         <system-err><![CDATA[]]></system-err>
      </testcase>
      <system-out><![CDATA[29-05-2024T20:31:30 - [TEST_SUITE][PASSED] - open lazada: Test Cases/Lazada/New Test Case - Copy]]></system-out>
      <system-err><![CDATA[]]></system-err>
   </testsuite>
</testsuites>
