<?xml version="1.0" encoding="UTF-8"?>
<testsuites name="Verify_Home_Page" time="16.546" tests="3" failures="0" errors="0">
   <testsuite name="Verify_Home_Page" tests="3" failures="0" errors="0" time="16.546" skipped="0" timestamp="28-05-2024T20:53:24" hostname="PC - DESKTOP-EVNNDTO" id="Test Suites/CURA Healthcare/Verify_Home_Page">
      <properties>
         <property name="deviceName" value=""/>
         <property name="devicePlatform" value=""/>
         <property name="logFolder" value="C:\\Users\\PC\\git\\katalon-first-project\\Reports\\20240528_205313\\CURA Healthcare\\Verify_Home_Page\\20240528_205314"/>
         <property name="logFiles" value="C:\\Users\\PC\\git\\katalon-first-project\\Reports\\20240528_205313\\CURA Healthcare\\Verify_Home_Page\\20240528_205314\\execution0.log"/>
         <property name="attachments" value=""/>
         <property name="hostName" value="PC - DESKTOP-EVNNDTO"/>
         <property name="os" value="Windows 11 64bit"/>
         <property name="katalonVersion" value="9.4.0.212"/>
         <property name="browser" value="Chrome 125.0.0.0"/>
         <property name="hostAddress" value="192.168.1.156"/>
         <property name="sessionId" value="fed4f7e6279787726f2548c7c8a9cb0b"/>
         <property name="seleniumVersion" value="3.141.59"/>
         <property name="proxyInformation" value="ProxyInformation { proxyOption=NO_PROXY, proxyServerType=HTTP, username=, password=********, proxyServerAddress=, proxyServerPort=0, executionList=&quot;&quot;, isApplyToDesiredCapabilities=true }"/>
         <property name="platform" value="Windows 11"/>
      </properties>
      <testcase name="Test Cases/CURA Healthcare/Verify CURA Healthcare Service text" time="6.767" classname="Test Cases/CURA Healthcare/Verify CURA Healthcare Service text" status="PASSED">
         <system-out><![CDATA[28-05-2024T20:53:25 - [TEST_CASE][PASSED] - Test Cases/CURA Healthcare/Verify CURA Healthcare Service text: Test Cases/CURA Healthcare/Verify CURA Healthcare Service text

28-05-2024T20:53:25 - [TEST_STEP][PASSED] - openBrowser(""): Browser is opened with url: ''

28-05-2024T20:53:25 - [MESSAGE][INFO] - Starting 'Chrome' driver

28-05-2024T20:53:25 - [MESSAGE][INFO] - Action delay is set to 0 milliseconds

28-05-2024T20:53:26 - [MESSAGE][PASSED] - Browser is opened with url: ''

28-05-2024T20:53:26 - [TEST_STEP][PASSED] - navigateToUrl("https://katalon-demo-cura.herokuapp.com/"): Navigate to 'https://katalon-demo-cura.herokuapp.com/' successfully

28-05-2024T20:53:31 - [MESSAGE][PASSED] - Navigate to 'https://katalon-demo-cura.herokuapp.com/' successfully

28-05-2024T20:53:31 - [TEST_STEP][PASSED] - verifyElementClickable(findTestObject("Object Repository/Page_CURA Healthcare Service/a_Make Appointment")): Object 'Object Repository/Page_CURA Healthcare Service/a_Make Appointment' is clickable

28-05-2024T20:53:31 - [MESSAGE][PASSED] - Object 'Object Repository/Page_CURA Healthcare Service/a_Make Appointment' is clickable]]></system-out>
         <system-err><![CDATA[]]></system-err>
      </testcase>
      <testcase name="Test Cases/CURA Healthcare/Verify_Clickable_Button" time="5.431" classname="Test Cases/CURA Healthcare/Verify_Clickable_Button" status="PASSED">
         <system-out><![CDATA[28-05-2024T20:53:31 - [TEST_CASE][PASSED] - Test Cases/CURA Healthcare/Verify_Clickable_Button: Test Cases/CURA Healthcare/Verify_Clickable_Button

28-05-2024T20:53:32 - [TEST_STEP][PASSED] - openBrowser(""): Browser is opened with url: ''

28-05-2024T20:53:32 - [MESSAGE][WARNING] - A browser is already opened. Closing browser and opening a new one

28-05-2024T20:53:32 - [MESSAGE][INFO] - Starting 'Chrome' driver

28-05-2024T20:53:32 - [MESSAGE][INFO] - Action delay is set to 0 milliseconds

28-05-2024T20:53:33 - [MESSAGE][PASSED] - Browser is opened with url: ''

28-05-2024T20:53:33 - [TEST_STEP][PASSED] - navigateToUrl("https://katalon-demo-cura.herokuapp.com/"): Navigate to 'https://katalon-demo-cura.herokuapp.com/' successfully

28-05-2024T20:53:36 - [MESSAGE][PASSED] - Navigate to 'https://katalon-demo-cura.herokuapp.com/' successfully

28-05-2024T20:53:36 - [TEST_STEP][PASSED] - click(findTestObject("Page_CURA Healthcare Service/a_Make Appointment")): Object: 'Object Repository/Page_CURA Healthcare Service/a_Make Appointment' is clicked on

28-05-2024T20:53:37 - [MESSAGE][PASSED] - Object: 'Object Repository/Page_CURA Healthcare Service/a_Make Appointment' is clicked on

28-05-2024T20:53:37 - [TEST_STEP][PASSED] - closeBrowser(): Browser is closed

28-05-2024T20:53:37 - [MESSAGE][PASSED] - Browser is closed]]></system-out>
         <system-err><![CDATA[]]></system-err>
      </testcase>
      <testcase name="Test Cases/CURA Healthcare/Verify_Footer_Copyright" time="4.217" classname="Test Cases/CURA Healthcare/Verify_Footer_Copyright" status="PASSED">
         <system-out><![CDATA[28-05-2024T20:53:37 - [TEST_CASE][PASSED] - Test Cases/CURA Healthcare/Verify_Footer_Copyright: Test Cases/CURA Healthcare/Verify_Footer_Copyright

28-05-2024T20:53:37 - [TEST_STEP][PASSED] - openBrowser(""): Browser is opened with url: ''

28-05-2024T20:53:37 - [MESSAGE][INFO] - Starting 'Chrome' driver

28-05-2024T20:53:37 - [MESSAGE][INFO] - Action delay is set to 0 milliseconds

28-05-2024T20:53:38 - [MESSAGE][PASSED] - Browser is opened with url: ''

28-05-2024T20:53:38 - [TEST_STEP][PASSED] - navigateToUrl("https://katalon-demo-cura.herokuapp.com/"): Navigate to 'https://katalon-demo-cura.herokuapp.com/' successfully

28-05-2024T20:53:41 - [MESSAGE][PASSED] - Navigate to 'https://katalon-demo-cura.herokuapp.com/' successfully

28-05-2024T20:53:41 - [TEST_STEP][PASSED] - verifyElementPresent(findTestObject("Page_CURA Healthcare Service/p_Copyright  CURA Healthcare Service 2024"), 0): Object 'Object Repository/Page_CURA Healthcare Service/p_Copyright  CURA Healthcare Service 2024' is present

28-05-2024T20:53:41 - [MESSAGE][WARNING] - Timeout '0' is invalid. Using default page load timeout: '30'

28-05-2024T20:53:41 - [MESSAGE][PASSED] - Object 'Object Repository/Page_CURA Healthcare Service/p_Copyright  CURA Healthcare Service 2024' is present

28-05-2024T20:53:41 - [TEST_STEP][PASSED] - closeBrowser(): Browser is closed

28-05-2024T20:53:41 - [MESSAGE][PASSED] - Browser is closed]]></system-out>
         <system-err><![CDATA[]]></system-err>
      </testcase>
      <system-out><![CDATA[28-05-2024T20:53:24 - [TEST_SUITE][PASSED] - Verify_Home_Page: Test Cases/CURA Healthcare/Verify_Footer_Copyright]]></system-out>
      <system-err><![CDATA[]]></system-err>
   </testsuite>
</testsuites>
