<?xml version="1.0" encoding="UTF-8"?>
<testsuites name="Verify_Toogle_Menu_Bar" time="17.454" tests="3" failures="0" errors="0">
   <testsuite name="Verify_Toogle_Menu_Bar" tests="3" failures="0" errors="0" time="17.454" skipped="0" timestamp="28-05-2024T21:02:00" hostname="PC - DESKTOP-EVNNDTO" id="Test Suites/CURA Healthcare/Verify_Toogle_Menu_Bar">
      <properties>
         <property name="deviceName" value=""/>
         <property name="devicePlatform" value=""/>
         <property name="logFolder" value="C:\\Users\\PC\\git\\katalon-first-project\\Reports\\20240528_210153\\CURA Healthcare\\Verify_Toogle_Menu_Bar\\20240528_210154"/>
         <property name="logFiles" value="C:\\Users\\PC\\git\\katalon-first-project\\Reports\\20240528_210153\\CURA Healthcare\\Verify_Toogle_Menu_Bar\\20240528_210154\\execution0.log"/>
         <property name="attachments" value=""/>
         <property name="hostName" value="PC - DESKTOP-EVNNDTO"/>
         <property name="os" value="Windows 11 64bit"/>
         <property name="katalonVersion" value="9.4.0.212"/>
         <property name="browser" value="Chrome 125.0.0.0"/>
         <property name="hostAddress" value="192.168.1.156"/>
         <property name="sessionId" value="2267625ca63fe6323ce23b89fc8f9328"/>
         <property name="seleniumVersion" value="3.141.59"/>
         <property name="proxyInformation" value="ProxyInformation { proxyOption=NO_PROXY, proxyServerType=HTTP, username=, password=********, proxyServerAddress=, proxyServerPort=0, executionList=&quot;&quot;, isApplyToDesiredCapabilities=true }"/>
         <property name="platform" value="Windows 11"/>
      </properties>
      <testcase name="Test Cases/CURA Healthcare/Verify_Toogle_Menu_Items" time="6.736" classname="Test Cases/CURA Healthcare/Verify_Toogle_Menu_Items" status="PASSED">
         <system-out><![CDATA[28-05-2024T21:02:00 - [TEST_CASE][PASSED] - Test Cases/CURA Healthcare/Verify_Toogle_Menu_Items: Test Cases/CURA Healthcare/Verify_Toogle_Menu_Items

28-05-2024T21:02:01 - [TEST_STEP][PASSED] - openBrowser(""): Browser is opened with url: ''

28-05-2024T21:02:01 - [MESSAGE][INFO] - Starting 'Chrome' driver

28-05-2024T21:02:01 - [MESSAGE][INFO] - Action delay is set to 0 milliseconds

28-05-2024T21:02:02 - [MESSAGE][PASSED] - Browser is opened with url: ''

28-05-2024T21:02:02 - [TEST_STEP][PASSED] - navigateToUrl("https://katalon-demo-cura.herokuapp.com/"): Navigate to 'https://katalon-demo-cura.herokuapp.com/' successfully

28-05-2024T21:02:05 - [MESSAGE][PASSED] - Navigate to 'https://katalon-demo-cura.herokuapp.com/' successfully

28-05-2024T21:02:05 - [TEST_STEP][PASSED] - click(findTestObject("Object Repository/Page_CURA Healthcare Service/a_CURA Healthcare_menu-toggle")): Object: 'Object Repository/Page_CURA Healthcare Service/a_CURA Healthcare_menu-toggle' is clicked on

28-05-2024T21:02:06 - [MESSAGE][PASSED] - Object: 'Object Repository/Page_CURA Healthcare Service/a_CURA Healthcare_menu-toggle' is clicked on

28-05-2024T21:02:06 - [TEST_STEP][PASSED] - verifyElementText(findTestObject("Object Repository/Page_CURA Healthcare Service/a_CURA Healthcare"), "CURA Healthcare"): Actual text and expected text of test object 'Object Repository/Page_CURA Healthcare Service/a_CURA Healthcare' are matched.

28-05-2024T21:02:06 - [MESSAGE][PASSED] - Actual text and expected text of test object 'Object Repository/Page_CURA Healthcare Service/a_CURA Healthcare' are matched.

28-05-2024T21:02:06 - [TEST_STEP][PASSED] - verifyElementText(findTestObject("Object Repository/Page_CURA Healthcare Service/a_Home"), "Home"): Actual text and expected text of test object 'Object Repository/Page_CURA Healthcare Service/a_Home' are matched.

28-05-2024T21:02:06 - [MESSAGE][PASSED] - Actual text and expected text of test object 'Object Repository/Page_CURA Healthcare Service/a_Home' are matched.

28-05-2024T21:02:06 - [TEST_STEP][PASSED] - verifyElementText(findTestObject("Object Repository/Page_CURA Healthcare Service/a_Login"), "Login"): Actual text and expected text of test object 'Object Repository/Page_CURA Healthcare Service/a_Login' are matched.

28-05-2024T21:02:07 - [MESSAGE][PASSED] - Actual text and expected text of test object 'Object Repository/Page_CURA Healthcare Service/a_Login' are matched.

28-05-2024T21:02:07 - [TEST_STEP][PASSED] - closeBrowser(): Browser is closed

28-05-2024T21:02:07 - [MESSAGE][PASSED] - Browser is closed]]></system-out>
         <system-err><![CDATA[]]></system-err>
      </testcase>
      <testcase name="Test Cases/CURA Healthcare/Verify_Toggle_Menu" time="4.626" classname="Test Cases/CURA Healthcare/Verify_Toggle_Menu" status="PASSED">
         <system-out><![CDATA[28-05-2024T21:02:07 - [TEST_CASE][PASSED] - Test Cases/CURA Healthcare/Verify_Toggle_Menu: Test Cases/CURA Healthcare/Verify_Toggle_Menu

28-05-2024T21:02:07 - [TEST_STEP][PASSED] - openBrowser(""): Browser is opened with url: ''

28-05-2024T21:02:07 - [MESSAGE][INFO] - Starting 'Chrome' driver

28-05-2024T21:02:07 - [MESSAGE][INFO] - Action delay is set to 0 milliseconds

28-05-2024T21:02:08 - [MESSAGE][PASSED] - Browser is opened with url: ''

28-05-2024T21:02:08 - [TEST_STEP][PASSED] - navigateToUrl("https://katalon-demo-cura.herokuapp.com/"): Navigate to 'https://katalon-demo-cura.herokuapp.com/' successfully

28-05-2024T21:02:11 - [MESSAGE][PASSED] - Navigate to 'https://katalon-demo-cura.herokuapp.com/' successfully

28-05-2024T21:02:11 - [TEST_STEP][PASSED] - verifyElementVisible(findTestObject("Object Repository/Page_CURA Healthcare Service/a_CURA Healthcare_menu-toggle")): Object 'Object Repository/Page_CURA Healthcare Service/a_CURA Healthcare_menu-toggle' is visible

28-05-2024T21:02:11 - [MESSAGE][PASSED] - Object 'Object Repository/Page_CURA Healthcare Service/a_CURA Healthcare_menu-toggle' is visible

28-05-2024T21:02:11 - [TEST_STEP][PASSED] - closeBrowser(): Browser is closed

28-05-2024T21:02:12 - [MESSAGE][PASSED] - Browser is closed]]></system-out>
         <system-err><![CDATA[]]></system-err>
      </testcase>
      <testcase name="Test Cases/CURA Healthcare/Verify_Clickable_Toggle_Menu" time="5.935" classname="Test Cases/CURA Healthcare/Verify_Clickable_Toggle_Menu" status="PASSED">
         <system-out><![CDATA[28-05-2024T21:02:12 - [TEST_CASE][PASSED] - Test Cases/CURA Healthcare/Verify_Clickable_Toggle_Menu: Test Cases/CURA Healthcare/Verify_Clickable_Toggle_Menu

28-05-2024T21:02:12 - [TEST_STEP][PASSED] - openBrowser(""): Browser is opened with url: ''

28-05-2024T21:02:12 - [MESSAGE][INFO] - Starting 'Chrome' driver

28-05-2024T21:02:12 - [MESSAGE][INFO] - Action delay is set to 0 milliseconds

28-05-2024T21:02:14 - [MESSAGE][PASSED] - Browser is opened with url: ''

28-05-2024T21:02:14 - [TEST_STEP][PASSED] - navigateToUrl("https://katalon-demo-cura.herokuapp.com/"): Navigate to 'https://katalon-demo-cura.herokuapp.com/' successfully

28-05-2024T21:02:17 - [MESSAGE][PASSED] - Navigate to 'https://katalon-demo-cura.herokuapp.com/' successfully

28-05-2024T21:02:17 - [TEST_STEP][PASSED] - click(findTestObject("Object Repository/Page_CURA Healthcare Service/a_CURA Healthcare_menu-toggle")): Object: 'Object Repository/Page_CURA Healthcare Service/a_CURA Healthcare_menu-toggle' is clicked on

28-05-2024T21:02:17 - [MESSAGE][PASSED] - Object: 'Object Repository/Page_CURA Healthcare Service/a_CURA Healthcare_menu-toggle' is clicked on

28-05-2024T21:02:17 - [TEST_STEP][PASSED] - verifyElementVisible(findTestObject("Object Repository/Page_CURA Healthcare Service/nav_CURA Healthcare                        _1b5e83")): Object 'Object Repository/Page_CURA Healthcare Service/nav_CURA Healthcare                        _1b5e83' is visible

28-05-2024T21:02:17 - [MESSAGE][PASSED] - Object 'Object Repository/Page_CURA Healthcare Service/nav_CURA Healthcare                        _1b5e83' is visible

28-05-2024T21:02:17 - [TEST_STEP][PASSED] - closeBrowser(): Browser is closed

28-05-2024T21:02:18 - [MESSAGE][PASSED] - Browser is closed]]></system-out>
         <system-err><![CDATA[]]></system-err>
      </testcase>
      <system-out><![CDATA[28-05-2024T21:02:00 - [TEST_SUITE][PASSED] - Verify_Toogle_Menu_Bar: Test Cases/CURA Healthcare/Verify_Clickable_Toggle_Menu]]></system-out>
      <system-err><![CDATA[]]></system-err>
   </testsuite>
</testsuites>
