<?xml version="1.0" encoding="UTF-8"?>
<testsuites name="Verfiy_Home_Page_Collection" time="67.871" tests="10" failures="0" errors="0">
   <testsuite name="Verify_Home_Page" tests="3" failures="0" errors="0" time="22.849" skipped="0" timestamp="28-05-2024T21:07:28" hostname="PC - DESKTOP-EVNNDTO" id="Test Suites/CURA Healthcare/Verify_Home_Page">
      <properties>
         <property name="deviceName" value=""/>
         <property name="devicePlatform" value=""/>
         <property name="logFolder" value="C:\\Users\\PC\\git\\katalon-first-project\\Reports\\20240528_210712\\CURA Healthcare\\Verify_Home_Page\\20240528_210713"/>
         <property name="logFiles" value="C:\\Users\\PC\\git\\katalon-first-project\\Reports\\20240528_210712\\CURA Healthcare\\Verify_Home_Page\\20240528_210713\\execution0.log"/>
         <property name="attachments" value=""/>
         <property name="hostName" value="PC - DESKTOP-EVNNDTO"/>
         <property name="os" value="Windows 11 64bit"/>
         <property name="katalonVersion" value="9.4.0.212"/>
         <property name="browser" value="Chrome 125.0.0.0"/>
         <property name="hostAddress" value="192.168.1.156"/>
         <property name="sessionId" value="134b11f9ef73c113fee0ff8f712417e5"/>
         <property name="seleniumVersion" value="3.141.59"/>
         <property name="proxyInformation" value="ProxyInformation { proxyOption=NO_PROXY, proxyServerType=HTTP, username=, password=********, proxyServerAddress=, proxyServerPort=0, executionList=&quot;&quot;, isApplyToDesiredCapabilities=true }"/>
         <property name="platform" value="Windows 11"/>
      </properties>
      <testcase name="Test Cases/CURA Healthcare/Verify CURA Healthcare Service text" time="7.491" classname="Test Cases/CURA Healthcare/Verify CURA Healthcare Service text" status="PASSED">
         <system-out><![CDATA[28-05-2024T21:07:28 - [TEST_CASE][PASSED] - Test Cases/CURA Healthcare/Verify CURA Healthcare Service text: Test Cases/CURA Healthcare/Verify CURA Healthcare Service text

28-05-2024T21:07:28 - [TEST_STEP][PASSED] - openBrowser(""): Browser is opened with url: ''

28-05-2024T21:07:29 - [MESSAGE][INFO] - Starting 'Chrome' driver

28-05-2024T21:07:29 - [MESSAGE][INFO] - Action delay is set to 0 milliseconds

28-05-2024T21:07:31 - [MESSAGE][PASSED] - Browser is opened with url: ''

28-05-2024T21:07:31 - [TEST_STEP][PASSED] - navigateToUrl("https://katalon-demo-cura.herokuapp.com/"): Navigate to 'https://katalon-demo-cura.herokuapp.com/' successfully

28-05-2024T21:07:33 - [MESSAGE][PASSED] - Navigate to 'https://katalon-demo-cura.herokuapp.com/' successfully

28-05-2024T21:07:33 - [TEST_STEP][PASSED] - verifyElementClickable(findTestObject("Object Repository/Page_CURA Healthcare Service/a_Make Appointment")): Object 'Object Repository/Page_CURA Healthcare Service/a_Make Appointment' is clickable

28-05-2024T21:07:35 - [MESSAGE][PASSED] - Object 'Object Repository/Page_CURA Healthcare Service/a_Make Appointment' is clickable]]></system-out>
         <system-err><![CDATA[]]></system-err>
      </testcase>
      <testcase name="Test Cases/CURA Healthcare/Verify_Clickable_Button" time="9.763" classname="Test Cases/CURA Healthcare/Verify_Clickable_Button" status="PASSED">
         <system-out><![CDATA[28-05-2024T21:07:35 - [TEST_CASE][PASSED] - Test Cases/CURA Healthcare/Verify_Clickable_Button: Test Cases/CURA Healthcare/Verify_Clickable_Button

28-05-2024T21:07:36 - [TEST_STEP][PASSED] - openBrowser(""): Browser is opened with url: ''

28-05-2024T21:07:36 - [MESSAGE][WARNING] - A browser is already opened. Closing browser and opening a new one

28-05-2024T21:07:37 - [MESSAGE][INFO] - Starting 'Chrome' driver

28-05-2024T21:07:37 - [MESSAGE][INFO] - Action delay is set to 0 milliseconds

28-05-2024T21:07:39 - [MESSAGE][PASSED] - Browser is opened with url: ''

28-05-2024T21:07:39 - [TEST_STEP][PASSED] - navigateToUrl("https://katalon-demo-cura.herokuapp.com/"): Navigate to 'https://katalon-demo-cura.herokuapp.com/' successfully

28-05-2024T21:07:43 - [MESSAGE][PASSED] - Navigate to 'https://katalon-demo-cura.herokuapp.com/' successfully

28-05-2024T21:07:43 - [TEST_STEP][PASSED] - click(findTestObject("Page_CURA Healthcare Service/a_Make Appointment")): Object: 'Object Repository/Page_CURA Healthcare Service/a_Make Appointment' is clicked on

28-05-2024T21:07:44 - [MESSAGE][PASSED] - Object: 'Object Repository/Page_CURA Healthcare Service/a_Make Appointment' is clicked on

28-05-2024T21:07:44 - [TEST_STEP][PASSED] - closeBrowser(): Browser is closed

28-05-2024T21:07:45 - [MESSAGE][PASSED] - Browser is closed]]></system-out>
         <system-err><![CDATA[]]></system-err>
      </testcase>
      <testcase name="Test Cases/CURA Healthcare/Verify_Footer_Copyright" time="5.417" classname="Test Cases/CURA Healthcare/Verify_Footer_Copyright" status="PASSED">
         <system-out><![CDATA[28-05-2024T21:07:45 - [TEST_CASE][PASSED] - Test Cases/CURA Healthcare/Verify_Footer_Copyright: Test Cases/CURA Healthcare/Verify_Footer_Copyright

28-05-2024T21:07:46 - [TEST_STEP][PASSED] - openBrowser(""): Browser is opened with url: ''

28-05-2024T21:07:46 - [MESSAGE][INFO] - Starting 'Chrome' driver

28-05-2024T21:07:46 - [MESSAGE][INFO] - Action delay is set to 0 milliseconds

28-05-2024T21:07:47 - [MESSAGE][PASSED] - Browser is opened with url: ''

28-05-2024T21:07:47 - [TEST_STEP][PASSED] - navigateToUrl("https://katalon-demo-cura.herokuapp.com/"): Navigate to 'https://katalon-demo-cura.herokuapp.com/' successfully

28-05-2024T21:07:50 - [MESSAGE][PASSED] - Navigate to 'https://katalon-demo-cura.herokuapp.com/' successfully

28-05-2024T21:07:50 - [TEST_STEP][PASSED] - verifyElementPresent(findTestObject("Page_CURA Healthcare Service/p_Copyright  CURA Healthcare Service 2024"), 0): Object 'Object Repository/Page_CURA Healthcare Service/p_Copyright  CURA Healthcare Service 2024' is present

28-05-2024T21:07:50 - [MESSAGE][WARNING] - Timeout '0' is invalid. Using default page load timeout: '30'

28-05-2024T21:07:50 - [MESSAGE][PASSED] - Object 'Object Repository/Page_CURA Healthcare Service/p_Copyright  CURA Healthcare Service 2024' is present

28-05-2024T21:07:50 - [TEST_STEP][PASSED] - closeBrowser(): Browser is closed

28-05-2024T21:07:51 - [MESSAGE][PASSED] - Browser is closed]]></system-out>
         <system-err><![CDATA[]]></system-err>
      </testcase>
      <system-out><![CDATA[28-05-2024T21:07:28 - [TEST_SUITE][PASSED] - Verify_Home_Page: Test Cases/CURA Healthcare/Verify_Footer_Copyright]]></system-out>
      <system-err><![CDATA[]]></system-err>
   </testsuite>
   <testsuite name="Verify_Social_Icon" tests="3" failures="0" errors="0" time="21.166" skipped="0" timestamp="28-05-2024T21:07:35" hostname="PC - DESKTOP-EVNNDTO" id="Test Suites/CURA Healthcare/Verify_Social_Icon">
      <properties>
         <property name="deviceName" value=""/>
         <property name="devicePlatform" value=""/>
         <property name="logFolder" value="C:\\Users\\PC\\git\\katalon-first-project\\Reports\\20240528_210712\\CURA Healthcare\\Verify_Social_Icon\\20240528_210716"/>
         <property name="logFiles" value="C:\\Users\\PC\\git\\katalon-first-project\\Reports\\20240528_210712\\CURA Healthcare\\Verify_Social_Icon\\20240528_210716\\execution0.log"/>
         <property name="attachments" value=""/>
         <property name="hostName" value="PC - DESKTOP-EVNNDTO"/>
         <property name="os" value="Windows 11 64bit"/>
         <property name="katalonVersion" value="9.4.0.212"/>
         <property name="browser" value="Chrome 125.0.0.0"/>
         <property name="hostAddress" value="192.168.1.156"/>
         <property name="sessionId" value="0d7335bdb7ecbc892dd4ca03a06b1744"/>
         <property name="seleniumVersion" value="3.141.59"/>
         <property name="proxyInformation" value="ProxyInformation { proxyOption=NO_PROXY, proxyServerType=HTTP, username=, password=********, proxyServerAddress=, proxyServerPort=0, executionList=&quot;&quot;, isApplyToDesiredCapabilities=true }"/>
         <property name="platform" value="Windows 11"/>
      </properties>
      <testcase name="Test Cases/CURA Healthcare/Verify_Dribbble_Ico" time="9.549" classname="Test Cases/CURA Healthcare/Verify_Dribbble_Ico" status="PASSED">
         <system-out><![CDATA[28-05-2024T21:07:36 - [TEST_CASE][PASSED] - Test Cases/CURA Healthcare/Verify_Dribbble_Ico: Test Cases/CURA Healthcare/Verify_Dribbble_Ico

28-05-2024T21:07:36 - [TEST_STEP][PASSED] - openBrowser(""): Browser is opened with url: ''

28-05-2024T21:07:37 - [MESSAGE][INFO] - Starting 'Chrome' driver

28-05-2024T21:07:37 - [MESSAGE][INFO] - Action delay is set to 0 milliseconds

28-05-2024T21:07:40 - [MESSAGE][PASSED] - Browser is opened with url: ''

28-05-2024T21:07:40 - [TEST_STEP][PASSED] - navigateToUrl("https://katalon-demo-cura.herokuapp.com/"): Navigate to 'https://katalon-demo-cura.herokuapp.com/' successfully

28-05-2024T21:07:42 - [MESSAGE][PASSED] - Navigate to 'https://katalon-demo-cura.herokuapp.com/' successfully

28-05-2024T21:07:42 - [TEST_STEP][PASSED] - verifyElementPresent(findTestObject("Page_CURA Healthcare Service/i_infokatalon.com_fa fa-dribbble fa-fw fa-3x"), 0): Object 'Object Repository/Page_CURA Healthcare Service/i_infokatalon.com_fa fa-dribbble fa-fw fa-3x' is present

28-05-2024T21:07:42 - [MESSAGE][WARNING] - Timeout '0' is invalid. Using default page load timeout: '30'

28-05-2024T21:07:44 - [MESSAGE][PASSED] - Object 'Object Repository/Page_CURA Healthcare Service/i_infokatalon.com_fa fa-dribbble fa-fw fa-3x' is present

28-05-2024T21:07:44 - [TEST_STEP][PASSED] - closeBrowser(): Browser is closed

28-05-2024T21:07:45 - [MESSAGE][PASSED] - Browser is closed]]></system-out>
         <system-err><![CDATA[]]></system-err>
      </testcase>
      <testcase name="Test Cases/CURA Healthcare/Verify_Facebook_Ico" time="5.48" classname="Test Cases/CURA Healthcare/Verify_Facebook_Ico" status="PASSED">
         <system-out><![CDATA[28-05-2024T21:07:45 - [TEST_CASE][PASSED] - Test Cases/CURA Healthcare/Verify_Facebook_Ico: Test Cases/CURA Healthcare/Verify_Facebook_Ico

28-05-2024T21:07:45 - [TEST_STEP][PASSED] - openBrowser(""): Browser is opened with url: ''

28-05-2024T21:07:45 - [MESSAGE][INFO] - Starting 'Chrome' driver

28-05-2024T21:07:45 - [MESSAGE][INFO] - Action delay is set to 0 milliseconds

28-05-2024T21:07:47 - [MESSAGE][PASSED] - Browser is opened with url: ''

28-05-2024T21:07:47 - [TEST_STEP][PASSED] - navigateToUrl("https://katalon-demo-cura.herokuapp.com/"): Navigate to 'https://katalon-demo-cura.herokuapp.com/' successfully

28-05-2024T21:07:50 - [MESSAGE][PASSED] - Navigate to 'https://katalon-demo-cura.herokuapp.com/' successfully

28-05-2024T21:07:50 - [TEST_STEP][PASSED] - verifyElementPresent(findTestObject("Object Repository/Page_CURA Healthcare Service/i_infokatalon.com_fa fa-facebook fa-fw fa-3x"), 0): Object 'Object Repository/Page_CURA Healthcare Service/i_infokatalon.com_fa fa-facebook fa-fw fa-3x' is present

28-05-2024T21:07:50 - [MESSAGE][WARNING] - Timeout '0' is invalid. Using default page load timeout: '30'

28-05-2024T21:07:50 - [MESSAGE][PASSED] - Object 'Object Repository/Page_CURA Healthcare Service/i_infokatalon.com_fa fa-facebook fa-fw fa-3x' is present

28-05-2024T21:07:50 - [TEST_STEP][PASSED] - closeBrowser(): Browser is closed

28-05-2024T21:07:51 - [MESSAGE][PASSED] - Browser is closed]]></system-out>
         <system-err><![CDATA[]]></system-err>
      </testcase>
      <testcase name="Test Cases/CURA Healthcare/Verify_Twitter_Ico" time="5.446" classname="Test Cases/CURA Healthcare/Verify_Twitter_Ico" status="PASSED">
         <system-out><![CDATA[28-05-2024T21:07:51 - [TEST_CASE][PASSED] - Test Cases/CURA Healthcare/Verify_Twitter_Ico: Test Cases/CURA Healthcare/Verify_Twitter_Ico

28-05-2024T21:07:51 - [TEST_STEP][PASSED] - openBrowser(""): Browser is opened with url: ''

28-05-2024T21:07:51 - [MESSAGE][INFO] - Starting 'Chrome' driver

28-05-2024T21:07:51 - [MESSAGE][INFO] - Action delay is set to 0 milliseconds

28-05-2024T21:07:52 - [MESSAGE][PASSED] - Browser is opened with url: ''

28-05-2024T21:07:52 - [TEST_STEP][PASSED] - navigateToUrl("https://katalon-demo-cura.herokuapp.com/"): Navigate to 'https://katalon-demo-cura.herokuapp.com/' successfully

28-05-2024T21:07:56 - [MESSAGE][PASSED] - Navigate to 'https://katalon-demo-cura.herokuapp.com/' successfully

28-05-2024T21:07:56 - [TEST_STEP][PASSED] - verifyElementPresent(findTestObject("Object Repository/Page_CURA Healthcare Service/i_infokatalon.com_fa fa-facebook fa-fw fa-3x"), 0): Object 'Object Repository/Page_CURA Healthcare Service/i_infokatalon.com_fa fa-facebook fa-fw fa-3x' is present

28-05-2024T21:07:56 - [MESSAGE][WARNING] - Timeout '0' is invalid. Using default page load timeout: '30'

28-05-2024T21:07:56 - [MESSAGE][PASSED] - Object 'Object Repository/Page_CURA Healthcare Service/i_infokatalon.com_fa fa-facebook fa-fw fa-3x' is present

28-05-2024T21:07:56 - [TEST_STEP][PASSED] - closeBrowser(): Browser is closed

28-05-2024T21:07:56 - [MESSAGE][PASSED] - Browser is closed]]></system-out>
         <system-err><![CDATA[]]></system-err>
      </testcase>
      <system-out><![CDATA[28-05-2024T21:07:35 - [TEST_SUITE][PASSED] - Verify_Social_Icon: Test Cases/CURA Healthcare/Verify_Twitter_Ico]]></system-out>
      <system-err><![CDATA[]]></system-err>
   </testsuite>
   <testsuite name="Verify_Footer" tests="4" failures="0" errors="0" time="53.763" skipped="0" timestamp="28-05-2024T21:07:41" hostname="PC - DESKTOP-EVNNDTO" id="Test Suites/CURA Healthcare/Verify_Footer">
      <properties>
         <property name="deviceName" value=""/>
         <property name="devicePlatform" value=""/>
         <property name="logFolder" value="C:\\Users\\PC\\git\\katalon-first-project\\Reports\\20240528_210712\\CURA Healthcare\\Verify_Footer\\20240528_210720"/>
         <property name="logFiles" value="C:\\Users\\PC\\git\\katalon-first-project\\Reports\\20240528_210712\\CURA Healthcare\\Verify_Footer\\20240528_210720\\execution0.log"/>
         <property name="attachments" value=""/>
         <property name="hostName" value="PC - DESKTOP-EVNNDTO"/>
         <property name="os" value="Windows 11 64bit"/>
         <property name="katalonVersion" value="9.4.0.212"/>
         <property name="browser" value="Chrome 125.0.0.0"/>
         <property name="hostAddress" value="192.168.1.156"/>
         <property name="sessionId" value="31bfc903bf13b2fdd4c56b2ff0c03d54"/>
         <property name="seleniumVersion" value="3.141.59"/>
         <property name="proxyInformation" value="ProxyInformation { proxyOption=NO_PROXY, proxyServerType=HTTP, username=, password=********, proxyServerAddress=, proxyServerPort=0, executionList=&quot;&quot;, isApplyToDesiredCapabilities=true }"/>
         <property name="platform" value="Windows 11"/>
      </properties>
      <testcase name="Test Cases/CURA Healthcare/Verify_Footer_Copyright" time="7.988" classname="Test Cases/CURA Healthcare/Verify_Footer_Copyright" status="PASSED">
         <system-out><![CDATA[28-05-2024T21:07:41 - [TEST_CASE][PASSED] - Test Cases/CURA Healthcare/Verify_Footer_Copyright: Test Cases/CURA Healthcare/Verify_Footer_Copyright

28-05-2024T21:07:41 - [TEST_STEP][PASSED] - openBrowser(""): Browser is opened with url: ''

28-05-2024T21:07:42 - [MESSAGE][INFO] - Starting 'Chrome' driver

28-05-2024T21:07:42 - [MESSAGE][INFO] - Action delay is set to 0 milliseconds

28-05-2024T21:07:45 - [MESSAGE][PASSED] - Browser is opened with url: ''

28-05-2024T21:07:45 - [TEST_STEP][PASSED] - navigateToUrl("https://katalon-demo-cura.herokuapp.com/"): Navigate to 'https://katalon-demo-cura.herokuapp.com/' successfully

28-05-2024T21:07:48 - [MESSAGE][PASSED] - Navigate to 'https://katalon-demo-cura.herokuapp.com/' successfully

28-05-2024T21:07:48 - [TEST_STEP][PASSED] - verifyElementPresent(findTestObject("Page_CURA Healthcare Service/p_Copyright  CURA Healthcare Service 2024"), 0): Object 'Object Repository/Page_CURA Healthcare Service/p_Copyright  CURA Healthcare Service 2024' is present

28-05-2024T21:07:48 - [MESSAGE][WARNING] - Timeout '0' is invalid. Using default page load timeout: '30'

28-05-2024T21:07:49 - [MESSAGE][PASSED] - Object 'Object Repository/Page_CURA Healthcare Service/p_Copyright  CURA Healthcare Service 2024' is present

28-05-2024T21:07:49 - [TEST_STEP][PASSED] - closeBrowser(): Browser is closed

28-05-2024T21:07:49 - [MESSAGE][PASSED] - Browser is closed]]></system-out>
         <system-err><![CDATA[]]></system-err>
      </testcase>
      <testcase name="Test Cases/CURA Healthcare/Verify_Footer_Email" time="5.068" classname="Test Cases/CURA Healthcare/Verify_Footer_Email" status="PASSED">
         <system-out><![CDATA[28-05-2024T21:07:49 - [TEST_CASE][PASSED] - Test Cases/CURA Healthcare/Verify_Footer_Email: Test Cases/CURA Healthcare/Verify_Footer_Email

28-05-2024T21:07:49 - [TEST_STEP][PASSED] - openBrowser(""): Browser is opened with url: ''

28-05-2024T21:07:49 - [MESSAGE][INFO] - Starting 'Chrome' driver

28-05-2024T21:07:49 - [MESSAGE][INFO] - Action delay is set to 0 milliseconds

28-05-2024T21:07:51 - [MESSAGE][PASSED] - Browser is opened with url: ''

28-05-2024T21:07:51 - [TEST_STEP][PASSED] - navigateToUrl("https://katalon-demo-cura.herokuapp.com/"): Navigate to 'https://katalon-demo-cura.herokuapp.com/' successfully

28-05-2024T21:07:54 - [MESSAGE][PASSED] - Navigate to 'https://katalon-demo-cura.herokuapp.com/' successfully

28-05-2024T21:07:54 - [TEST_STEP][PASSED] - verifyElementPresent(findTestObject("Page_CURA Healthcare Service/a_infokatalon.com"), 0): Object 'Object Repository/Page_CURA Healthcare Service/a_infokatalon.com' is present

28-05-2024T21:07:54 - [MESSAGE][WARNING] - Timeout '0' is invalid. Using default page load timeout: '30'

28-05-2024T21:07:54 - [MESSAGE][PASSED] - Object 'Object Repository/Page_CURA Healthcare Service/a_infokatalon.com' is present

28-05-2024T21:07:54 - [TEST_STEP][PASSED] - closeBrowser(): Browser is closed

28-05-2024T21:07:54 - [MESSAGE][PASSED] - Browser is closed]]></system-out>
         <system-err><![CDATA[]]></system-err>
      </testcase>
      <testcase name="Test Cases/CURA Healthcare/Verify_Phone_Number" time="35.748" classname="Test Cases/CURA Healthcare/Verify_Phone_Number" status="PASSED">
         <system-out><![CDATA[28-05-2024T21:07:54 - [TEST_CASE][PASSED] - Test Cases/CURA Healthcare/Verify_Phone_Number: Test Cases/CURA Healthcare/Verify_Phone_Number

28-05-2024T21:07:54 - [TEST_STEP][PASSED] - openBrowser(""): Browser is opened with url: ''

28-05-2024T21:07:54 - [MESSAGE][INFO] - Starting 'Chrome' driver

28-05-2024T21:07:54 - [MESSAGE][INFO] - Action delay is set to 0 milliseconds

28-05-2024T21:07:55 - [MESSAGE][PASSED] - Browser is opened with url: ''

28-05-2024T21:07:55 - [TEST_STEP][PASSED] - navigateToUrl("https://katalon-demo-cura.herokuapp.com/"): Navigate to 'https://katalon-demo-cura.herokuapp.com/' successfully

28-05-2024T21:07:58 - [MESSAGE][PASSED] - Navigate to 'https://katalon-demo-cura.herokuapp.com/' successfully

28-05-2024T21:07:58 - [TEST_STEP][PASSED] - verifyElementText(findTestObject("Object Repository/Page_CURA Healthcare Service/li_(678) 813-1KMS"), "(678) 813-1KMS"): Actual text and expected text of test object 'Object Repository/Page_CURA Healthcare Service/li_(678) 813-1KMS' are matched.

28-05-2024T21:08:29 - [MESSAGE][INFO] - Unable to find the element located by 'By.xpath: //*[(text() = '(678) 813-1KMS' or . = '(678) 813-1KMS')]'. Please recheck the objects properties to make sure the desired element is located. 

28-05-2024T21:08:29 - [MESSAGE][WARNING] - [SELF-HEALING] Failed to find element with id 'Object Repository/Page_CURA Healthcare Service/li_(678) 813-1KMS'. Try using Self-healing.

28-05-2024T21:08:30 - [MESSAGE][WARNING] - [SELF-HEALING] The current locator of test object 'Object Repository/Page_CURA Healthcare Service/li_(678) 813-1KMS' was broken. Propose an alternative one: '(.//*[normalize-space(text()) and normalize-space(.)='CURA Healthcare Service'])[3]/following::li[1]'.

28-05-2024T21:08:30 - [MESSAGE][WARNING] - [SELF-HEALING] Cannot save screenshot to: C:\Users\PC\git\katalon-first-project\Reports\20240528_210712\CURA Healthcare\Verify_Footer\20240528_210720, reason: Source 'C:\Users\PC\git\katalon-first-project\Reports\Self-healing\Object Repository\Page_CURA Healthcare Service\li_(678) 813-1KMS_XPATH.png' does not exist.

28-05-2024T21:08:30 - [MESSAGE][PASSED] - Actual text and expected text of test object 'Object Repository/Page_CURA Healthcare Service/li_(678) 813-1KMS' are matched.

28-05-2024T21:08:30 - [TEST_STEP][PASSED] - closeBrowser(): Browser is closed

28-05-2024T21:08:30 - [MESSAGE][PASSED] - Browser is closed]]></system-out>
         <system-err><![CDATA[]]></system-err>
      </testcase>
      <testcase name="Test Cases/CURA Healthcare/Verify_Address" time="4.52" classname="Test Cases/CURA Healthcare/Verify_Address" status="PASSED">
         <system-out><![CDATA[28-05-2024T21:08:30 - [TEST_CASE][PASSED] - Test Cases/CURA Healthcare/Verify_Address: Test Cases/CURA Healthcare/Verify_Address

28-05-2024T21:08:30 - [TEST_STEP][PASSED] - openBrowser(""): Browser is opened with url: ''

28-05-2024T21:08:30 - [MESSAGE][INFO] - Starting 'Chrome' driver

28-05-2024T21:08:30 - [MESSAGE][INFO] - Action delay is set to 0 milliseconds

28-05-2024T21:08:31 - [MESSAGE][PASSED] - Browser is opened with url: ''

28-05-2024T21:08:31 - [TEST_STEP][PASSED] - navigateToUrl("https://katalon-demo-cura.herokuapp.com/"): Navigate to 'https://katalon-demo-cura.herokuapp.com/' successfully

28-05-2024T21:08:32 - [MESSAGE][PASSED] - Navigate to 'https://katalon-demo-cura.herokuapp.com/' successfully

28-05-2024T21:08:32 - [TEST_STEP][PASSED] - verifyElementVisible(findTestObject("Object Repository/Page_CURA Healthcare Service/p_Atlanta 550 Pharr Road NE Suite 525Atlant_8f4c85")): Object 'Object Repository/Page_CURA Healthcare Service/p_Atlanta 550 Pharr Road NE Suite 525Atlant_8f4c85' is visible

28-05-2024T21:08:34 - [MESSAGE][PASSED] - Object 'Object Repository/Page_CURA Healthcare Service/p_Atlanta 550 Pharr Road NE Suite 525Atlant_8f4c85' is visible

28-05-2024T21:08:34 - [TEST_STEP][PASSED] - closeBrowser(): Browser is closed

28-05-2024T21:08:34 - [MESSAGE][PASSED] - Browser is closed]]></system-out>
         <system-err><![CDATA[]]></system-err>
      </testcase>
      <system-out><![CDATA[28-05-2024T21:07:41 - [TEST_SUITE][PASSED] - Verify_Footer: Test Cases/CURA Healthcare/Verify_Address]]></system-out>
      <system-err><![CDATA[]]></system-err>
   </testsuite>
</testsuites>
