<?xml version="1.0" encoding="UTF-8"?>
<testsuites name="Smock_Test" time="13.599" tests="2" failures="0" errors="0">
   <testsuite name="Smock_Test" tests="2" failures="0" errors="0" time="13.599" skipped="0" timestamp="28-05-2024T20:21:26" hostname="PC - DESKTOP-EVNNDTO" id="Test Suites/CURA Healthcare/Smock_Test">
      <properties>
         <property name="deviceName" value=""/>
         <property name="devicePlatform" value=""/>
         <property name="logFolder" value="C:\\Users\\PC\\git\\katalon-first-project\\Reports\\20240528_202120\\CURA Healthcare\\Smock_Test\\20240528_202121"/>
         <property name="logFiles" value="C:\\Users\\PC\\git\\katalon-first-project\\Reports\\20240528_202120\\CURA Healthcare\\Smock_Test\\20240528_202121\\execution0.log"/>
         <property name="attachments" value=""/>
         <property name="hostName" value="PC - DESKTOP-EVNNDTO"/>
         <property name="os" value="Windows 11 64bit"/>
         <property name="katalonVersion" value="9.4.0.212"/>
         <property name="browser" value="Chrome 125.0.0.0"/>
         <property name="hostAddress" value="192.168.1.156"/>
         <property name="sessionId" value="81594f3075eddc3522342ae8a5610a1a"/>
         <property name="seleniumVersion" value="3.141.59"/>
         <property name="proxyInformation" value="ProxyInformation { proxyOption=NO_PROXY, proxyServerType=HTTP, username=, password=********, proxyServerAddress=, proxyServerPort=0, executionList=&quot;&quot;, isApplyToDesiredCapabilities=true }"/>
         <property name="platform" value="Windows 11"/>
      </properties>
      <testcase name="Test Cases/CURA Healthcare/Verify_All_Element_After_Clicking_Appointment_Button" time="7.615" classname="Test Cases/CURA Healthcare/Verify_All_Element_After_Clicking_Appointment_Button" status="PASSED">
         <system-out><![CDATA[28-05-2024T20:21:26 - [TEST_CASE][PASSED] - Test Cases/CURA Healthcare/Verify_All_Element_After_Clicking_Appointment_Button: Test Cases/CURA Healthcare/Verify_All_Element_After_Clicking_Appointment_Button

28-05-2024T20:21:27 - [TEST_STEP][PASSED] - openBrowser(""): Browser is opened with url: ''

28-05-2024T20:21:27 - [MESSAGE][INFO] - Starting 'Chrome' driver

28-05-2024T20:21:27 - [MESSAGE][INFO] - Action delay is set to 0 milliseconds

28-05-2024T20:21:28 - [MESSAGE][PASSED] - Browser is opened with url: ''

28-05-2024T20:21:28 - [TEST_STEP][PASSED] - navigateToUrl("https://katalon-demo-cura.herokuapp.com/"): Navigate to 'https://katalon-demo-cura.herokuapp.com/' successfully

28-05-2024T20:21:31 - [MESSAGE][PASSED] - Navigate to 'https://katalon-demo-cura.herokuapp.com/' successfully

28-05-2024T20:21:31 - [TEST_STEP][PASSED] - click(findTestObject("Object Repository/Page_CURA Healthcare Service/a_Make Appointment")): Object: 'Object Repository/Page_CURA Healthcare Service/a_Make Appointment' is clicked on

28-05-2024T20:21:32 - [MESSAGE][PASSED] - Object: 'Object Repository/Page_CURA Healthcare Service/a_Make Appointment' is clicked on

28-05-2024T20:21:32 - [TEST_STEP][PASSED] - verifyElementText(findTestObject("Object Repository/Page_CURA Healthcare Service/h1_CURA Healthcare Service"), "CURA Healthcare Service"): Actual text and expected text of test object 'Object Repository/Page_CURA Healthcare Service/h1_CURA Healthcare Service' are matched.

28-05-2024T20:21:32 - [MESSAGE][PASSED] - Actual text and expected text of test object 'Object Repository/Page_CURA Healthcare Service/h1_CURA Healthcare Service' are matched.

28-05-2024T20:21:32 - [TEST_STEP][PASSED] - verifyElementText(findTestObject("Object Repository/Page_CURA Healthcare Service/h3_We Care About Your Health"), "We Care About Your Health"): Actual text and expected text of test object 'Object Repository/Page_CURA Healthcare Service/h3_We Care About Your Health' are matched.

28-05-2024T20:21:32 - [MESSAGE][PASSED] - Actual text and expected text of test object 'Object Repository/Page_CURA Healthcare Service/h3_We Care About Your Health' are matched.

28-05-2024T20:21:32 - [TEST_STEP][PASSED] - verifyElementText(findTestObject("Object Repository/Page_CURA Healthcare Service/h2_Login"), "Login"): Actual text and expected text of test object 'Object Repository/Page_CURA Healthcare Service/h2_Login' are matched.

28-05-2024T20:21:33 - [MESSAGE][PASSED] - Actual text and expected text of test object 'Object Repository/Page_CURA Healthcare Service/h2_Login' are matched.

28-05-2024T20:21:33 - [TEST_STEP][PASSED] - verifyElementText(findTestObject("Object Repository/Page_CURA Healthcare Service/p_Please login to make appointment"), "Please login to make appointment."): Actual text and expected text of test object 'Object Repository/Page_CURA Healthcare Service/p_Please login to make appointment' are matched.

28-05-2024T20:21:33 - [MESSAGE][PASSED] - Actual text and expected text of test object 'Object Repository/Page_CURA Healthcare Service/p_Please login to make appointment' are matched.

28-05-2024T20:21:33 - [TEST_STEP][PASSED] - verifyElementVisible(findTestObject("Object Repository/Page_CURA Healthcare Service/input_Username_username")): Object 'Object Repository/Page_CURA Healthcare Service/input_Username_username' is visible

28-05-2024T20:21:33 - [MESSAGE][PASSED] - Object 'Object Repository/Page_CURA Healthcare Service/input_Username_username' is visible

28-05-2024T20:21:33 - [TEST_STEP][PASSED] - verifyElementVisible(findTestObject("Object Repository/Page_CURA Healthcare Service/input_Password_password")): Object 'Object Repository/Page_CURA Healthcare Service/input_Password_password' is visible

28-05-2024T20:21:34 - [MESSAGE][PASSED] - Object 'Object Repository/Page_CURA Healthcare Service/input_Password_password' is visible

28-05-2024T20:21:34 - [TEST_STEP][PASSED] - verifyElementVisible(findTestObject("Object Repository/Page_CURA Healthcare Service/button_Login")): Object 'Object Repository/Page_CURA Healthcare Service/button_Login' is visible

28-05-2024T20:21:34 - [MESSAGE][PASSED] - Object 'Object Repository/Page_CURA Healthcare Service/button_Login' is visible

28-05-2024T20:21:34 - [TEST_STEP][PASSED] - closeBrowser(): Browser is closed

28-05-2024T20:21:34 - [MESSAGE][PASSED] - Browser is closed]]></system-out>
         <system-err><![CDATA[]]></system-err>
      </testcase>
      <testcase name="Test Cases/CURA Healthcare/Verify_All_Elements_Home_Page" time="5.867" classname="Test Cases/CURA Healthcare/Verify_All_Elements_Home_Page" status="PASSED">
         <system-out><![CDATA[28-05-2024T20:21:34 - [TEST_CASE][PASSED] - Test Cases/CURA Healthcare/Verify_All_Elements_Home_Page: Test Cases/CURA Healthcare/Verify_All_Elements_Home_Page

28-05-2024T20:21:34 - [TEST_STEP][PASSED] - openBrowser(""): Browser is opened with url: ''

28-05-2024T20:21:34 - [MESSAGE][INFO] - Starting 'Chrome' driver

28-05-2024T20:21:34 - [MESSAGE][INFO] - Action delay is set to 0 milliseconds

28-05-2024T20:21:35 - [MESSAGE][PASSED] - Browser is opened with url: ''

28-05-2024T20:21:35 - [TEST_STEP][PASSED] - navigateToUrl("https://katalon-demo-cura.herokuapp.com/"): Navigate to 'https://katalon-demo-cura.herokuapp.com/' successfully

28-05-2024T20:21:38 - [MESSAGE][PASSED] - Navigate to 'https://katalon-demo-cura.herokuapp.com/' successfully

28-05-2024T20:21:38 - [TEST_STEP][PASSED] - verifyElementText(findTestObject("Object Repository/Page_CURA Healthcare Service/h1_CURA Healthcare Service"), "CURA Healthcare Service"): Actual text and expected text of test object 'Object Repository/Page_CURA Healthcare Service/h1_CURA Healthcare Service' are matched.

28-05-2024T20:21:38 - [MESSAGE][PASSED] - Actual text and expected text of test object 'Object Repository/Page_CURA Healthcare Service/h1_CURA Healthcare Service' are matched.

28-05-2024T20:21:38 - [TEST_STEP][PASSED] - verifyElementText(findTestObject("Object Repository/Page_CURA Healthcare Service/h3_We Care About Your Health"), "We Care About Your Health"): Actual text and expected text of test object 'Object Repository/Page_CURA Healthcare Service/h3_We Care About Your Health' are matched.

28-05-2024T20:21:38 - [MESSAGE][PASSED] - Actual text and expected text of test object 'Object Repository/Page_CURA Healthcare Service/h3_We Care About Your Health' are matched.

28-05-2024T20:21:38 - [TEST_STEP][PASSED] - verifyElementText(findTestObject("Object Repository/Page_CURA Healthcare Service/a_Make Appointment"), "Make Appointment"): Actual text and expected text of test object 'Object Repository/Page_CURA Healthcare Service/a_Make Appointment' are matched.

28-05-2024T20:21:39 - [MESSAGE][PASSED] - Actual text and expected text of test object 'Object Repository/Page_CURA Healthcare Service/a_Make Appointment' are matched.

28-05-2024T20:21:39 - [TEST_STEP][PASSED] - verifyElementText(findTestObject("Object Repository/Page_CURA Healthcare Service/strong_CURA Healthcare Service"), "CURA Healthcare Service"): Actual text and expected text of test object 'Object Repository/Page_CURA Healthcare Service/strong_CURA Healthcare Service' are matched.

28-05-2024T20:21:39 - [MESSAGE][PASSED] - Actual text and expected text of test object 'Object Repository/Page_CURA Healthcare Service/strong_CURA Healthcare Service' are matched.

28-05-2024T20:21:39 - [TEST_STEP][PASSED] - verifyElementText(findTestObject("Object Repository/Page_CURA Healthcare Service/li_infokatalon.com"), "info@katalon.com"): Actual text and expected text of test object 'Object Repository/Page_CURA Healthcare Service/li_infokatalon.com' are matched.

28-05-2024T20:21:39 - [MESSAGE][PASSED] - Actual text and expected text of test object 'Object Repository/Page_CURA Healthcare Service/li_infokatalon.com' are matched.

28-05-2024T20:21:39 - [TEST_STEP][PASSED] - verifyElementVisible(findTestObject("Object Repository/Page_CURA Healthcare Service/ul_infokatalon.com_list-inline")): Object 'Object Repository/Page_CURA Healthcare Service/ul_infokatalon.com_list-inline' is visible

28-05-2024T20:21:39 - [MESSAGE][PASSED] - Object 'Object Repository/Page_CURA Healthcare Service/ul_infokatalon.com_list-inline' is visible

28-05-2024T20:21:39 - [TEST_STEP][PASSED] - verifyElementText(findTestObject("Object Repository/Page_CURA Healthcare Service/p_Copyright  CURA Healthcare Service 2024"), "Copyright © CURA Healthcare Service 2024"): Actual text and expected text of test object 'Object Repository/Page_CURA Healthcare Service/p_Copyright  CURA Healthcare Service 2024' are matched.

28-05-2024T20:21:40 - [MESSAGE][PASSED] - Actual text and expected text of test object 'Object Repository/Page_CURA Healthcare Service/p_Copyright  CURA Healthcare Service 2024' are matched.

28-05-2024T20:21:40 - [TEST_STEP][PASSED] - closeBrowser(): Browser is closed

28-05-2024T20:21:40 - [MESSAGE][PASSED] - Browser is closed]]></system-out>
         <system-err><![CDATA[]]></system-err>
      </testcase>
      <system-out><![CDATA[28-05-2024T20:21:26 - [TEST_SUITE][PASSED] - Smock_Test: Test Cases/CURA Healthcare/Verify_All_Elements_Home_Page]]></system-out>
      <system-err><![CDATA[]]></system-err>
   </testsuite>
</testsuites>
