<?xml version="1.0" encoding="UTF-8"?>
<testsuites name="Verify_Appointment_Form" time="66.069" tests="8" failures="0" errors="0">
   <testsuite name="Verify_Appointment_Form" tests="8" failures="0" errors="0" time="66.069" skipped="0" timestamp="28-05-2024T20:54:32" hostname="PC - DESKTOP-EVNNDTO" id="Test Suites/CURA Healthcare/Verify_Appointment_Form">
      <properties>
         <property name="deviceName" value=""/>
         <property name="devicePlatform" value=""/>
         <property name="logFolder" value="C:\\Users\\PC\\git\\katalon-first-project\\Reports\\20240528_205419\\CURA Healthcare\\Verify_Appointment_Form\\20240528_205419"/>
         <property name="logFiles" value="C:\\Users\\PC\\git\\katalon-first-project\\Reports\\20240528_205419\\CURA Healthcare\\Verify_Appointment_Form\\20240528_205419\\execution0.log"/>
         <property name="attachments" value=""/>
         <property name="hostName" value="PC - DESKTOP-EVNNDTO"/>
         <property name="os" value="Windows 11 64bit"/>
         <property name="katalonVersion" value="9.4.0.212"/>
         <property name="browser" value="Chrome 125.0.0.0"/>
         <property name="hostAddress" value="192.168.1.156"/>
         <property name="sessionId" value="df5a0be5aae897340d405e7b44bc86df"/>
         <property name="seleniumVersion" value="3.141.59"/>
         <property name="proxyInformation" value="ProxyInformation { proxyOption=NO_PROXY, proxyServerType=HTTP, username=, password=********, proxyServerAddress=, proxyServerPort=0, executionList=&quot;&quot;, isApplyToDesiredCapabilities=true }"/>
         <property name="platform" value="Windows 11"/>
      </properties>
      <testcase name="Test Cases/CURA Healthcare/Verify_Appointment_Form" time="14.729" classname="Test Cases/CURA Healthcare/Verify_Appointment_Form" status="PASSED">
         <system-out><![CDATA[28-05-2024T20:54:32 - [TEST_CASE][PASSED] - Test Cases/CURA Healthcare/Verify_Appointment_Form: Test Cases/CURA Healthcare/Verify_Appointment_Form

28-05-2024T20:54:33 - [TEST_STEP][PASSED] - openBrowser(""): Browser is opened with url: ''

28-05-2024T20:54:34 - [MESSAGE][INFO] - Starting 'Chrome' driver

28-05-2024T20:54:34 - [MESSAGE][INFO] - Action delay is set to 0 milliseconds

28-05-2024T20:54:37 - [MESSAGE][PASSED] - Browser is opened with url: ''

28-05-2024T20:54:37 - [TEST_STEP][PASSED] - navigateToUrl("https://katalon-demo-cura.herokuapp.com/profile.php#login"): Navigate to 'https://katalon-demo-cura.herokuapp.com/profile.php#login' successfully

28-05-2024T20:54:39 - [MESSAGE][PASSED] - Navigate to 'https://katalon-demo-cura.herokuapp.com/profile.php#login' successfully

28-05-2024T20:54:39 - [TEST_STEP][PASSED] - setText(findTestObject("Object Repository/Page_CURA Healthcare Service/input_Username_username"), "John Doe"): Text 'John Doe' is set on object 'Object Repository/Page_CURA Healthcare Service/input_Username_username'

28-05-2024T20:54:42 - [MESSAGE][PASSED] - Text 'John Doe' is set on object 'Object Repository/Page_CURA Healthcare Service/input_Username_username'

28-05-2024T20:54:42 - [TEST_STEP][PASSED] - setEncryptedText(findTestObject("Object Repository/Page_CURA Healthcare Service/input_Password_password"), "g3/DOGG74jC3Flrr3yH+3D/yKbOqqUNM"): Text ****** has been set on object 'Object Repository/Page_CURA Healthcare Service/input_Password_password'

28-05-2024T20:54:43 - [MESSAGE][PASSED] - Text ****** has been set on object 'Object Repository/Page_CURA Healthcare Service/input_Password_password'

28-05-2024T20:54:43 - [TEST_STEP][PASSED] - click(findTestObject("Object Repository/Page_CURA Healthcare Service/button_Login")): Object: 'Object Repository/Page_CURA Healthcare Service/button_Login' is clicked on

28-05-2024T20:54:44 - [MESSAGE][PASSED] - Object: 'Object Repository/Page_CURA Healthcare Service/button_Login' is clicked on

28-05-2024T20:54:44 - [TEST_STEP][PASSED] - verifyElementVisible(findTestObject("Object Repository/Page_CURA Healthcare Service/div_Make Appointment                       _4e05d4")): Object 'Object Repository/Page_CURA Healthcare Service/div_Make Appointment                       _4e05d4' is visible

28-05-2024T20:54:44 - [MESSAGE][PASSED] - Object 'Object Repository/Page_CURA Healthcare Service/div_Make Appointment                       _4e05d4' is visible

28-05-2024T20:54:44 - [TEST_STEP][PASSED] - verifyElementText(findTestObject("Object Repository/Page_CURA Healthcare Service/h2_Make Appointment"), "Make Appointment"): Actual text and expected text of test object 'Object Repository/Page_CURA Healthcare Service/h2_Make Appointment' are matched.

28-05-2024T20:54:44 - [MESSAGE][PASSED] - Actual text and expected text of test object 'Object Repository/Page_CURA Healthcare Service/h2_Make Appointment' are matched.

28-05-2024T20:54:44 - [TEST_STEP][PASSED] - verifyElementVisible(findTestObject("Object Repository/Page_CURA Healthcare Service/select_Tokyo CURA Healthcare Center        _5b4107")): Object 'Object Repository/Page_CURA Healthcare Service/select_Tokyo CURA Healthcare Center        _5b4107' is visible

28-05-2024T20:54:45 - [MESSAGE][PASSED] - Object 'Object Repository/Page_CURA Healthcare Service/select_Tokyo CURA Healthcare Center        _5b4107' is visible

28-05-2024T20:54:45 - [TEST_STEP][PASSED] - verifyElementVisible(findTestObject("Object Repository/Page_CURA Healthcare Service/div_Medicare                               _cb3988")): Object 'Object Repository/Page_CURA Healthcare Service/div_Medicare                               _cb3988' is visible

28-05-2024T20:54:45 - [MESSAGE][PASSED] - Object 'Object Repository/Page_CURA Healthcare Service/div_Medicare                               _cb3988' is visible

28-05-2024T20:54:45 - [TEST_STEP][PASSED] - verifyElementVisible(findTestObject("Object Repository/Page_CURA Healthcare Service/input_Visit Date (Required)_visit_date")): Object 'Object Repository/Page_CURA Healthcare Service/input_Visit Date (Required)_visit_date' is visible

28-05-2024T20:54:46 - [MESSAGE][PASSED] - Object 'Object Repository/Page_CURA Healthcare Service/input_Visit Date (Required)_visit_date' is visible

28-05-2024T20:54:46 - [TEST_STEP][PASSED] - verifyElementVisible(findTestObject("Object Repository/Page_CURA Healthcare Service/textarea_Comment_comment")): Object 'Object Repository/Page_CURA Healthcare Service/textarea_Comment_comment' is visible

28-05-2024T20:54:46 - [MESSAGE][PASSED] - Object 'Object Repository/Page_CURA Healthcare Service/textarea_Comment_comment' is visible

28-05-2024T20:54:46 - [TEST_STEP][PASSED] - verifyElementVisible(findTestObject("Object Repository/Page_CURA Healthcare Service/button_Book Appointment")): Object 'Object Repository/Page_CURA Healthcare Service/button_Book Appointment' is visible

28-05-2024T20:54:47 - [MESSAGE][PASSED] - Object 'Object Repository/Page_CURA Healthcare Service/button_Book Appointment' is visible

28-05-2024T20:54:47 - [TEST_STEP][PASSED] - closeBrowser(): Browser is closed

28-05-2024T20:54:47 - [MESSAGE][PASSED] - Browser is closed]]></system-out>
         <system-err><![CDATA[]]></system-err>
      </testcase>
      <testcase name="Test Cases/CURA Healthcare/Verify_Appointment_Form_Dropdownlist" time="7.904" classname="Test Cases/CURA Healthcare/Verify_Appointment_Form_Dropdownlist" status="PASSED">
         <system-out><![CDATA[28-05-2024T20:54:47 - [TEST_CASE][PASSED] - Test Cases/CURA Healthcare/Verify_Appointment_Form_Dropdownlist: Test Cases/CURA Healthcare/Verify_Appointment_Form_Dropdownlist

28-05-2024T20:54:47 - [TEST_STEP][PASSED] - openBrowser(""): Browser is opened with url: ''

28-05-2024T20:54:47 - [MESSAGE][INFO] - Starting 'Chrome' driver

28-05-2024T20:54:47 - [MESSAGE][INFO] - Action delay is set to 0 milliseconds

28-05-2024T20:54:48 - [MESSAGE][PASSED] - Browser is opened with url: ''

28-05-2024T20:54:48 - [TEST_STEP][PASSED] - navigateToUrl("https://katalon-demo-cura.herokuapp.com/profile.php#login"): Navigate to 'https://katalon-demo-cura.herokuapp.com/profile.php#login' successfully

28-05-2024T20:54:51 - [MESSAGE][PASSED] - Navigate to 'https://katalon-demo-cura.herokuapp.com/profile.php#login' successfully

28-05-2024T20:54:51 - [TEST_STEP][PASSED] - setText(findTestObject("Object Repository/Page_CURA Healthcare Service/input_Username_username"), "John Doe"): Text 'John Doe' is set on object 'Object Repository/Page_CURA Healthcare Service/input_Username_username'

28-05-2024T20:54:52 - [MESSAGE][PASSED] - Text 'John Doe' is set on object 'Object Repository/Page_CURA Healthcare Service/input_Username_username'

28-05-2024T20:54:52 - [TEST_STEP][PASSED] - setEncryptedText(findTestObject("Object Repository/Page_CURA Healthcare Service/input_Password_password"), "g3/DOGG74jC3Flrr3yH+3D/yKbOqqUNM"): Text ****** has been set on object 'Object Repository/Page_CURA Healthcare Service/input_Password_password'

28-05-2024T20:54:52 - [MESSAGE][PASSED] - Text ****** has been set on object 'Object Repository/Page_CURA Healthcare Service/input_Password_password'

28-05-2024T20:54:52 - [TEST_STEP][PASSED] - sendKeys(findTestObject("Object Repository/Page_CURA Healthcare Service/input_Password_password"), Keys.chord(ENTER)): Keys 'ENTER + ' sent to object: 'Object Repository/Page_CURA Healthcare Service/input_Password_password'

28-05-2024T20:54:53 - [MESSAGE][PASSED] - Keys 'ENTER + ' sent to object: 'Object Repository/Page_CURA Healthcare Service/input_Password_password'

28-05-2024T20:54:53 - [TEST_STEP][PASSED] - selectOptionByValue(findTestObject("Object Repository/Page_CURA Healthcare Service/select_Tokyo CURA Healthcare Center        _5b4107"), "Seoul CURA Healthcare Center", true): All options with value 'Seoul CURA Healthcare Center' are selected in object 'Object Repository/Page_CURA Healthcare Service/select_Tokyo CURA Healthcare Center        _5b4107'  using regular expression

28-05-2024T20:54:54 - [MESSAGE][PASSED] - All options with value 'Seoul CURA Healthcare Center' are selected in object 'Object Repository/Page_CURA Healthcare Service/select_Tokyo CURA Healthcare Center        _5b4107'  using regular expression

28-05-2024T20:54:54 - [TEST_STEP][PASSED] - verifyOptionPresentByValue(findTestObject("Page_CURA Healthcare Service/select_Tokyo CURA Healthcare Center        _5b4107"), "Seoul CURA Healthcare Center", false, 0): 1 option(s) with value 'Seoul CURA Healthcare Center' is/are present on object 'Object Repository/Page_CURA Healthcare Service/select_Tokyo CURA Healthcare Center        _5b4107' 

28-05-2024T20:54:54 - [MESSAGE][WARNING] - Timeout '0' is invalid. Using default page load timeout: '30'

28-05-2024T20:54:55 - [MESSAGE][PASSED] - 1 option(s) with value 'Seoul CURA Healthcare Center' is/are present on object 'Object Repository/Page_CURA Healthcare Service/select_Tokyo CURA Healthcare Center        _5b4107' 

28-05-2024T20:54:55 - [TEST_STEP][PASSED] - closeBrowser(): Browser is closed

28-05-2024T20:54:55 - [MESSAGE][PASSED] - Browser is closed]]></system-out>
         <system-err><![CDATA[]]></system-err>
      </testcase>
      <testcase name="Test Cases/CURA Healthcare/Verify_Appointment_Form_Medical_Program_DateInput" time="6.74" classname="Test Cases/CURA Healthcare/Verify_Appointment_Form_Medical_Program_DateInput" status="PASSED">
         <system-out><![CDATA[28-05-2024T20:54:55 - [TEST_CASE][PASSED] - Test Cases/CURA Healthcare/Verify_Appointment_Form_Medical_Program_DateInput: Test Cases/CURA Healthcare/Verify_Appointment_Form_Medical_Program_DateInput

28-05-2024T20:54:55 - [TEST_STEP][PASSED] - openBrowser(""): Browser is opened with url: ''

28-05-2024T20:54:55 - [MESSAGE][INFO] - Starting 'Chrome' driver

28-05-2024T20:54:55 - [MESSAGE][INFO] - Action delay is set to 0 milliseconds

28-05-2024T20:54:56 - [MESSAGE][PASSED] - Browser is opened with url: ''

28-05-2024T20:54:56 - [TEST_STEP][PASSED] - navigateToUrl("https://katalon-demo-cura.herokuapp.com/profile.php#login"): Navigate to 'https://katalon-demo-cura.herokuapp.com/profile.php#login' successfully

28-05-2024T20:54:59 - [MESSAGE][PASSED] - Navigate to 'https://katalon-demo-cura.herokuapp.com/profile.php#login' successfully

28-05-2024T20:54:59 - [TEST_STEP][PASSED] - setText(findTestObject("Object Repository/Page_CURA Healthcare Service/input_Username_username"), "John Doe"): Text 'John Doe' is set on object 'Object Repository/Page_CURA Healthcare Service/input_Username_username'

28-05-2024T20:54:59 - [MESSAGE][PASSED] - Text 'John Doe' is set on object 'Object Repository/Page_CURA Healthcare Service/input_Username_username'

28-05-2024T20:54:59 - [TEST_STEP][PASSED] - setEncryptedText(findTestObject("Object Repository/Page_CURA Healthcare Service/input_Password_password"), "g3/DOGG74jC3Flrr3yH+3D/yKbOqqUNM"): Text ****** has been set on object 'Object Repository/Page_CURA Healthcare Service/input_Password_password'

28-05-2024T20:54:59 - [MESSAGE][PASSED] - Text ****** has been set on object 'Object Repository/Page_CURA Healthcare Service/input_Password_password'

28-05-2024T20:54:59 - [TEST_STEP][PASSED] - sendKeys(findTestObject("Object Repository/Page_CURA Healthcare Service/input_Password_password"), Keys.chord(ENTER)): Keys 'ENTER + ' sent to object: 'Object Repository/Page_CURA Healthcare Service/input_Password_password'

28-05-2024T20:55:00 - [MESSAGE][PASSED] - Keys 'ENTER + ' sent to object: 'Object Repository/Page_CURA Healthcare Service/input_Password_password'

28-05-2024T20:55:00 - [TEST_STEP][PASSED] - click(findTestObject("Object Repository/Page_CURA Healthcare Service/span_Visit Date (Required)_glyphicon glyphi_cada34")): Object: 'Object Repository/Page_CURA Healthcare Service/span_Visit Date (Required)_glyphicon glyphi_cada34' is clicked on

28-05-2024T20:55:01 - [MESSAGE][PASSED] - Object: 'Object Repository/Page_CURA Healthcare Service/span_Visit Date (Required)_glyphicon glyphi_cada34' is clicked on

28-05-2024T20:55:01 - [TEST_STEP][PASSED] - verifyElementVisible(findTestObject("Object Repository/Page_CURA Healthcare Service/div_May 2024SuMoTuWeThFrSa28293012345678910_5bf531")): Object 'Object Repository/Page_CURA Healthcare Service/div_May 2024SuMoTuWeThFrSa28293012345678910_5bf531' is visible

28-05-2024T20:55:01 - [MESSAGE][PASSED] - Object 'Object Repository/Page_CURA Healthcare Service/div_May 2024SuMoTuWeThFrSa28293012345678910_5bf531' is visible

28-05-2024T20:55:01 - [TEST_STEP][PASSED] - closeBrowser(): Browser is closed

28-05-2024T20:55:02 - [MESSAGE][PASSED] - Browser is closed]]></system-out>
         <system-err><![CDATA[]]></system-err>
      </testcase>
      <testcase name="Test Cases/CURA Healthcare/Verify_Appointment_Form_Medical_Program_Medicaid_Check" time="6.789" classname="Test Cases/CURA Healthcare/Verify_Appointment_Form_Medical_Program_Medicaid_Check" status="PASSED">
         <system-out><![CDATA[28-05-2024T20:55:02 - [TEST_CASE][PASSED] - Test Cases/CURA Healthcare/Verify_Appointment_Form_Medical_Program_Medicaid_Check: Test Cases/CURA Healthcare/Verify_Appointment_Form_Medical_Program_Medicaid_Check

28-05-2024T20:55:02 - [TEST_STEP][PASSED] - openBrowser(""): Browser is opened with url: ''

28-05-2024T20:55:02 - [MESSAGE][INFO] - Starting 'Chrome' driver

28-05-2024T20:55:02 - [MESSAGE][INFO] - Action delay is set to 0 milliseconds

28-05-2024T20:55:02 - [MESSAGE][PASSED] - Browser is opened with url: ''

28-05-2024T20:55:02 - [TEST_STEP][PASSED] - navigateToUrl("https://katalon-demo-cura.herokuapp.com/profile.php#login"): Navigate to 'https://katalon-demo-cura.herokuapp.com/profile.php#login' successfully

28-05-2024T20:55:05 - [MESSAGE][PASSED] - Navigate to 'https://katalon-demo-cura.herokuapp.com/profile.php#login' successfully

28-05-2024T20:55:05 - [TEST_STEP][PASSED] - setText(findTestObject("Object Repository/Page_CURA Healthcare Service/input_Username_username"), "John Doe"): Text 'John Doe' is set on object 'Object Repository/Page_CURA Healthcare Service/input_Username_username'

28-05-2024T20:55:06 - [MESSAGE][PASSED] - Text 'John Doe' is set on object 'Object Repository/Page_CURA Healthcare Service/input_Username_username'

28-05-2024T20:55:06 - [TEST_STEP][PASSED] - setEncryptedText(findTestObject("Object Repository/Page_CURA Healthcare Service/input_Password_password"), "g3/DOGG74jC3Flrr3yH+3D/yKbOqqUNM"): Text ****** has been set on object 'Object Repository/Page_CURA Healthcare Service/input_Password_password'

28-05-2024T20:55:06 - [MESSAGE][PASSED] - Text ****** has been set on object 'Object Repository/Page_CURA Healthcare Service/input_Password_password'

28-05-2024T20:55:06 - [TEST_STEP][PASSED] - sendKeys(findTestObject("Object Repository/Page_CURA Healthcare Service/input_Password_password"), Keys.chord(ENTER)): Keys 'ENTER + ' sent to object: 'Object Repository/Page_CURA Healthcare Service/input_Password_password'

28-05-2024T20:55:07 - [MESSAGE][PASSED] - Keys 'ENTER + ' sent to object: 'Object Repository/Page_CURA Healthcare Service/input_Password_password'

28-05-2024T20:55:07 - [TEST_STEP][PASSED] - click(findTestObject("Object Repository/Page_CURA Healthcare Service/input_Medicaid_programs")): Object: 'Object Repository/Page_CURA Healthcare Service/input_Medicaid_programs' is clicked on

28-05-2024T20:55:08 - [MESSAGE][PASSED] - Object: 'Object Repository/Page_CURA Healthcare Service/input_Medicaid_programs' is clicked on

28-05-2024T20:55:08 - [TEST_STEP][PASSED] - verifyElementPresent(findTestObject("Object Repository/Page_CURA Healthcare Service/input_Medicaid_programs"), 0): Object 'Object Repository/Page_CURA Healthcare Service/input_Medicaid_programs' is present

28-05-2024T20:55:08 - [MESSAGE][WARNING] - Timeout '0' is invalid. Using default page load timeout: '30'

28-05-2024T20:55:08 - [MESSAGE][PASSED] - Object 'Object Repository/Page_CURA Healthcare Service/input_Medicaid_programs' is present

28-05-2024T20:55:08 - [TEST_STEP][PASSED] - closeBrowser(): Browser is closed

28-05-2024T20:55:08 - [MESSAGE][PASSED] - Browser is closed]]></system-out>
         <system-err><![CDATA[]]></system-err>
      </testcase>
      <testcase name="Test Cases/CURA Healthcare/Verify_Appointment_Form_Medical_Program_Medicare_Default_Check" time="6.323" classname="Test Cases/CURA Healthcare/Verify_Appointment_Form_Medical_Program_Medicare_Default_Check" status="PASSED">
         <system-out><![CDATA[28-05-2024T20:55:08 - [TEST_CASE][PASSED] - Test Cases/CURA Healthcare/Verify_Appointment_Form_Medical_Program_Medicare_Default_Check: Test Cases/CURA Healthcare/Verify_Appointment_Form_Medical_Program_Medicare_Default_Check

28-05-2024T20:55:08 - [TEST_STEP][PASSED] - openBrowser(""): Browser is opened with url: ''

28-05-2024T20:55:08 - [MESSAGE][INFO] - Starting 'Chrome' driver

28-05-2024T20:55:08 - [MESSAGE][INFO] - Action delay is set to 0 milliseconds

28-05-2024T20:55:09 - [MESSAGE][PASSED] - Browser is opened with url: ''

28-05-2024T20:55:09 - [TEST_STEP][PASSED] - navigateToUrl("https://katalon-demo-cura.herokuapp.com/profile.php#login"): Navigate to 'https://katalon-demo-cura.herokuapp.com/profile.php#login' successfully

28-05-2024T20:55:12 - [MESSAGE][PASSED] - Navigate to 'https://katalon-demo-cura.herokuapp.com/profile.php#login' successfully

28-05-2024T20:55:12 - [TEST_STEP][PASSED] - setText(findTestObject("Object Repository/Page_CURA Healthcare Service/input_Username_username"), "John Doe"): Text 'John Doe' is set on object 'Object Repository/Page_CURA Healthcare Service/input_Username_username'

28-05-2024T20:55:13 - [MESSAGE][PASSED] - Text 'John Doe' is set on object 'Object Repository/Page_CURA Healthcare Service/input_Username_username'

28-05-2024T20:55:13 - [TEST_STEP][PASSED] - setEncryptedText(findTestObject("Object Repository/Page_CURA Healthcare Service/input_Password_password"), "g3/DOGG74jC3Flrr3yH+3D/yKbOqqUNM"): Text ****** has been set on object 'Object Repository/Page_CURA Healthcare Service/input_Password_password'

28-05-2024T20:55:13 - [MESSAGE][PASSED] - Text ****** has been set on object 'Object Repository/Page_CURA Healthcare Service/input_Password_password'

28-05-2024T20:55:13 - [TEST_STEP][PASSED] - sendKeys(findTestObject("Object Repository/Page_CURA Healthcare Service/input_Password_password"), Keys.chord(ENTER)): Keys 'ENTER + ' sent to object: 'Object Repository/Page_CURA Healthcare Service/input_Password_password'

28-05-2024T20:55:14 - [MESSAGE][PASSED] - Keys 'ENTER + ' sent to object: 'Object Repository/Page_CURA Healthcare Service/input_Password_password'

28-05-2024T20:55:14 - [TEST_STEP][PASSED] - verifyElementPresent(findTestObject("Object Repository/Page_CURA Healthcare Service/input_Medicare_programs"), 0): Object 'Object Repository/Page_CURA Healthcare Service/input_Medicare_programs' is present

28-05-2024T20:55:14 - [MESSAGE][WARNING] - Timeout '0' is invalid. Using default page load timeout: '30'

28-05-2024T20:55:14 - [MESSAGE][PASSED] - Object 'Object Repository/Page_CURA Healthcare Service/input_Medicare_programs' is present

28-05-2024T20:55:14 - [TEST_STEP][PASSED] - closeBrowser(): Browser is closed

28-05-2024T20:55:15 - [MESSAGE][PASSED] - Browser is closed]]></system-out>
         <system-err><![CDATA[]]></system-err>
      </testcase>
      <testcase name="Test Cases/CURA Healthcare/Verify_Appointment_Form_Medical_Program_None_Check" time="6.658" classname="Test Cases/CURA Healthcare/Verify_Appointment_Form_Medical_Program_None_Check" status="PASSED">
         <system-out><![CDATA[28-05-2024T20:55:15 - [TEST_CASE][PASSED] - Test Cases/CURA Healthcare/Verify_Appointment_Form_Medical_Program_None_Check: Test Cases/CURA Healthcare/Verify_Appointment_Form_Medical_Program_None_Check

28-05-2024T20:55:15 - [TEST_STEP][PASSED] - openBrowser(""): Browser is opened with url: ''

28-05-2024T20:55:15 - [MESSAGE][INFO] - Starting 'Chrome' driver

28-05-2024T20:55:15 - [MESSAGE][INFO] - Action delay is set to 0 milliseconds

28-05-2024T20:55:15 - [MESSAGE][PASSED] - Browser is opened with url: ''

28-05-2024T20:55:15 - [TEST_STEP][PASSED] - navigateToUrl("https://katalon-demo-cura.herokuapp.com/profile.php#login"): Navigate to 'https://katalon-demo-cura.herokuapp.com/profile.php#login' successfully

28-05-2024T20:55:18 - [MESSAGE][PASSED] - Navigate to 'https://katalon-demo-cura.herokuapp.com/profile.php#login' successfully

28-05-2024T20:55:18 - [TEST_STEP][PASSED] - setText(findTestObject("Object Repository/Page_CURA Healthcare Service/input_Username_username"), "John Doe"): Text 'John Doe' is set on object 'Object Repository/Page_CURA Healthcare Service/input_Username_username'

28-05-2024T20:55:19 - [MESSAGE][PASSED] - Text 'John Doe' is set on object 'Object Repository/Page_CURA Healthcare Service/input_Username_username'

28-05-2024T20:55:19 - [TEST_STEP][PASSED] - setEncryptedText(findTestObject("Object Repository/Page_CURA Healthcare Service/input_Password_password"), "g3/DOGG74jC3Flrr3yH+3D/yKbOqqUNM"): Text ****** has been set on object 'Object Repository/Page_CURA Healthcare Service/input_Password_password'

28-05-2024T20:55:19 - [MESSAGE][PASSED] - Text ****** has been set on object 'Object Repository/Page_CURA Healthcare Service/input_Password_password'

28-05-2024T20:55:19 - [TEST_STEP][PASSED] - sendKeys(findTestObject("Object Repository/Page_CURA Healthcare Service/input_Password_password"), Keys.chord(ENTER)): Keys 'ENTER + ' sent to object: 'Object Repository/Page_CURA Healthcare Service/input_Password_password'

28-05-2024T20:55:20 - [MESSAGE][PASSED] - Keys 'ENTER + ' sent to object: 'Object Repository/Page_CURA Healthcare Service/input_Password_password'

28-05-2024T20:55:20 - [TEST_STEP][PASSED] - click(findTestObject("Object Repository/Page_CURA Healthcare Service/input_None_programs")): Object: 'Object Repository/Page_CURA Healthcare Service/input_None_programs' is clicked on

28-05-2024T20:55:21 - [MESSAGE][PASSED] - Object: 'Object Repository/Page_CURA Healthcare Service/input_None_programs' is clicked on

28-05-2024T20:55:21 - [TEST_STEP][PASSED] - verifyElementPresent(findTestObject("Object Repository/Page_CURA Healthcare Service/input_None_programs"), 0): Object 'Object Repository/Page_CURA Healthcare Service/input_None_programs' is present

28-05-2024T20:55:21 - [MESSAGE][WARNING] - Timeout '0' is invalid. Using default page load timeout: '30'

28-05-2024T20:55:21 - [MESSAGE][PASSED] - Object 'Object Repository/Page_CURA Healthcare Service/input_None_programs' is present

28-05-2024T20:55:21 - [TEST_STEP][PASSED] - closeBrowser(): Browser is closed

28-05-2024T20:55:21 - [MESSAGE][PASSED] - Browser is closed]]></system-out>
         <system-err><![CDATA[]]></system-err>
      </testcase>
      <testcase name="Test Cases/CURA Healthcare/Verify_Appointment_Form_Readmission_Checkbox" time="7.159" classname="Test Cases/CURA Healthcare/Verify_Appointment_Form_Readmission_Checkbox" status="PASSED">
         <system-out><![CDATA[28-05-2024T20:55:21 - [TEST_CASE][PASSED] - Test Cases/CURA Healthcare/Verify_Appointment_Form_Readmission_Checkbox: Test Cases/CURA Healthcare/Verify_Appointment_Form_Readmission_Checkbox

28-05-2024T20:55:21 - [TEST_STEP][PASSED] - openBrowser(""): Browser is opened with url: ''

28-05-2024T20:55:21 - [MESSAGE][INFO] - Starting 'Chrome' driver

28-05-2024T20:55:21 - [MESSAGE][INFO] - Action delay is set to 0 milliseconds

28-05-2024T20:55:22 - [MESSAGE][PASSED] - Browser is opened with url: ''

28-05-2024T20:55:22 - [TEST_STEP][PASSED] - navigateToUrl("https://katalon-demo-cura.herokuapp.com/profile.php#login"): Navigate to 'https://katalon-demo-cura.herokuapp.com/profile.php#login' successfully

28-05-2024T20:55:26 - [MESSAGE][PASSED] - Navigate to 'https://katalon-demo-cura.herokuapp.com/profile.php#login' successfully

28-05-2024T20:55:26 - [TEST_STEP][PASSED] - setText(findTestObject("Object Repository/Page_CURA Healthcare Service/input_Username_username"), "John Doe"): Text 'John Doe' is set on object 'Object Repository/Page_CURA Healthcare Service/input_Username_username'

28-05-2024T20:55:26 - [MESSAGE][PASSED] - Text 'John Doe' is set on object 'Object Repository/Page_CURA Healthcare Service/input_Username_username'

28-05-2024T20:55:26 - [TEST_STEP][PASSED] - setEncryptedText(findTestObject("Object Repository/Page_CURA Healthcare Service/input_Password_password"), "g3/DOGG74jC3Flrr3yH+3D/yKbOqqUNM"): Text ****** has been set on object 'Object Repository/Page_CURA Healthcare Service/input_Password_password'

28-05-2024T20:55:27 - [MESSAGE][PASSED] - Text ****** has been set on object 'Object Repository/Page_CURA Healthcare Service/input_Password_password'

28-05-2024T20:55:27 - [TEST_STEP][PASSED] - sendKeys(findTestObject("Object Repository/Page_CURA Healthcare Service/input_Password_password"), Keys.chord(ENTER)): Keys 'ENTER + ' sent to object: 'Object Repository/Page_CURA Healthcare Service/input_Password_password'

28-05-2024T20:55:28 - [MESSAGE][PASSED] - Keys 'ENTER + ' sent to object: 'Object Repository/Page_CURA Healthcare Service/input_Password_password'

28-05-2024T20:55:28 - [TEST_STEP][PASSED] - click(findTestObject("Object Repository/Page_CURA Healthcare Service/input_Apply for hospital readmission_hospit_63901f")): Object: 'Object Repository/Page_CURA Healthcare Service/input_Apply for hospital readmission_hospit_63901f' is clicked on

28-05-2024T20:55:28 - [MESSAGE][PASSED] - Object: 'Object Repository/Page_CURA Healthcare Service/input_Apply for hospital readmission_hospit_63901f' is clicked on

28-05-2024T20:55:28 - [TEST_STEP][PASSED] - verifyElementPresent(findTestObject("Object Repository/Page_CURA Healthcare Service/input_Apply for hospital readmission_hospit_63901f"), 0): Object 'Object Repository/Page_CURA Healthcare Service/input_Apply for hospital readmission_hospit_63901f' is present

28-05-2024T20:55:28 - [MESSAGE][WARNING] - Timeout '0' is invalid. Using default page load timeout: '30'

28-05-2024T20:55:28 - [MESSAGE][PASSED] - Object 'Object Repository/Page_CURA Healthcare Service/input_Apply for hospital readmission_hospit_63901f' is present

28-05-2024T20:55:28 - [TEST_STEP][PASSED] - closeBrowser(): Browser is closed

28-05-2024T20:55:28 - [MESSAGE][PASSED] - Browser is closed]]></system-out>
         <system-err><![CDATA[]]></system-err>
      </testcase>
      <testcase name="Test Cases/CURA Healthcare/Verify_Appointment_Form_Created_Successful" time="9.398" classname="Test Cases/CURA Healthcare/Verify_Appointment_Form_Created_Successful" status="PASSED">
         <system-out><![CDATA[28-05-2024T20:55:28 - [TEST_CASE][PASSED] - Test Cases/CURA Healthcare/Verify_Appointment_Form_Created_Successful: Test Cases/CURA Healthcare/Verify_Appointment_Form_Created_Successful

28-05-2024T20:55:29 - [TEST_STEP][PASSED] - openBrowser(""): Browser is opened with url: ''

28-05-2024T20:55:29 - [MESSAGE][INFO] - Starting 'Chrome' driver

28-05-2024T20:55:29 - [MESSAGE][INFO] - Action delay is set to 0 milliseconds

28-05-2024T20:55:29 - [MESSAGE][PASSED] - Browser is opened with url: ''

28-05-2024T20:55:29 - [TEST_STEP][PASSED] - navigateToUrl("https://katalon-demo-cura.herokuapp.com/profile.php#login"): Navigate to 'https://katalon-demo-cura.herokuapp.com/profile.php#login' successfully

28-05-2024T20:55:32 - [MESSAGE][PASSED] - Navigate to 'https://katalon-demo-cura.herokuapp.com/profile.php#login' successfully

28-05-2024T20:55:32 - [TEST_STEP][PASSED] - setText(findTestObject("Object Repository/Page_CURA Healthcare Service/input_Username_username"), "John Doe"): Text 'John Doe' is set on object 'Object Repository/Page_CURA Healthcare Service/input_Username_username'

28-05-2024T20:55:33 - [MESSAGE][PASSED] - Text 'John Doe' is set on object 'Object Repository/Page_CURA Healthcare Service/input_Username_username'

28-05-2024T20:55:33 - [TEST_STEP][PASSED] - setEncryptedText(findTestObject("Object Repository/Page_CURA Healthcare Service/input_Password_password"), "g3/DOGG74jC3Flrr3yH+3D/yKbOqqUNM"): Text ****** has been set on object 'Object Repository/Page_CURA Healthcare Service/input_Password_password'

28-05-2024T20:55:33 - [MESSAGE][PASSED] - Text ****** has been set on object 'Object Repository/Page_CURA Healthcare Service/input_Password_password'

28-05-2024T20:55:33 - [TEST_STEP][PASSED] - sendKeys(findTestObject("Object Repository/Page_CURA Healthcare Service/input_Password_password"), Keys.chord(ENTER)): Keys 'ENTER + ' sent to object: 'Object Repository/Page_CURA Healthcare Service/input_Password_password'

28-05-2024T20:55:34 - [MESSAGE][PASSED] - Keys 'ENTER + ' sent to object: 'Object Repository/Page_CURA Healthcare Service/input_Password_password'

28-05-2024T20:55:34 - [TEST_STEP][PASSED] - click(findTestObject("Object Repository/Page_CURA Healthcare Service/input_Apply for hospital readmission_hospit_63901f")): Object: 'Object Repository/Page_CURA Healthcare Service/input_Apply for hospital readmission_hospit_63901f' is clicked on

28-05-2024T20:55:35 - [MESSAGE][PASSED] - Object: 'Object Repository/Page_CURA Healthcare Service/input_Apply for hospital readmission_hospit_63901f' is clicked on

28-05-2024T20:55:35 - [TEST_STEP][PASSED] - click(findTestObject("Object Repository/Page_CURA Healthcare Service/span_Visit Date (Required)_glyphicon glyphi_cada34")): Object: 'Object Repository/Page_CURA Healthcare Service/span_Visit Date (Required)_glyphicon glyphi_cada34' is clicked on

28-05-2024T20:55:35 - [MESSAGE][PASSED] - Object: 'Object Repository/Page_CURA Healthcare Service/span_Visit Date (Required)_glyphicon glyphi_cada34' is clicked on

28-05-2024T20:55:35 - [TEST_STEP][PASSED] - click(findTestObject("Object Repository/Page_CURA Healthcare Service/td_31")): Object: 'Object Repository/Page_CURA Healthcare Service/td_31' is clicked on

28-05-2024T20:55:35 - [MESSAGE][PASSED] - Object: 'Object Repository/Page_CURA Healthcare Service/td_31' is clicked on

28-05-2024T20:55:35 - [TEST_STEP][PASSED] - setText(findTestObject("Object Repository/Page_CURA Healthcare Service/textarea_Comment_comment"), "Name: HetTV"): Text 'Name: HetTV' is set on object 'Object Repository/Page_CURA Healthcare Service/textarea_Comment_comment'

28-05-2024T20:55:36 - [MESSAGE][PASSED] - Text 'Name: HetTV' is set on object 'Object Repository/Page_CURA Healthcare Service/textarea_Comment_comment'

28-05-2024T20:55:36 - [TEST_STEP][PASSED] - click(findTestObject("Object Repository/Page_CURA Healthcare Service/button_Book Appointment")): Object: 'Object Repository/Page_CURA Healthcare Service/button_Book Appointment' is clicked on

28-05-2024T20:55:37 - [MESSAGE][PASSED] - Object: 'Object Repository/Page_CURA Healthcare Service/button_Book Appointment' is clicked on

28-05-2024T20:55:37 - [TEST_STEP][PASSED] - verifyElementVisible(findTestObject("Object Repository/Page_CURA Healthcare Service/div_Appointment Confirmation               _7d61e7")): Object 'Object Repository/Page_CURA Healthcare Service/div_Appointment Confirmation               _7d61e7' is visible

28-05-2024T20:55:37 - [MESSAGE][PASSED] - Object 'Object Repository/Page_CURA Healthcare Service/div_Appointment Confirmation               _7d61e7' is visible

28-05-2024T20:55:37 - [TEST_STEP][PASSED] - verifyElementText(findTestObject("Object Repository/Page_CURA Healthcare Service/p_Name HetTV"), "Name: HetTV"): Actual text and expected text of test object 'Object Repository/Page_CURA Healthcare Service/p_Name HetTV' are matched.

28-05-2024T20:55:38 - [MESSAGE][PASSED] - Actual text and expected text of test object 'Object Repository/Page_CURA Healthcare Service/p_Name HetTV' are matched.

28-05-2024T20:55:38 - [TEST_STEP][PASSED] - closeBrowser(): Browser is closed

28-05-2024T20:55:38 - [MESSAGE][PASSED] - Browser is closed]]></system-out>
         <system-err><![CDATA[]]></system-err>
      </testcase>
      <system-out><![CDATA[28-05-2024T20:54:32 - [TEST_SUITE][PASSED] - Verify_Appointment_Form: Test Cases/CURA Healthcare/Verify_Appointment_Form_Created_Successful]]></system-out>
      <system-err><![CDATA[]]></system-err>
   </testsuite>
</testsuites>
