<?xml version="1.0" encoding="UTF-8"?>
<testsuites name="Verify_Clickable_Bottom_To_Top" time="13.441" tests="2" failures="0" errors="0">
   <testsuite name="Verify_Clickable_Bottom_To_Top" tests="2" failures="0" errors="0" time="13.441" skipped="0" timestamp="29-05-2024T22:18:40" hostname="PC - DESKTOP-EVNNDTO" id="Test Suites/CURA Healthcare/Verify_Clickable_Bottom_To_Top">
      <properties>
         <property name="deviceName" value=""/>
         <property name="devicePlatform" value=""/>
         <property name="logFolder" value="C:\\Users\\PC\\git\\katalon-first-project\\Reports\\20240529_221809\\CURA Healthcare\\Verify_Clickable_Bottom_To_Top\\20240529_221814"/>
         <property name="logFiles" value="C:\\Users\\PC\\git\\katalon-first-project\\Reports\\20240529_221809\\CURA Healthcare\\Verify_Clickable_Bottom_To_Top\\20240529_221814\\execution0.log"/>
         <property name="attachments" value=""/>
         <property name="hostName" value="PC - DESKTOP-EVNNDTO"/>
         <property name="os" value="Windows 11 64bit"/>
         <property name="katalonVersion" value="9.4.0.212"/>
         <property name="browser" value="Chrome 125.0.0.0"/>
         <property name="hostAddress" value="192.168.1.156"/>
         <property name="sessionId" value="6dda6e22ad12d26480bef8e1ad5f7db4"/>
         <property name="seleniumVersion" value="3.141.59"/>
         <property name="proxyInformation" value="ProxyInformation { proxyOption=NO_PROXY, proxyServerType=HTTP, username=, password=********, proxyServerAddress=, proxyServerPort=0, executionList=&quot;&quot;, isApplyToDesiredCapabilities=true }"/>
         <property name="platform" value="Windows 11"/>
      </properties>
      <testcase name="Test Cases/CURA Healthcare/Verify_Clickable_To_Top_Button" time="6.875" classname="Test Cases/CURA Healthcare/Verify_Clickable_To_Top_Button" status="PASSED">
         <system-out><![CDATA[29-05-2024T22:18:40 - [TEST_CASE][PASSED] - Test Cases/CURA Healthcare/Verify_Clickable_To_Top_Button: Test Cases/CURA Healthcare/Verify_Clickable_To_Top_Button

29-05-2024T22:18:41 - [TEST_STEP][PASSED] - openBrowser(""): Browser is opened with url: ''

29-05-2024T22:18:41 - [MESSAGE][INFO] - Starting 'Chrome' driver

29-05-2024T22:18:41 - [MESSAGE][INFO] - Action delay is set to 0 milliseconds

29-05-2024T22:18:43 - [MESSAGE][PASSED] - Browser is opened with url: ''

29-05-2024T22:18:43 - [TEST_STEP][PASSED] - navigateToUrl("https://katalon-demo-cura.herokuapp.com/"): Navigate to 'https://katalon-demo-cura.herokuapp.com/' successfully

29-05-2024T22:18:46 - [MESSAGE][PASSED] - Navigate to 'https://katalon-demo-cura.herokuapp.com/' successfully

29-05-2024T22:18:46 - [TEST_STEP][PASSED] - scrollToElement(findTestObject("Object Repository/Page_CURA Healthcare Service/p_Copyright  CURA Healthcare Service 2024"), 0): Scroll to object 'Object Repository/Page_CURA Healthcare Service/p_Copyright  CURA Healthcare Service 2024' successfully

29-05-2024T22:18:46 - [MESSAGE][WARNING] - Timeout '0' is invalid. Using default page load timeout: '30'

29-05-2024T22:18:47 - [MESSAGE][PASSED] - Scroll to object 'Object Repository/Page_CURA Healthcare Service/p_Copyright  CURA Healthcare Service 2024' successfully

29-05-2024T22:18:47 - [TEST_STEP][PASSED] - closeBrowser(): Browser is closed

29-05-2024T22:18:47 - [MESSAGE][PASSED] - Browser is closed]]></system-out>
         <system-err><![CDATA[]]></system-err>
      </testcase>
      <testcase name="Test Cases/CURA Healthcare/Verify_Click_To_Top_Botton" time="6.338" classname="Test Cases/CURA Healthcare/Verify_Click_To_Top_Botton" status="PASSED">
         <system-out><![CDATA[29-05-2024T22:18:47 - [TEST_CASE][PASSED] - Test Cases/CURA Healthcare/Verify_Click_To_Top_Botton: Test Cases/CURA Healthcare/Verify_Click_To_Top_Botton

29-05-2024T22:18:47 - [TEST_STEP][PASSED] - openBrowser(""): Browser is opened with url: ''

29-05-2024T22:18:47 - [MESSAGE][INFO] - Starting 'Chrome' driver

29-05-2024T22:18:47 - [MESSAGE][INFO] - Action delay is set to 0 milliseconds

29-05-2024T22:18:48 - [MESSAGE][PASSED] - Browser is opened with url: ''

29-05-2024T22:18:48 - [TEST_STEP][PASSED] - navigateToUrl("https://katalon-demo-cura.herokuapp.com/"): Navigate to 'https://katalon-demo-cura.herokuapp.com/' successfully

29-05-2024T22:18:52 - [MESSAGE][PASSED] - Navigate to 'https://katalon-demo-cura.herokuapp.com/' successfully

29-05-2024T22:18:52 - [TEST_STEP][PASSED] - scrollToElement(findTestObject("Object Repository/Page_CURA Healthcare Service/p_Copyright  CURA Healthcare Service 2024"), 0): Scroll to object 'Object Repository/Page_CURA Healthcare Service/p_Copyright  CURA Healthcare Service 2024' successfully

29-05-2024T22:18:52 - [MESSAGE][WARNING] - Timeout '0' is invalid. Using default page load timeout: '30'

29-05-2024T22:18:52 - [MESSAGE][PASSED] - Scroll to object 'Object Repository/Page_CURA Healthcare Service/p_Copyright  CURA Healthcare Service 2024' successfully

29-05-2024T22:18:52 - [TEST_STEP][PASSED] - closeBrowser(): Browser is closed

29-05-2024T22:18:53 - [MESSAGE][PASSED] - Browser is closed]]></system-out>
         <system-err><![CDATA[]]></system-err>
      </testcase>
      <system-out><![CDATA[29-05-2024T22:18:40 - [TEST_SUITE][PASSED] - Verify_Clickable_Bottom_To_Top: Test Cases/CURA Healthcare/Verify_Click_To_Top_Botton]]></system-out>
      <system-err><![CDATA[]]></system-err>
   </testsuite>
</testsuites>
