<?xml version="1.0" encoding="UTF-8"?>
<testsuites name="Verify_Footer" time="53.402" tests="4" failures="0" errors="0">
   <testsuite name="Verify_Footer" tests="4" failures="0" errors="0" time="53.402" skipped="0" timestamp="28-05-2024T20:54:38" hostname="PC - DESKTOP-EVNNDTO" id="Test Suites/CURA Healthcare/Verify_Footer">
      <properties>
         <property name="deviceName" value=""/>
         <property name="devicePlatform" value=""/>
         <property name="logFolder" value="C:\\Users\\PC\\git\\katalon-first-project\\Reports\\20240528_205410\\CURA Healthcare\\Verify_Footer\\20240528_205416"/>
         <property name="logFiles" value="C:\\Users\\PC\\git\\katalon-first-project\\Reports\\20240528_205410\\CURA Healthcare\\Verify_Footer\\20240528_205416\\execution0.log"/>
         <property name="attachments" value=""/>
         <property name="hostName" value="PC - DESKTOP-EVNNDTO"/>
         <property name="os" value="Windows 11 64bit"/>
         <property name="katalonVersion" value="9.4.0.212"/>
         <property name="browser" value="Chrome 125.0.0.0"/>
         <property name="hostAddress" value="192.168.1.156"/>
         <property name="sessionId" value="727e21ecfbec1a5071f0f1575b769aea"/>
         <property name="seleniumVersion" value="3.141.59"/>
         <property name="proxyInformation" value="ProxyInformation { proxyOption=NO_PROXY, proxyServerType=HTTP, username=, password=********, proxyServerAddress=, proxyServerPort=0, executionList=&quot;&quot;, isApplyToDesiredCapabilities=true }"/>
         <property name="platform" value="Windows 11"/>
      </properties>
      <testcase name="Test Cases/CURA Healthcare/Verify_Footer_Copyright" time="8.25" classname="Test Cases/CURA Healthcare/Verify_Footer_Copyright" status="PASSED">
         <system-out><![CDATA[28-05-2024T20:54:38 - [TEST_CASE][PASSED] - Test Cases/CURA Healthcare/Verify_Footer_Copyright: Test Cases/CURA Healthcare/Verify_Footer_Copyright

28-05-2024T20:54:39 - [TEST_STEP][PASSED] - openBrowser(""): Browser is opened with url: ''

28-05-2024T20:54:40 - [MESSAGE][INFO] - Starting 'Chrome' driver

28-05-2024T20:54:40 - [MESSAGE][INFO] - Action delay is set to 0 milliseconds

28-05-2024T20:54:42 - [MESSAGE][PASSED] - Browser is opened with url: ''

28-05-2024T20:54:42 - [TEST_STEP][PASSED] - navigateToUrl("https://katalon-demo-cura.herokuapp.com/"): Navigate to 'https://katalon-demo-cura.herokuapp.com/' successfully

28-05-2024T20:54:45 - [MESSAGE][PASSED] - Navigate to 'https://katalon-demo-cura.herokuapp.com/' successfully

28-05-2024T20:54:45 - [TEST_STEP][PASSED] - verifyElementPresent(findTestObject("Page_CURA Healthcare Service/p_Copyright  CURA Healthcare Service 2024"), 0): Object 'Object Repository/Page_CURA Healthcare Service/p_Copyright  CURA Healthcare Service 2024' is present

28-05-2024T20:54:46 - [MESSAGE][WARNING] - Timeout '0' is invalid. Using default page load timeout: '30'

28-05-2024T20:54:46 - [MESSAGE][PASSED] - Object 'Object Repository/Page_CURA Healthcare Service/p_Copyright  CURA Healthcare Service 2024' is present

28-05-2024T20:54:46 - [TEST_STEP][PASSED] - closeBrowser(): Browser is closed

28-05-2024T20:54:46 - [MESSAGE][PASSED] - Browser is closed]]></system-out>
         <system-err><![CDATA[]]></system-err>
      </testcase>
      <testcase name="Test Cases/CURA Healthcare/Verify_Footer_Email" time="5.452" classname="Test Cases/CURA Healthcare/Verify_Footer_Email" status="PASSED">
         <system-out><![CDATA[28-05-2024T20:54:46 - [TEST_CASE][PASSED] - Test Cases/CURA Healthcare/Verify_Footer_Email: Test Cases/CURA Healthcare/Verify_Footer_Email

28-05-2024T20:54:46 - [TEST_STEP][PASSED] - openBrowser(""): Browser is opened with url: ''

28-05-2024T20:54:46 - [MESSAGE][INFO] - Starting 'Chrome' driver

28-05-2024T20:54:46 - [MESSAGE][INFO] - Action delay is set to 0 milliseconds

28-05-2024T20:54:47 - [MESSAGE][PASSED] - Browser is opened with url: ''

28-05-2024T20:54:47 - [TEST_STEP][PASSED] - navigateToUrl("https://katalon-demo-cura.herokuapp.com/"): Navigate to 'https://katalon-demo-cura.herokuapp.com/' successfully

28-05-2024T20:54:51 - [MESSAGE][PASSED] - Navigate to 'https://katalon-demo-cura.herokuapp.com/' successfully

28-05-2024T20:54:51 - [TEST_STEP][PASSED] - verifyElementPresent(findTestObject("Page_CURA Healthcare Service/a_infokatalon.com"), 0): Object 'Object Repository/Page_CURA Healthcare Service/a_infokatalon.com' is present

28-05-2024T20:54:51 - [MESSAGE][WARNING] - Timeout '0' is invalid. Using default page load timeout: '30'

28-05-2024T20:54:51 - [MESSAGE][PASSED] - Object 'Object Repository/Page_CURA Healthcare Service/a_infokatalon.com' is present

28-05-2024T20:54:51 - [TEST_STEP][PASSED] - closeBrowser(): Browser is closed

28-05-2024T20:54:52 - [MESSAGE][PASSED] - Browser is closed]]></system-out>
         <system-err><![CDATA[]]></system-err>
      </testcase>
      <testcase name="Test Cases/CURA Healthcare/Verify_Phone_Number" time="35.401" classname="Test Cases/CURA Healthcare/Verify_Phone_Number" status="PASSED">
         <system-out><![CDATA[28-05-2024T20:54:52 - [TEST_CASE][PASSED] - Test Cases/CURA Healthcare/Verify_Phone_Number: Test Cases/CURA Healthcare/Verify_Phone_Number

28-05-2024T20:54:52 - [TEST_STEP][PASSED] - openBrowser(""): Browser is opened with url: ''

28-05-2024T20:54:52 - [MESSAGE][INFO] - Starting 'Chrome' driver

28-05-2024T20:54:52 - [MESSAGE][INFO] - Action delay is set to 0 milliseconds

28-05-2024T20:54:52 - [MESSAGE][PASSED] - Browser is opened with url: ''

28-05-2024T20:54:52 - [TEST_STEP][PASSED] - navigateToUrl("https://katalon-demo-cura.herokuapp.com/"): Navigate to 'https://katalon-demo-cura.herokuapp.com/' successfully

28-05-2024T20:54:55 - [MESSAGE][PASSED] - Navigate to 'https://katalon-demo-cura.herokuapp.com/' successfully

28-05-2024T20:54:55 - [TEST_STEP][PASSED] - verifyElementText(findTestObject("Object Repository/Page_CURA Healthcare Service/li_(678) 813-1KMS"), "(678) 813-1KMS"): Actual text and expected text of test object 'Object Repository/Page_CURA Healthcare Service/li_(678) 813-1KMS' are matched.

28-05-2024T20:55:27 - [MESSAGE][INFO] - Unable to find the element located by 'By.xpath: //*[(text() = '(678) 813-1KMS' or . = '(678) 813-1KMS')]'. Please recheck the objects properties to make sure the desired element is located. 

28-05-2024T20:55:27 - [MESSAGE][WARNING] - [SELF-HEALING] Failed to find element with id 'Object Repository/Page_CURA Healthcare Service/li_(678) 813-1KMS'. Try using Self-healing.

28-05-2024T20:55:27 - [MESSAGE][WARNING] - [SELF-HEALING] The current locator of test object 'Object Repository/Page_CURA Healthcare Service/li_(678) 813-1KMS' was broken. Propose an alternative one: '(.//*[normalize-space(text()) and normalize-space(.)='CURA Healthcare Service'])[3]/following::li[1]'.

28-05-2024T20:55:27 - [MESSAGE][WARNING] - [SELF-HEALING] Cannot save screenshot to: C:\Users\PC\git\katalon-first-project\Reports\20240528_205410\CURA Healthcare\Verify_Footer\20240528_205416, reason: Source 'C:\Users\PC\git\katalon-first-project\Reports\Self-healing\Object Repository\Page_CURA Healthcare Service\li_(678) 813-1KMS_XPATH.png' does not exist.

28-05-2024T20:55:27 - [MESSAGE][PASSED] - Actual text and expected text of test object 'Object Repository/Page_CURA Healthcare Service/li_(678) 813-1KMS' are matched.

28-05-2024T20:55:27 - [TEST_STEP][PASSED] - closeBrowser(): Browser is closed

28-05-2024T20:55:27 - [MESSAGE][PASSED] - Browser is closed]]></system-out>
         <system-err><![CDATA[]]></system-err>
      </testcase>
      <testcase name="Test Cases/CURA Healthcare/Verify_Address" time="3.986" classname="Test Cases/CURA Healthcare/Verify_Address" status="PASSED">
         <system-out><![CDATA[28-05-2024T20:55:27 - [TEST_CASE][PASSED] - Test Cases/CURA Healthcare/Verify_Address: Test Cases/CURA Healthcare/Verify_Address

28-05-2024T20:55:27 - [TEST_STEP][PASSED] - openBrowser(""): Browser is opened with url: ''

28-05-2024T20:55:27 - [MESSAGE][INFO] - Starting 'Chrome' driver

28-05-2024T20:55:27 - [MESSAGE][INFO] - Action delay is set to 0 milliseconds

28-05-2024T20:55:28 - [MESSAGE][PASSED] - Browser is opened with url: ''

28-05-2024T20:55:28 - [TEST_STEP][PASSED] - navigateToUrl("https://katalon-demo-cura.herokuapp.com/"): Navigate to 'https://katalon-demo-cura.herokuapp.com/' successfully

28-05-2024T20:55:30 - [MESSAGE][PASSED] - Navigate to 'https://katalon-demo-cura.herokuapp.com/' successfully

28-05-2024T20:55:30 - [TEST_STEP][PASSED] - verifyElementVisible(findTestObject("Object Repository/Page_CURA Healthcare Service/p_Atlanta 550 Pharr Road NE Suite 525Atlant_8f4c85")): Object 'Object Repository/Page_CURA Healthcare Service/p_Atlanta 550 Pharr Road NE Suite 525Atlant_8f4c85' is visible

28-05-2024T20:55:31 - [MESSAGE][PASSED] - Object 'Object Repository/Page_CURA Healthcare Service/p_Atlanta 550 Pharr Road NE Suite 525Atlant_8f4c85' is visible

28-05-2024T20:55:31 - [TEST_STEP][PASSED] - closeBrowser(): Browser is closed

28-05-2024T20:55:31 - [MESSAGE][PASSED] - Browser is closed]]></system-out>
         <system-err><![CDATA[]]></system-err>
      </testcase>
      <system-out><![CDATA[28-05-2024T20:54:38 - [TEST_SUITE][PASSED] - Verify_Footer: Test Cases/CURA Healthcare/Verify_Address]]></system-out>
      <system-err><![CDATA[]]></system-err>
   </testsuite>
</testsuites>
